2021-06-22 00:56:31.995 -INFO 18694 [           main] com.tsinghua.course.CourseApplication : Starting CourseApplication using Java 15.0.1 on wujun-MacBookPro.local with PID 18694 (/Users/wujun/Desktop/im/Backend/course/target/classes started by wujun in /Users/wujun/Desktop/im/Backend/course)
2021-06-22 00:56:31.998 -DEBUG 18694 [           main] com.tsinghua.course.CourseApplication : Running with Spring Boot v2.4.2, Spring v5.3.3
2021-06-22 00:56:31.999 -INFO 18694 [           main] com.tsinghua.course.CourseApplication : No active profile set, falling back to default profiles: default
2021-06-22 00:56:33.064 -INFO 18694 [           main] org.springframework.data.repository.config.RepositoryConfigurationDelegate : Multiple Spring Data modules found, entering strict repository configuration mode!
2021-06-22 00:56:33.065 -INFO 18694 [           main] org.springframework.data.repository.config.RepositoryConfigurationDelegate : Bootstrapping Spring Data MongoDB repositories in DEFAULT mode.
2021-06-22 00:56:33.117 -INFO 18694 [           main] org.springframework.data.repository.config.RepositoryConfigurationDelegate : Finished Spring Data repository scanning in 47 ms. Found 0 MongoDB repository interfaces.
2021-06-22 00:56:33.138 -INFO 18694 [           main] org.springframework.data.repository.config.RepositoryConfigurationDelegate : Multiple Spring Data modules found, entering strict repository configuration mode!
2021-06-22 00:56:33.140 -INFO 18694 [           main] org.springframework.data.repository.config.RepositoryConfigurationDelegate : Bootstrapping Spring Data Redis repositories in DEFAULT mode.
2021-06-22 00:56:33.173 -INFO 18694 [           main] org.springframework.data.repository.config.RepositoryConfigurationDelegate : Finished Spring Data repository scanning in 13 ms. Found 0 Redis repository interfaces.
2021-06-22 00:56:34.179 -INFO 18694 [           main] org.springframework.boot.web.embedded.tomcat.TomcatWebServer : Tomcat initialized with port(s): 8080 (http)
2021-06-22 00:56:34.205 -INFO 18694 [           main] org.apache.coyote.http11.Http11NioProtocol : Initializing ProtocolHandler ["http-nio-8080"]
2021-06-22 00:56:34.207 -INFO 18694 [           main] org.apache.catalina.core.StandardService : Starting service [Tomcat]
2021-06-22 00:56:34.209 -INFO 18694 [           main] org.apache.catalina.core.StandardEngine : Starting Servlet engine: [Apache Tomcat/9.0.41]
2021-06-22 00:56:34.365 -INFO 18694 [           main] org.apache.catalina.core.ContainerBase.[Tomcat].[localhost].[/] : Initializing Spring embedded WebApplicationContext
2021-06-22 00:56:34.366 -INFO 18694 [           main] org.springframework.boot.web.servlet.context.ServletWebServerApplicationContext : Root WebApplicationContext: initialization completed in 2288 ms
2021-06-22 00:56:34.534 -INFO 18694 [           main] org.mongodb.driver.cluster : Cluster created with settings {hosts=[localhost:27017], mode=SINGLE, requiredClusterType=UNKNOWN, serverSelectionTimeout='30000 ms'}
2021-06-22 00:56:34.590 -INFO 18694 [localhost:27017] org.mongodb.driver.connection : Opened connection [connectionId{localValue:2, serverValue:102}] to localhost:27017
2021-06-22 00:56:34.590 -INFO 18694 [localhost:27017] org.mongodb.driver.connection : Opened connection [connectionId{localValue:1, serverValue:101}] to localhost:27017
2021-06-22 00:56:34.590 -INFO 18694 [localhost:27017] org.mongodb.driver.cluster : Monitor thread successfully connected to server with description ServerDescription{address=localhost:27017, type=STANDALONE, state=CONNECTED, ok=true, minWireVersion=0, maxWireVersion=2, maxDocumentSize=16777216, logicalSessionTimeoutMinutes=null, roundTripTimeNanos=20043911}
2021-06-22 00:56:35.133 -INFO 18694 [           main] org.quartz.impl.StdSchedulerFactory : Using default implementation for ThreadExecutor
2021-06-22 00:56:35.149 -INFO 18694 [           main] org.quartz.core.SchedulerSignalerImpl : Initialized Scheduler Signaller of type: class org.quartz.core.SchedulerSignalerImpl
2021-06-22 00:56:35.149 -INFO 18694 [           main] org.quartz.core.QuartzScheduler : Quartz Scheduler v.2.3.2 created.
2021-06-22 00:56:35.149 -INFO 18694 [           main] org.quartz.simpl.RAMJobStore : RAMJobStore initialized.
2021-06-22 00:56:35.150 -INFO 18694 [           main] org.quartz.core.QuartzScheduler : Scheduler meta-data: Quartz Scheduler (v2.3.2) 'quartzScheduler' with instanceId 'NON_CLUSTERED'
  Scheduler class: 'org.quartz.core.QuartzScheduler' - running locally.
  NOT STARTED.
  Currently in standby mode.
  Number of jobs executed: 0
  Using thread pool 'org.quartz.simpl.SimpleThreadPool' - with 10 threads.
  Using job-store 'org.quartz.simpl.RAMJobStore' - which does not support persistence. and is not clustered.

2021-06-22 00:56:35.150 -INFO 18694 [           main] org.quartz.impl.StdSchedulerFactory : Quartz scheduler 'quartzScheduler' initialized from an externally provided properties instance.
2021-06-22 00:56:35.150 -INFO 18694 [           main] org.quartz.impl.StdSchedulerFactory : Quartz scheduler version: 2.3.2
2021-06-22 00:56:35.150 -INFO 18694 [           main] org.quartz.core.QuartzScheduler : JobFactory set to: org.springframework.scheduling.quartz.SpringBeanJobFactory@5fb5ad40
2021-06-22 00:56:35.268 -INFO 18694 [           main] org.springframework.scheduling.concurrent.ThreadPoolTaskExecutor : Initializing ExecutorService 'applicationTaskExecutor'
2021-06-22 00:56:35.468 -INFO 18694 [           main] org.apache.coyote.http11.Http11NioProtocol : Starting ProtocolHandler ["http-nio-8080"]
2021-06-22 00:56:35.492 -INFO 18694 [           main] org.springframework.boot.web.embedded.tomcat.TomcatWebServer : Tomcat started on port(s): 8080 (http) with context path ''
2021-06-22 00:56:35.493 -INFO 18694 [           main] org.springframework.scheduling.quartz.SchedulerFactoryBean : Starting Quartz Scheduler now
2021-06-22 00:56:35.493 -INFO 18694 [           main] org.quartz.core.QuartzScheduler : Scheduler quartzScheduler_$_NON_CLUSTERED started.
2021-06-22 00:56:35.503 -INFO 18694 [           main] com.tsinghua.course.CourseApplication : Started CourseApplication in 3.967 seconds (JVM running for 5.427)
2021-06-22 00:56:44.321 -INFO 18694 [ntLoopGroup-7-1] org.reflections.Reflections : Reflections took 22 ms to scan 1 urls, producing 4 keys and 57 values 
2021-06-22 00:56:44.393 -WARN 18694 [ntLoopGroup-7-1] com.tsinghua.course.CourseApplication : null-CONTACT_LIST-{"bizType":"CONTACT_LIST"}-UserWarn002-com.tsinghua.course.Biz.Controller.ContactController$$EnhancerBySpringCGLIB$$7cb91df1#AllContact#-1/
2021-06-22 00:58:06.276 -INFO 18694 [ntLoopGroup-7-2] org.reflections.Reflections : Reflections took 24 ms to scan 1 urls, producing 4 keys and 57 values 
2021-06-22 00:58:06.336 -INFO 18694 [ntLoopGroup-7-2] org.mongodb.driver.connection : Opened connection [connectionId{localValue:3, serverValue:103}] to localhost:27017
2021-06-22 00:58:06.641 -INFO 18694 [ntLoopGroup-7-3] org.reflections.Reflections : Reflections took 5 ms to scan 1 urls, producing 4 keys and 57 values 
2021-06-22 00:58:06.717 -INFO 18694 [ntLoopGroup-7-4] org.reflections.Reflections : Reflections took 5 ms to scan 1 urls, producing 4 keys and 57 values 
2021-06-22 00:58:08.157 -INFO 18694 [ntLoopGroup-7-5] org.reflections.Reflections : Reflections took 5 ms to scan 1 urls, producing 4 keys and 57 values 
2021-06-22 00:58:08.244 -INFO 18694 [ntLoopGroup-7-6] org.reflections.Reflections : Reflections took 4 ms to scan 1 urls, producing 4 keys and 57 values 
2021-06-22 00:58:57.674 -INFO 18694 [ntLoopGroup-7-7] org.reflections.Reflections : Reflections took 16 ms to scan 1 urls, producing 4 keys and 57 values 
2021-06-22 00:58:58.004 -INFO 18694 [ntLoopGroup-7-8] org.reflections.Reflections : Reflections took 4 ms to scan 1 urls, producing 4 keys and 57 values 
2021-06-22 00:58:58.054 -INFO 18694 [ntLoopGroup-7-9] org.reflections.Reflections : Reflections took 4 ms to scan 1 urls, producing 4 keys and 57 values 
2021-06-22 00:58:59.066 -INFO 18694 [tLoopGroup-7-10] org.reflections.Reflections : Reflections took 4 ms to scan 1 urls, producing 4 keys and 57 values 
2021-06-22 00:58:59.146 -INFO 18694 [tLoopGroup-7-11] org.reflections.Reflections : Reflections took 9 ms to scan 1 urls, producing 4 keys and 57 values 
2021-06-22 02:13:23.434 -INFO 18694 [tLoopGroup-7-12] org.reflections.Reflections : Reflections took 31 ms to scan 1 urls, producing 4 keys and 57 values 
2021-06-22 02:13:23.790 -INFO 18694 [tLoopGroup-7-13] org.reflections.Reflections : Reflections took 8 ms to scan 1 urls, producing 4 keys and 57 values 
2021-06-22 02:13:23.869 -INFO 18694 [tLoopGroup-7-14] org.reflections.Reflections : Reflections took 8 ms to scan 1 urls, producing 4 keys and 57 values 
2021-06-22 02:13:24.950 -INFO 18694 [tLoopGroup-7-15] org.reflections.Reflections : Reflections took 16 ms to scan 1 urls, producing 4 keys and 57 values 
2021-06-22 02:13:25.056 -INFO 18694 [tLoopGroup-7-16] org.reflections.Reflections : Reflections took 9 ms to scan 1 urls, producing 4 keys and 57 values 
2021-06-22 02:18:26.016 -INFO 18694 [tLoopGroup-7-17] org.reflections.Reflections : Reflections took 28 ms to scan 1 urls, producing 4 keys and 57 values 
2021-06-22 02:18:26.467 -INFO 18694 [tLoopGroup-7-18] org.reflections.Reflections : Reflections took 18 ms to scan 1 urls, producing 4 keys and 57 values 
2021-06-22 02:18:26.614 -INFO 18694 [tLoopGroup-7-19] org.reflections.Reflections : Reflections took 71 ms to scan 1 urls, producing 4 keys and 57 values 
2021-06-22 02:18:27.498 -INFO 18694 [tLoopGroup-7-20] org.reflections.Reflections : Reflections took 7 ms to scan 1 urls, producing 4 keys and 57 values 
2021-06-22 02:18:27.608 -INFO 18694 [tLoopGroup-7-21] org.reflections.Reflections : Reflections took 6 ms to scan 1 urls, producing 4 keys and 57 values 
2021-06-22 02:19:43.933 -INFO 18694 [tLoopGroup-7-22] org.reflections.Reflections : Reflections took 16 ms to scan 1 urls, producing 4 keys and 57 values 
2021-06-22 02:19:44.232 -INFO 18694 [tLoopGroup-7-23] org.reflections.Reflections : Reflections took 6 ms to scan 1 urls, producing 4 keys and 57 values 
2021-06-22 02:19:44.349 -INFO 18694 [tLoopGroup-7-24] org.reflections.Reflections : Reflections took 5 ms to scan 1 urls, producing 4 keys and 57 values 
2021-06-22 02:19:45.221 -INFO 18694 [tLoopGroup-7-25] org.reflections.Reflections : Reflections took 5 ms to scan 1 urls, producing 4 keys and 57 values 
2021-06-22 02:19:45.309 -INFO 18694 [tLoopGroup-7-26] org.reflections.Reflections : Reflections took 6 ms to scan 1 urls, producing 4 keys and 57 values 
2021-06-22 02:20:51.514 -INFO 18694 [tLoopGroup-7-27] org.reflections.Reflections : Reflections took 21 ms to scan 1 urls, producing 4 keys and 57 values 
2021-06-22 02:20:51.793 -INFO 18694 [tLoopGroup-7-28] org.reflections.Reflections : Reflections took 5 ms to scan 1 urls, producing 4 keys and 57 values 
2021-06-22 02:20:51.856 -INFO 18694 [tLoopGroup-7-29] org.reflections.Reflections : Reflections took 7 ms to scan 1 urls, producing 4 keys and 57 values 
2021-06-22 02:20:52.783 -INFO 18694 [tLoopGroup-7-30] org.reflections.Reflections : Reflections took 6 ms to scan 1 urls, producing 4 keys and 57 values 
2021-06-22 02:20:52.858 -INFO 18694 [tLoopGroup-7-31] org.reflections.Reflections : Reflections took 7 ms to scan 1 urls, producing 4 keys and 57 values 
2021-06-22 02:22:30.234 -INFO 18694 [tLoopGroup-7-32] org.reflections.Reflections : Reflections took 25 ms to scan 1 urls, producing 4 keys and 57 values 
2021-06-22 02:22:30.550 -INFO 18694 [ntLoopGroup-7-1] org.reflections.Reflections : Reflections took 5 ms to scan 1 urls, producing 4 keys and 57 values 
2021-06-22 02:22:30.605 -INFO 18694 [ntLoopGroup-7-2] org.reflections.Reflections : Reflections took 12 ms to scan 1 urls, producing 4 keys and 57 values 
2021-06-22 02:22:31.666 -INFO 18694 [ntLoopGroup-7-3] org.reflections.Reflections : Reflections took 34 ms to scan 1 urls, producing 4 keys and 57 values 
2021-06-22 02:22:31.743 -INFO 18694 [ntLoopGroup-7-4] org.reflections.Reflections : Reflections took 7 ms to scan 1 urls, producing 4 keys and 57 values 
2021-06-22 02:22:52.118 -INFO 18694 [ntLoopGroup-7-5] org.reflections.Reflections : Reflections took 5 ms to scan 1 urls, producing 4 keys and 57 values 
2021-06-22 02:22:52.120 -WARN 18694 [ntLoopGroup-7-5] com.tsinghua.course.CourseApplication : null-STORY_LIKE-{"bizType":"STORY_LIKE","path":"/story/like","storyId":"20210621121554992_OqEuTX"}-default-com.tsinghua.course.Biz.Controller.Params.CommonParams#fromJsonObject#82/
2021-06-22 02:22:54.622 -INFO 18694 [ntLoopGroup-7-6] org.reflections.Reflections : Reflections took 7 ms to scan 1 urls, producing 4 keys and 57 values 
2021-06-22 02:23:06.421 -INFO 18694 [ntLoopGroup-7-7] org.reflections.Reflections : Reflections took 5 ms to scan 1 urls, producing 4 keys and 57 values 
2021-06-22 02:23:06.732 -INFO 18694 [ntLoopGroup-7-8] org.reflections.Reflections : Reflections took 5 ms to scan 1 urls, producing 4 keys and 57 values 
2021-06-22 02:23:06.774 -INFO 18694 [ntLoopGroup-7-9] org.reflections.Reflections : Reflections took 6 ms to scan 1 urls, producing 4 keys and 57 values 
2021-06-22 02:23:07.610 -INFO 18694 [tLoopGroup-7-10] org.reflections.Reflections : Reflections took 5 ms to scan 1 urls, producing 4 keys and 57 values 
2021-06-22 02:23:07.674 -INFO 18694 [tLoopGroup-7-11] org.reflections.Reflections : Reflections took 5 ms to scan 1 urls, producing 4 keys and 57 values 
2021-06-22 02:23:24.031 -INFO 18694 [tLoopGroup-7-12] org.reflections.Reflections : Reflections took 14 ms to scan 1 urls, producing 4 keys and 57 values 
2021-06-22 02:23:24.031 -WARN 18694 [tLoopGroup-7-12] com.tsinghua.course.CourseApplication : null-STORY_LIKE-{"bizType":"STORY_LIKE","path":"/story/like","storyId":"20210621121554992_OqEuTX"}-default-com.tsinghua.course.Biz.Controller.Params.CommonParams#fromJsonObject#82/
2021-06-22 02:23:28.959 -INFO 18694 [tLoopGroup-7-13] org.reflections.Reflections : Reflections took 4 ms to scan 1 urls, producing 4 keys and 57 values 
2021-06-22 02:23:28.960 -WARN 18694 [tLoopGroup-7-13] com.tsinghua.course.CourseApplication : null-STORY_LIKE-{"bizType":"STORY_LIKE","path":"/story/like","storyId":"20210621121554992_OqEuTX"}-default-com.tsinghua.course.Biz.Controller.Params.CommonParams#fromJsonObject#82/
2021-06-22 02:23:29.451 -INFO 18694 [tLoopGroup-7-14] org.reflections.Reflections : Reflections took 4 ms to scan 1 urls, producing 4 keys and 57 values 
2021-06-22 02:23:29.452 -WARN 18694 [tLoopGroup-7-14] com.tsinghua.course.CourseApplication : null-STORY_LIKE-{"bizType":"STORY_LIKE","path":"/story/like","storyId":"20210621121554992_OqEuTX"}-default-com.tsinghua.course.Biz.Controller.Params.CommonParams#fromJsonObject#82/
2021-06-22 02:28:10.431 -INFO 18694 [tLoopGroup-7-15] org.reflections.Reflections : Reflections took 20 ms to scan 1 urls, producing 4 keys and 57 values 
2021-06-22 02:28:10.873 -INFO 18694 [tLoopGroup-7-16] org.reflections.Reflections : Reflections took 8 ms to scan 1 urls, producing 4 keys and 57 values 
2021-06-22 02:28:10.913 -INFO 18694 [tLoopGroup-7-17] org.reflections.Reflections : Reflections took 6 ms to scan 1 urls, producing 4 keys and 57 values 
2021-06-22 02:28:12.043 -INFO 18694 [tLoopGroup-7-18] org.reflections.Reflections : Reflections took 5 ms to scan 1 urls, producing 4 keys and 57 values 
2021-06-22 02:28:12.158 -INFO 18694 [tLoopGroup-7-19] org.reflections.Reflections : Reflections took 4 ms to scan 1 urls, producing 4 keys and 57 values 
2021-06-22 02:28:23.685 -INFO 18694 [tLoopGroup-7-20] org.reflections.Reflections : Reflections took 4 ms to scan 1 urls, producing 4 keys and 57 values 
2021-06-22 02:28:23.685 -WARN 18694 [tLoopGroup-7-20] com.tsinghua.course.CourseApplication : null-STORY_LIKE-{"bizType":"STORY_LIKE","path":"/story/like","storyId":"20210621121554992_OqEuTX"}-default-com.tsinghua.course.Biz.Controller.Params.CommonParams#fromJsonObject#82/
2021-06-22 02:29:12.553 -INFO 18694 [tLoopGroup-7-21] org.reflections.Reflections : Reflections took 20 ms to scan 1 urls, producing 4 keys and 57 values 
2021-06-22 02:29:37.709 -INFO 18694 [tLoopGroup-7-22] org.reflections.Reflections : Reflections took 51 ms to scan 1 urls, producing 4 keys and 57 values 
2021-06-22 02:32:03.927 -INFO 18694 [tLoopGroup-7-23] org.reflections.Reflections : Reflections took 22 ms to scan 1 urls, producing 4 keys and 57 values 
2021-06-22 02:32:04.212 -INFO 18694 [tLoopGroup-7-24] org.reflections.Reflections : Reflections took 4 ms to scan 1 urls, producing 4 keys and 57 values 
2021-06-22 02:32:04.258 -INFO 18694 [tLoopGroup-7-25] org.reflections.Reflections : Reflections took 6 ms to scan 1 urls, producing 4 keys and 57 values 
2021-06-22 02:32:05.438 -INFO 18694 [tLoopGroup-7-26] org.reflections.Reflections : Reflections took 5 ms to scan 1 urls, producing 4 keys and 57 values 
2021-06-22 02:32:05.498 -INFO 18694 [tLoopGroup-7-27] org.reflections.Reflections : Reflections took 4 ms to scan 1 urls, producing 4 keys and 57 values 
2021-06-22 02:32:28.343 -INFO 18694 [tLoopGroup-7-28] org.reflections.Reflections : Reflections took 6 ms to scan 1 urls, producing 4 keys and 57 values 
2021-06-22 02:32:28.771 -INFO 18694 [tLoopGroup-7-29] org.reflections.Reflections : Reflections took 5 ms to scan 1 urls, producing 4 keys and 57 values 
2021-06-22 02:32:28.830 -INFO 18694 [tLoopGroup-7-30] org.reflections.Reflections : Reflections took 5 ms to scan 1 urls, producing 4 keys and 57 values 
2021-06-22 02:32:29.809 -INFO 18694 [tLoopGroup-7-31] org.reflections.Reflections : Reflections took 5 ms to scan 1 urls, producing 4 keys and 57 values 
2021-06-22 02:32:29.878 -INFO 18694 [tLoopGroup-7-32] org.reflections.Reflections : Reflections took 4 ms to scan 1 urls, producing 4 keys and 57 values 
2021-06-22 02:32:51.075 -INFO 18694 [ntLoopGroup-7-1] org.reflections.Reflections : Reflections took 15 ms to scan 1 urls, producing 4 keys and 57 values 
2021-06-22 02:32:51.427 -INFO 18694 [ntLoopGroup-7-2] org.reflections.Reflections : Reflections took 4 ms to scan 1 urls, producing 4 keys and 57 values 
2021-06-22 02:32:51.468 -INFO 18694 [ntLoopGroup-7-3] org.reflections.Reflections : Reflections took 5 ms to scan 1 urls, producing 4 keys and 57 values 
2021-06-22 02:32:52.247 -INFO 18694 [ntLoopGroup-7-4] org.reflections.Reflections : Reflections took 4 ms to scan 1 urls, producing 4 keys and 57 values 
2021-06-22 02:32:52.311 -INFO 18694 [ntLoopGroup-7-5] org.reflections.Reflections : Reflections took 4 ms to scan 1 urls, producing 4 keys and 57 values 
2021-06-22 03:12:03.293 -INFO 18694 [ntLoopGroup-7-6] org.reflections.Reflections : Reflections took 49 ms to scan 1 urls, producing 4 keys and 57 values 
2021-06-22 03:12:03.678 -INFO 18694 [ntLoopGroup-7-7] org.reflections.Reflections : Reflections took 5 ms to scan 1 urls, producing 4 keys and 57 values 
2021-06-22 03:12:03.737 -INFO 18694 [ntLoopGroup-7-8] org.reflections.Reflections : Reflections took 6 ms to scan 1 urls, producing 4 keys and 57 values 
2021-06-22 03:12:05.260 -INFO 18694 [ntLoopGroup-7-9] org.reflections.Reflections : Reflections took 6 ms to scan 1 urls, producing 4 keys and 57 values 
2021-06-22 03:12:05.324 -INFO 18694 [tLoopGroup-7-10] org.reflections.Reflections : Reflections took 5 ms to scan 1 urls, producing 4 keys and 57 values 
2021-06-22 03:23:04.526 -INFO 18694 [tLoopGroup-7-11] org.reflections.Reflections : Reflections took 37 ms to scan 1 urls, producing 4 keys and 57 values 
2021-06-22 03:23:04.876 -INFO 18694 [tLoopGroup-7-12] org.reflections.Reflections : Reflections took 16 ms to scan 1 urls, producing 4 keys and 57 values 
2021-06-22 03:23:04.960 -INFO 18694 [tLoopGroup-7-13] org.reflections.Reflections : Reflections took 6 ms to scan 1 urls, producing 4 keys and 57 values 
2021-06-22 03:23:06.651 -INFO 18694 [tLoopGroup-7-14] org.reflections.Reflections : Reflections took 11 ms to scan 1 urls, producing 4 keys and 57 values 
2021-06-22 03:23:06.735 -INFO 18694 [tLoopGroup-7-15] org.reflections.Reflections : Reflections took 6 ms to scan 1 urls, producing 4 keys and 57 values 
2021-06-22 03:23:09.631 -INFO 18694 [tLoopGroup-7-16] org.reflections.Reflections : Reflections took 10 ms to scan 1 urls, producing 4 keys and 57 values 
2021-06-22 03:23:11.695 -INFO 18694 [tLoopGroup-7-17] org.reflections.Reflections : Reflections took 6 ms to scan 1 urls, producing 4 keys and 57 values 
2021-06-22 03:23:57.418 -INFO 18694 [tLoopGroup-7-18] org.reflections.Reflections : Reflections took 24 ms to scan 1 urls, producing 4 keys and 57 values 
2021-06-22 03:23:57.934 -INFO 18694 [tLoopGroup-7-19] org.reflections.Reflections : Reflections took 7 ms to scan 1 urls, producing 4 keys and 57 values 
2021-06-22 03:23:57.989 -INFO 18694 [tLoopGroup-7-20] org.reflections.Reflections : Reflections took 10 ms to scan 1 urls, producing 4 keys and 57 values 
2021-06-22 03:23:59.211 -INFO 18694 [tLoopGroup-7-21] org.reflections.Reflections : Reflections took 7 ms to scan 1 urls, producing 4 keys and 57 values 
2021-06-22 03:23:59.282 -INFO 18694 [tLoopGroup-7-22] org.reflections.Reflections : Reflections took 6 ms to scan 1 urls, producing 4 keys and 57 values 
2021-06-22 03:34:19.052 -INFO 18694 [tLoopGroup-7-23] org.reflections.Reflections : Reflections took 25 ms to scan 1 urls, producing 4 keys and 57 values 
2021-06-22 03:34:19.359 -INFO 18694 [tLoopGroup-7-24] org.reflections.Reflections : Reflections took 6 ms to scan 1 urls, producing 4 keys and 57 values 
2021-06-22 03:34:19.513 -INFO 18694 [tLoopGroup-7-25] org.reflections.Reflections : Reflections took 66 ms to scan 1 urls, producing 4 keys and 57 values 
2021-06-22 03:34:20.839 -INFO 18694 [tLoopGroup-7-26] org.reflections.Reflections : Reflections took 8 ms to scan 1 urls, producing 4 keys and 57 values 
2021-06-22 03:34:20.905 -INFO 18694 [tLoopGroup-7-27] org.reflections.Reflections : Reflections took 7 ms to scan 1 urls, producing 4 keys and 57 values 
2021-06-22 03:34:28.551 -INFO 18694 [tLoopGroup-7-28] org.reflections.Reflections : Reflections took 20 ms to scan 1 urls, producing 4 keys and 57 values 
2021-06-22 03:34:28.560 -INFO 18694 [tLoopGroup-7-28] com.tsinghua.course.Frame.Util.UploadFileUtils : /2021/06/22
2021-06-22 03:35:02.094 -INFO 18694 [tLoopGroup-7-29] org.reflections.Reflections : Reflections took 16 ms to scan 1 urls, producing 4 keys and 57 values 
2021-06-22 03:35:02.398 -INFO 18694 [tLoopGroup-7-30] org.reflections.Reflections : Reflections took 6 ms to scan 1 urls, producing 4 keys and 57 values 
2021-06-22 03:35:02.486 -INFO 18694 [tLoopGroup-7-31] org.reflections.Reflections : Reflections took 10 ms to scan 1 urls, producing 4 keys and 57 values 
2021-06-22 03:35:03.365 -INFO 18694 [tLoopGroup-7-32] org.reflections.Reflections : Reflections took 9 ms to scan 1 urls, producing 4 keys and 57 values 
2021-06-22 03:35:03.431 -INFO 18694 [ntLoopGroup-7-1] org.reflections.Reflections : Reflections took 7 ms to scan 1 urls, producing 4 keys and 57 values 
2021-06-22 03:35:38.022 -INFO 18694 [ntLoopGroup-7-2] org.reflections.Reflections : Reflections took 17 ms to scan 1 urls, producing 4 keys and 57 values 
2021-06-22 03:35:38.026 -INFO 18694 [ntLoopGroup-7-2] com.tsinghua.course.Frame.Util.UploadFileUtils : /2021/06/22
2021-06-22 04:09:17.918 -INFO 18694 [ntLoopGroup-7-3] org.reflections.Reflections : Reflections took 26 ms to scan 1 urls, producing 4 keys and 57 values 
2021-06-22 04:09:18.333 -INFO 18694 [ntLoopGroup-7-4] org.reflections.Reflections : Reflections took 6 ms to scan 1 urls, producing 4 keys and 57 values 
2021-06-22 04:09:18.378 -INFO 18694 [ntLoopGroup-7-5] org.reflections.Reflections : Reflections took 6 ms to scan 1 urls, producing 4 keys and 57 values 
2021-06-22 04:09:19.442 -INFO 18694 [ntLoopGroup-7-6] org.reflections.Reflections : Reflections took 5 ms to scan 1 urls, producing 4 keys and 57 values 
2021-06-22 04:09:19.512 -INFO 18694 [ntLoopGroup-7-7] org.reflections.Reflections : Reflections took 10 ms to scan 1 urls, producing 4 keys and 57 values 
2021-06-22 04:09:23.351 -INFO 18694 [ntLoopGroup-7-8] org.reflections.Reflections : Reflections took 24 ms to scan 1 urls, producing 4 keys and 57 values 
2021-06-22 04:09:23.360 -INFO 18694 [ntLoopGroup-7-8] com.tsinghua.course.Frame.Util.UploadFileUtils : /2021/06/22
2021-06-22 03:39:05.217 -INFO 18694 [ntLoopGroup-7-9] org.reflections.Reflections : Reflections took 55 ms to scan 1 urls, producing 4 keys and 57 values 
2021-06-22 03:39:11.915 -INFO 18694 [tLoopGroup-7-10] org.reflections.Reflections : Reflections took 11 ms to scan 1 urls, producing 4 keys and 57 values 
2021-06-22 03:39:12.183 -INFO 18694 [tLoopGroup-7-11] org.reflections.Reflections : Reflections took 7 ms to scan 1 urls, producing 4 keys and 57 values 
2021-06-22 03:39:12.232 -INFO 18694 [tLoopGroup-7-12] org.reflections.Reflections : Reflections took 10 ms to scan 1 urls, producing 4 keys and 57 values 
2021-06-22 03:39:13.615 -INFO 18694 [tLoopGroup-7-13] org.reflections.Reflections : Reflections took 6 ms to scan 1 urls, producing 4 keys and 57 values 
2021-06-22 03:39:13.653 -INFO 18694 [tLoopGroup-7-14] org.reflections.Reflections : Reflections took 14 ms to scan 1 urls, producing 4 keys and 57 values 
2021-06-22 03:42:54.933 -INFO 18694 [extShutdownHook] org.quartz.core.QuartzScheduler : Scheduler quartzScheduler_$_NON_CLUSTERED paused.
2021-06-22 03:42:55.077 -INFO 18694 [extShutdownHook] org.springframework.scheduling.concurrent.ThreadPoolTaskExecutor : Shutting down ExecutorService 'applicationTaskExecutor'
2021-06-22 03:42:55.077 -INFO 18694 [extShutdownHook] org.springframework.scheduling.quartz.SchedulerFactoryBean : Shutting down Quartz Scheduler
2021-06-22 03:42:55.077 -INFO 18694 [extShutdownHook] org.quartz.core.QuartzScheduler : Scheduler quartzScheduler_$_NON_CLUSTERED shutting down.
2021-06-22 03:42:55.077 -INFO 18694 [extShutdownHook] org.quartz.core.QuartzScheduler : Scheduler quartzScheduler_$_NON_CLUSTERED paused.
2021-06-22 03:42:55.078 -INFO 18694 [extShutdownHook] org.quartz.core.QuartzScheduler : Scheduler quartzScheduler_$_NON_CLUSTERED shutdown complete.
2021-06-22 03:42:55.165 -INFO 18694 [extShutdownHook] org.mongodb.driver.connection : Closed connection [connectionId{localValue:3, serverValue:103}] to localhost:27017 because the pool has been closed.
