2021-05-29 03:32:54.996 -INFO 23718 [extShutdownHook] org.quartz.core.QuartzScheduler : Scheduler quartzScheduler_$_NON_CLUSTERED paused.
2021-05-29 03:32:55.098 -INFO 23718 [extShutdownHook] org.springframework.scheduling.concurrent.ThreadPoolTaskExecutor : Shutting down ExecutorService 'applicationTaskExecutor'
2021-05-29 03:32:55.098 -INFO 23718 [extShutdownHook] org.springframework.scheduling.quartz.SchedulerFactoryBean : Shutting down Quartz Scheduler
2021-05-29 03:32:55.098 -INFO 23718 [extShutdownHook] org.quartz.core.QuartzScheduler : Scheduler quartzScheduler_$_NON_CLUSTERED shutting down.
2021-05-29 03:32:55.098 -INFO 23718 [extShutdownHook] org.quartz.core.QuartzScheduler : Scheduler quartzScheduler_$_NON_CLUSTERED paused.
2021-05-29 03:32:55.099 -INFO 23718 [extShutdownHook] org.quartz.core.QuartzScheduler : Scheduler quartzScheduler_$_NON_CLUSTERED shutdown complete.
2021-05-29 03:32:55.128 -INFO 23718 [extShutdownHook] org.mongodb.driver.connection : Closed connection [connectionId{localValue:3, serverValue:107}] to localhost:27017 because the pool has been closed.
2021-05-29 03:36:21.847 -INFO 24841 [           main] com.tsinghua.course.CourseApplication : Starting CourseApplication using Java 15.0.1 on wujun-MacBookPro.local with PID 24841 (/Users/wujun/Desktop/im/Backend/course/target/classes started by wujun in /Users/wujun/Desktop/im/Backend/course)
2021-05-29 03:36:21.848 -DEBUG 24841 [           main] com.tsinghua.course.CourseApplication : Running with Spring Boot v2.4.2, Spring v5.3.3
2021-05-29 03:36:21.849 -INFO 24841 [           main] com.tsinghua.course.CourseApplication : No active profile set, falling back to default profiles: default
2021-05-29 03:36:22.342 -INFO 24841 [           main] org.springframework.data.repository.config.RepositoryConfigurationDelegate : Multiple Spring Data modules found, entering strict repository configuration mode!
2021-05-29 03:36:22.342 -INFO 24841 [           main] org.springframework.data.repository.config.RepositoryConfigurationDelegate : Bootstrapping Spring Data MongoDB repositories in DEFAULT mode.
2021-05-29 03:36:22.356 -INFO 24841 [           main] org.springframework.data.repository.config.RepositoryConfigurationDelegate : Finished Spring Data repository scanning in 11 ms. Found 0 MongoDB repository interfaces.
2021-05-29 03:36:22.367 -INFO 24841 [           main] org.springframework.data.repository.config.RepositoryConfigurationDelegate : Multiple Spring Data modules found, entering strict repository configuration mode!
2021-05-29 03:36:22.367 -INFO 24841 [           main] org.springframework.data.repository.config.RepositoryConfigurationDelegate : Bootstrapping Spring Data Redis repositories in DEFAULT mode.
2021-05-29 03:36:22.380 -INFO 24841 [           main] org.springframework.data.repository.config.RepositoryConfigurationDelegate : Finished Spring Data repository scanning in 6 ms. Found 0 Redis repository interfaces.
2021-05-29 03:36:22.748 -INFO 24841 [           main] org.springframework.boot.web.embedded.tomcat.TomcatWebServer : Tomcat initialized with port(s): 8080 (http)
2021-05-29 03:36:22.755 -INFO 24841 [           main] org.apache.coyote.http11.Http11NioProtocol : Initializing ProtocolHandler ["http-nio-8080"]
2021-05-29 03:36:22.755 -INFO 24841 [           main] org.apache.catalina.core.StandardService : Starting service [Tomcat]
2021-05-29 03:36:22.755 -INFO 24841 [           main] org.apache.catalina.core.StandardEngine : Starting Servlet engine: [Apache Tomcat/9.0.41]
2021-05-29 03:36:22.819 -INFO 24841 [           main] org.apache.catalina.core.ContainerBase.[Tomcat].[localhost].[/] : Initializing Spring embedded WebApplicationContext
2021-05-29 03:36:22.819 -INFO 24841 [           main] org.springframework.boot.web.servlet.context.ServletWebServerApplicationContext : Root WebApplicationContext: initialization completed in 933 ms
2021-05-29 03:36:22.917 -INFO 24841 [           main] org.mongodb.driver.cluster : Cluster created with settings {hosts=[localhost:27017], mode=SINGLE, requiredClusterType=UNKNOWN, serverSelectionTimeout='30000 ms'}
2021-05-29 03:36:22.967 -INFO 24841 [localhost:27017] org.mongodb.driver.connection : Opened connection [connectionId{localValue:1, serverValue:112}] to localhost:27017
2021-05-29 03:36:22.967 -INFO 24841 [localhost:27017] org.mongodb.driver.connection : Opened connection [connectionId{localValue:2, serverValue:111}] to localhost:27017
2021-05-29 03:36:22.967 -INFO 24841 [localhost:27017] org.mongodb.driver.cluster : Monitor thread successfully connected to server with description ServerDescription{address=localhost:27017, type=STANDALONE, state=CONNECTED, ok=true, minWireVersion=0, maxWireVersion=2, maxDocumentSize=16777216, logicalSessionTimeoutMinutes=null, roundTripTimeNanos=12914063}
2021-05-29 03:36:23.336 -INFO 24841 [           main] org.quartz.impl.StdSchedulerFactory : Using default implementation for ThreadExecutor
2021-05-29 03:36:23.344 -INFO 24841 [           main] org.quartz.core.SchedulerSignalerImpl : Initialized Scheduler Signaller of type: class org.quartz.core.SchedulerSignalerImpl
2021-05-29 03:36:23.344 -INFO 24841 [           main] org.quartz.core.QuartzScheduler : Quartz Scheduler v.2.3.2 created.
2021-05-29 03:36:23.344 -INFO 24841 [           main] org.quartz.simpl.RAMJobStore : RAMJobStore initialized.
2021-05-29 03:36:23.344 -INFO 24841 [           main] org.quartz.core.QuartzScheduler : Scheduler meta-data: Quartz Scheduler (v2.3.2) 'quartzScheduler' with instanceId 'NON_CLUSTERED'
  Scheduler class: 'org.quartz.core.QuartzScheduler' - running locally.
  NOT STARTED.
  Currently in standby mode.
  Number of jobs executed: 0
  Using thread pool 'org.quartz.simpl.SimpleThreadPool' - with 10 threads.
  Using job-store 'org.quartz.simpl.RAMJobStore' - which does not support persistence. and is not clustered.

2021-05-29 03:36:23.344 -INFO 24841 [           main] org.quartz.impl.StdSchedulerFactory : Quartz scheduler 'quartzScheduler' initialized from an externally provided properties instance.
2021-05-29 03:36:23.344 -INFO 24841 [           main] org.quartz.impl.StdSchedulerFactory : Quartz scheduler version: 2.3.2
2021-05-29 03:36:23.344 -INFO 24841 [           main] org.quartz.core.QuartzScheduler : JobFactory set to: org.springframework.scheduling.quartz.SpringBeanJobFactory@723742b2
2021-05-29 03:36:23.498 -INFO 24841 [           main] org.springframework.scheduling.concurrent.ThreadPoolTaskExecutor : Initializing ExecutorService 'applicationTaskExecutor'
2021-05-29 03:36:23.709 -INFO 24841 [           main] org.apache.coyote.http11.Http11NioProtocol : Starting ProtocolHandler ["http-nio-8080"]
2021-05-29 03:36:23.724 -INFO 24841 [           main] org.springframework.boot.web.embedded.tomcat.TomcatWebServer : Tomcat started on port(s): 8080 (http) with context path ''
2021-05-29 03:36:23.725 -INFO 24841 [           main] org.springframework.scheduling.quartz.SchedulerFactoryBean : Starting Quartz Scheduler now
2021-05-29 03:36:23.725 -INFO 24841 [           main] org.quartz.core.QuartzScheduler : Scheduler quartzScheduler_$_NON_CLUSTERED started.
2021-05-29 03:36:23.732 -INFO 24841 [           main] com.tsinghua.course.CourseApplication : Started CourseApplication in 2.14 seconds (JVM running for 2.735)
2021-05-29 03:37:25.269 -INFO 24841 [ntLoopGroup-6-1] org.reflections.Reflections : Reflections took 24 ms to scan 1 urls, producing 4 keys and 33 values 
2021-05-29 03:37:25.326 -INFO 24841 [ntLoopGroup-6-1] org.mongodb.driver.connection : Opened connection [connectionId{localValue:3, serverValue:113}] to localhost:27017
2021-05-29 03:47:08.817 -INFO 24841 [ntLoopGroup-6-2] org.reflections.Reflections : Reflections took 18 ms to scan 1 urls, producing 4 keys and 33 values 
2021-05-29 03:47:51.417 -INFO 24841 [ntLoopGroup-6-3] org.reflections.Reflections : Reflections took 8 ms to scan 1 urls, producing 4 keys and 33 values 
2021-05-29 03:51:18.560 -INFO 24841 [ntLoopGroup-6-4] org.reflections.Reflections : Reflections took 14 ms to scan 1 urls, producing 4 keys and 33 values 
2021-05-29 04:08:09.982 -INFO 24841 [ntLoopGroup-6-9] org.reflections.Reflections : Reflections took 18 ms to scan 1 urls, producing 4 keys and 33 values 
2021-05-29 04:13:56.951 -INFO 24841 [tLoopGroup-6-10] org.reflections.Reflections : Reflections took 11 ms to scan 1 urls, producing 4 keys and 33 values 
2021-05-29 04:47:53.400 -INFO 24841 [tLoopGroup-6-11] org.reflections.Reflections : Reflections took 22 ms to scan 1 urls, producing 4 keys and 33 values 
2021-05-29 13:26:39.992 -WARN 24841 [tLoopGroup-6-12] com.tsinghua.course.CourseApplication : null-null-{"password":"emily0202@","path":"/user/userinfo","username":"wujun97"}-SysError006-com.tsinghua.course.Biz.Handler.HttpHandler#channelRead0#88/
2021-05-29 13:26:46.485 -INFO 24841 [tLoopGroup-6-13] org.reflections.Reflections : Reflections took 18 ms to scan 1 urls, producing 4 keys and 33 values 
2021-05-29 13:26:46.549 -WARN 24841 [tLoopGroup-6-13] com.tsinghua.course.CourseApplication : null-USER_MYINFO-{"bizType":"USER_MYINFO"}-UserWarn002-com.tsinghua.course.Biz.Controller.UserController$$EnhancerBySpringCGLIB$$ec0f9bbd#userMyInfo#-1/
2021-05-29 13:26:52.277 -INFO 24841 [tLoopGroup-6-14] org.reflections.Reflections : Reflections took 9 ms to scan 1 urls, producing 4 keys and 33 values 
2021-05-29 13:26:56.152 -WARN 24841 [tLoopGroup-6-15] com.tsinghua.course.CourseApplication : null-null-{"path":"/user/getInfo"}-SysError006-com.tsinghua.course.Biz.Handler.HttpHandler#channelRead0#88/
2021-05-29 13:27:01.494 -INFO 24841 [tLoopGroup-6-16] org.reflections.Reflections : Reflections took 7 ms to scan 1 urls, producing 4 keys and 33 values 
2021-05-29 14:26:08.170 -INFO 24841 [tLoopGroup-6-17] org.reflections.Reflections : Reflections took 21 ms to scan 1 urls, producing 4 keys and 33 values 
2021-05-29 14:26:08.640 -INFO 24841 [tLoopGroup-6-18] org.reflections.Reflections : Reflections took 7 ms to scan 1 urls, producing 4 keys and 33 values 
2021-05-29 14:26:08.644 -WARN 24841 [tLoopGroup-6-18] com.tsinghua.course.CourseApplication : null-USER_MYINFO-{"bizType":"USER_MYINFO"}-UserWarn002-com.tsinghua.course.Biz.Controller.UserController$$EnhancerBySpringCGLIB$$ec0f9bbd#userMyInfo#-1/
2021-05-29 15:00:26.558 -INFO 24841 [tLoopGroup-6-19] org.reflections.Reflections : Reflections took 19 ms to scan 1 urls, producing 4 keys and 33 values 
2021-05-29 15:00:27.585 -INFO 24841 [tLoopGroup-6-20] org.reflections.Reflections : Reflections took 7 ms to scan 1 urls, producing 4 keys and 33 values 
2021-05-29 15:01:15.517 -INFO 24841 [tLoopGroup-6-21] org.reflections.Reflections : Reflections took 13 ms to scan 1 urls, producing 4 keys and 33 values 
2021-05-29 15:01:15.802 -INFO 24841 [tLoopGroup-6-22] org.reflections.Reflections : Reflections took 5 ms to scan 1 urls, producing 4 keys and 33 values 
2021-05-29 15:01:15.802 -WARN 24841 [tLoopGroup-6-22] com.tsinghua.course.CourseApplication : null-USER_MYINFO-{"bizType":"USER_MYINFO"}-UserWarn002-com.tsinghua.course.Biz.Controller.UserController$$EnhancerBySpringCGLIB$$ec0f9bbd#userMyInfo#-1/
2021-05-29 15:17:14.711 -INFO 24841 [tLoopGroup-6-23] org.reflections.Reflections : Reflections took 21 ms to scan 1 urls, producing 4 keys and 33 values 
2021-05-29 15:17:15.021 -INFO 24841 [tLoopGroup-6-24] org.reflections.Reflections : Reflections took 19 ms to scan 1 urls, producing 4 keys and 33 values 
2021-05-29 15:17:15.023 -WARN 24841 [tLoopGroup-6-24] com.tsinghua.course.CourseApplication : null-USER_MYINFO-{"bizType":"USER_MYINFO"}-UserWarn002-com.tsinghua.course.Biz.Controller.UserController$$EnhancerBySpringCGLIB$$ec0f9bbd#userMyInfo#-1/
2021-05-29 15:19:51.780 -INFO 24841 [tLoopGroup-6-25] org.reflections.Reflections : Reflections took 21 ms to scan 1 urls, producing 4 keys and 33 values 
2021-05-29 15:19:52.086 -INFO 24841 [tLoopGroup-6-26] org.reflections.Reflections : Reflections took 14 ms to scan 1 urls, producing 4 keys and 33 values 
2021-05-29 15:19:52.088 -WARN 24841 [tLoopGroup-6-26] com.tsinghua.course.CourseApplication : null-USER_MYINFO-{"bizType":"USER_MYINFO"}-UserWarn002-com.tsinghua.course.Biz.Controller.UserController$$EnhancerBySpringCGLIB$$ec0f9bbd#userMyInfo#-1/
2021-05-29 15:20:13.476 -INFO 24841 [tLoopGroup-6-27] org.reflections.Reflections : Reflections took 9 ms to scan 1 urls, producing 4 keys and 33 values 
2021-05-29 15:20:13.763 -INFO 24841 [tLoopGroup-6-28] org.reflections.Reflections : Reflections took 9 ms to scan 1 urls, producing 4 keys and 33 values 
2021-05-29 15:20:13.764 -WARN 24841 [tLoopGroup-6-28] com.tsinghua.course.CourseApplication : null-USER_MYINFO-{"bizType":"USER_MYINFO"}-UserWarn002-com.tsinghua.course.Biz.Controller.UserController$$EnhancerBySpringCGLIB$$ec0f9bbd#userMyInfo#-1/
2021-05-29 15:20:38.188 -INFO 24841 [tLoopGroup-6-29] org.reflections.Reflections : Reflections took 23 ms to scan 1 urls, producing 4 keys and 33 values 
2021-05-29 15:20:38.589 -INFO 24841 [tLoopGroup-6-30] org.reflections.Reflections : Reflections took 18 ms to scan 1 urls, producing 4 keys and 33 values 
2021-05-29 15:20:38.590 -WARN 24841 [tLoopGroup-6-30] com.tsinghua.course.CourseApplication : null-USER_MYINFO-{"bizType":"USER_MYINFO"}-UserWarn002-com.tsinghua.course.Biz.Controller.UserController$$EnhancerBySpringCGLIB$$ec0f9bbd#userMyInfo#-1/
2021-05-29 15:21:10.634 -INFO 24841 [tLoopGroup-6-31] org.reflections.Reflections : Reflections took 16 ms to scan 1 urls, producing 4 keys and 33 values 
2021-05-29 15:21:10.918 -INFO 24841 [tLoopGroup-6-32] org.reflections.Reflections : Reflections took 15 ms to scan 1 urls, producing 4 keys and 33 values 
2021-05-29 15:21:10.921 -WARN 24841 [tLoopGroup-6-32] com.tsinghua.course.CourseApplication : null-USER_MYINFO-{"bizType":"USER_MYINFO"}-UserWarn002-com.tsinghua.course.Biz.Controller.UserController$$EnhancerBySpringCGLIB$$ec0f9bbd#userMyInfo#-1/
2021-05-29 15:23:33.758 -INFO 24841 [ntLoopGroup-6-1] org.reflections.Reflections : Reflections took 21 ms to scan 1 urls, producing 4 keys and 33 values 
2021-05-29 15:23:34.113 -INFO 24841 [ntLoopGroup-6-2] org.reflections.Reflections : Reflections took 12 ms to scan 1 urls, producing 4 keys and 33 values 
2021-05-29 15:33:32.084 -INFO 24841 [ntLoopGroup-6-3] org.reflections.Reflections : Reflections took 14 ms to scan 1 urls, producing 4 keys and 33 values 
2021-05-29 15:33:32.345 -INFO 24841 [ntLoopGroup-6-4] org.reflections.Reflections : Reflections took 4 ms to scan 1 urls, producing 4 keys and 33 values 
2021-05-29 15:33:32.346 -WARN 24841 [ntLoopGroup-6-4] com.tsinghua.course.CourseApplication : null-USER_MYINFO-{"bizType":"USER_MYINFO"}-UserWarn002-com.tsinghua.course.Biz.Controller.UserController$$EnhancerBySpringCGLIB$$ec0f9bbd#userMyInfo#-1/
2021-05-29 15:57:28.469 -INFO 24841 [ntLoopGroup-6-5] org.reflections.Reflections : Reflections took 16 ms to scan 1 urls, producing 4 keys and 33 values 
2021-05-29 15:57:28.787 -INFO 24841 [ntLoopGroup-6-6] org.reflections.Reflections : Reflections took 4 ms to scan 1 urls, producing 4 keys and 33 values 
2021-05-29 16:09:03.533 -INFO 24841 [ntLoopGroup-6-7] org.reflections.Reflections : Reflections took 19 ms to scan 1 urls, producing 4 keys and 33 values 
2021-05-29 16:09:03.848 -INFO 24841 [ntLoopGroup-6-8] org.reflections.Reflections : Reflections took 8 ms to scan 1 urls, producing 4 keys and 33 values 
2021-05-29 16:09:33.779 -INFO 24841 [ntLoopGroup-6-9] org.reflections.Reflections : Reflections took 18 ms to scan 1 urls, producing 4 keys and 33 values 
2021-05-29 16:09:34.078 -INFO 24841 [tLoopGroup-6-10] org.reflections.Reflections : Reflections took 11 ms to scan 1 urls, producing 4 keys and 33 values 
2021-05-29 16:12:07.866 -INFO 24841 [localhost:27017] org.mongodb.driver.cluster : Exception in monitor thread while connecting to server localhost:27017
com.mongodb.MongoSocketReadException: Prematurely reached end of stream
	at com.mongodb.internal.connection.SocketStream.read(SocketStream.java:112)
	at com.mongodb.internal.connection.SocketStream.read(SocketStream.java:131)
	at com.mongodb.internal.connection.InternalStreamConnection.receiveResponseBuffers(InternalStreamConnection.java:648)
	at com.mongodb.internal.connection.InternalStreamConnection.receiveMessageWithAdditionalTimeout(InternalStreamConnection.java:513)
	at com.mongodb.internal.connection.InternalStreamConnection.receiveCommandMessageResponse(InternalStreamConnection.java:356)
	at com.mongodb.internal.connection.InternalStreamConnection.receive(InternalStreamConnection.java:305)
	at com.mongodb.internal.connection.DefaultServerMonitor$ServerMonitorRunnable.lookupServerDescription(DefaultServerMonitor.java:218)
	at com.mongodb.internal.connection.DefaultServerMonitor$ServerMonitorRunnable.run(DefaultServerMonitor.java:144)
	at java.base/java.lang.Thread.run(Thread.java:832)
2021-05-29 16:12:08.506 -INFO 24841 [localhost:27017] org.mongodb.driver.cluster : Exception in monitor thread while connecting to server localhost:27017
com.mongodb.MongoSocketReadException: Exception receiving message
	at com.mongodb.internal.connection.InternalStreamConnection.translateReadException(InternalStreamConnection.java:637)
	at com.mongodb.internal.connection.InternalStreamConnection.receiveMessageWithAdditionalTimeout(InternalStreamConnection.java:516)
	at com.mongodb.internal.connection.InternalStreamConnection.receiveCommandMessageResponse(InternalStreamConnection.java:356)
	at com.mongodb.internal.connection.InternalStreamConnection.sendAndReceive(InternalStreamConnection.java:280)
	at com.mongodb.internal.connection.CommandHelper.sendAndReceive(CommandHelper.java:83)
	at com.mongodb.internal.connection.CommandHelper.executeCommand(CommandHelper.java:33)
	at com.mongodb.internal.connection.InternalStreamConnectionInitializer.initializeConnectionDescription(InternalStreamConnectionInitializer.java:107)
	at com.mongodb.internal.connection.InternalStreamConnectionInitializer.initialize(InternalStreamConnectionInitializer.java:62)
	at com.mongodb.internal.connection.InternalStreamConnection.open(InternalStreamConnection.java:144)
	at com.mongodb.internal.connection.DefaultServerMonitor$ServerMonitorRunnable.lookupServerDescription(DefaultServerMonitor.java:188)
	at com.mongodb.internal.connection.DefaultServerMonitor$ServerMonitorRunnable.run(DefaultServerMonitor.java:144)
	at java.base/java.lang.Thread.run(Thread.java:832)
Caused by: java.net.SocketException: Connection reset
	at java.base/sun.nio.ch.NioSocketImpl.implRead(NioSocketImpl.java:323)
	at java.base/sun.nio.ch.NioSocketImpl.read(NioSocketImpl.java:350)
	at java.base/sun.nio.ch.NioSocketImpl$1.read(NioSocketImpl.java:803)
	at java.base/java.net.Socket$SocketInputStream.read(Socket.java:981)
	at com.mongodb.internal.connection.SocketStream.read(SocketStream.java:109)
	at com.mongodb.internal.connection.SocketStream.read(SocketStream.java:131)
	at com.mongodb.internal.connection.InternalStreamConnection.receiveResponseBuffers(InternalStreamConnection.java:648)
	at com.mongodb.internal.connection.InternalStreamConnection.receiveMessageWithAdditionalTimeout(InternalStreamConnection.java:513)
	... 10 common frames omitted
2021-05-29 16:12:18.512 -INFO 24841 [localhost:27017] org.mongodb.driver.cluster : Exception in monitor thread while connecting to server localhost:27017
com.mongodb.MongoSocketOpenException: Exception opening socket
	at com.mongodb.internal.connection.SocketStream.open(SocketStream.java:70)
	at com.mongodb.internal.connection.InternalStreamConnection.open(InternalStreamConnection.java:143)
	at com.mongodb.internal.connection.DefaultServerMonitor$ServerMonitorRunnable.lookupServerDescription(DefaultServerMonitor.java:188)
	at com.mongodb.internal.connection.DefaultServerMonitor$ServerMonitorRunnable.run(DefaultServerMonitor.java:144)
	at java.base/java.lang.Thread.run(Thread.java:832)
Caused by: java.net.ConnectException: Connection refused
	at java.base/sun.nio.ch.Net.pollConnect(Native Method)
	at java.base/sun.nio.ch.Net.pollConnectNow(Net.java:660)
	at java.base/sun.nio.ch.NioSocketImpl.timedFinishConnect(NioSocketImpl.java:549)
	at java.base/sun.nio.ch.NioSocketImpl.connect(NioSocketImpl.java:597)
	at java.base/java.net.SocksSocketImpl.connect(SocksSocketImpl.java:333)
	at java.base/java.net.Socket.connect(Socket.java:648)
	at com.mongodb.internal.connection.SocketStreamHelper.initialize(SocketStreamHelper.java:78)
	at com.mongodb.internal.connection.SocketStream.initializeSocket(SocketStream.java:79)
	at com.mongodb.internal.connection.SocketStream.open(SocketStream.java:65)
	... 4 common frames omitted
2021-05-29 16:29:59.214 -INFO 24841 [tLoopGroup-6-11] org.reflections.Reflections : Reflections took 26 ms to scan 1 urls, producing 4 keys and 33 values 
2021-05-29 16:29:59.226 -INFO 24841 [tLoopGroup-6-11] org.mongodb.driver.cluster : Cluster description not yet available. Waiting for 30000 ms before timing out
2021-05-29 16:30:22.988 -INFO 24841 [tLoopGroup-6-12] org.reflections.Reflections : Reflections took 16 ms to scan 1 urls, producing 4 keys and 33 values 
2021-05-29 16:30:22.990 -INFO 24841 [tLoopGroup-6-12] org.mongodb.driver.cluster : Cluster description not yet available. Waiting for 30000 ms before timing out
2021-05-29 16:30:29.282 -ERROR 24841 [tLoopGroup-6-11] com.tsinghua.course.CourseApplication : wujun97-USER_LOGIN-{"bizType":"USER_LOGIN","password":"emily0202@","username":"wujun97"}-org.springframework.dao.DataAccessResourceFailureException: Timed out after 30000 ms while waiting to connect. Client view of cluster state is {type=UNKNOWN, servers=[{address=localhost:27017, type=UNKNOWN, state=CONNECTING, exception={com.mongodb.MongoSocketOpenException: Exception opening socket}, caused by {java.net.ConnectException: Connection refused}}]; nested exception is com.mongodb.MongoTimeoutException: Timed out after 30000 ms while waiting to connect. Client view of cluster state is {type=UNKNOWN, servers=[{address=localhost:27017, type=UNKNOWN, state=CONNECTING, exception={com.mongodb.MongoSocketOpenException: Exception opening socket}, caused by {java.net.ConnectException: Connection refused}}]-com.tsinghua.course.Biz.Processor.UserProcessor#getUserByUsername#32/com.tsinghua.course.Biz.Controller.UserController#userLogin#41/com.tsinghua.course.Biz.Controller.UserController$$FastClassBySpringCGLIB$$6597439b#invoke#-1/com.tsinghua.course.Biz.Controller.UserController$$EnhancerBySpringCGLIB$$ec0f9bbd#userLogin#-1/com.tsinghua.course.Biz.Dispatcher#dispatch#75/com.tsinghua.course.Biz.Handler.HttpHandler#channelRead0#109/com.tsinghua.course.Biz.Handler.HttpHandler#channelRead0#50/
2021-05-29 16:30:39.451 -INFO 24841 [extShutdownHook] org.quartz.core.QuartzScheduler : Scheduler quartzScheduler_$_NON_CLUSTERED paused.
2021-05-29 16:30:39.620 -INFO 24841 [extShutdownHook] org.springframework.scheduling.concurrent.ThreadPoolTaskExecutor : Shutting down ExecutorService 'applicationTaskExecutor'
2021-05-29 16:30:39.622 -INFO 24841 [extShutdownHook] org.springframework.scheduling.quartz.SchedulerFactoryBean : Shutting down Quartz Scheduler
2021-05-29 16:30:39.622 -INFO 24841 [extShutdownHook] org.quartz.core.QuartzScheduler : Scheduler quartzScheduler_$_NON_CLUSTERED shutting down.
2021-05-29 16:30:39.622 -INFO 24841 [extShutdownHook] org.quartz.core.QuartzScheduler : Scheduler quartzScheduler_$_NON_CLUSTERED paused.
2021-05-29 16:30:39.625 -INFO 24841 [extShutdownHook] org.quartz.core.QuartzScheduler : Scheduler quartzScheduler_$_NON_CLUSTERED shutdown complete.
2021-05-29 16:30:39.727 -INFO 24841 [extShutdownHook] org.mongodb.driver.connection : Closed connection [connectionId{localValue:3, serverValue:113}] to localhost:27017 because there was a socket exception raised on another connection from this pool.
2021-05-29 16:30:43.899 -INFO 26959 [           main] com.tsinghua.course.CourseApplication : Starting CourseApplication using Java 15.0.1 on wujun-MacBookPro.local with PID 26959 (/Users/wujun/Desktop/im/Backend/course/target/classes started by wujun in /Users/wujun/Desktop/im/Backend/course)
2021-05-29 16:30:43.900 -DEBUG 26959 [           main] com.tsinghua.course.CourseApplication : Running with Spring Boot v2.4.2, Spring v5.3.3
2021-05-29 16:30:43.900 -INFO 26959 [           main] com.tsinghua.course.CourseApplication : No active profile set, falling back to default profiles: default
2021-05-29 16:30:44.352 -INFO 26959 [           main] org.springframework.data.repository.config.RepositoryConfigurationDelegate : Multiple Spring Data modules found, entering strict repository configuration mode!
2021-05-29 16:30:44.352 -INFO 26959 [           main] org.springframework.data.repository.config.RepositoryConfigurationDelegate : Bootstrapping Spring Data MongoDB repositories in DEFAULT mode.
2021-05-29 16:30:44.367 -INFO 26959 [           main] org.springframework.data.repository.config.RepositoryConfigurationDelegate : Finished Spring Data repository scanning in 12 ms. Found 0 MongoDB repository interfaces.
2021-05-29 16:30:44.378 -INFO 26959 [           main] org.springframework.data.repository.config.RepositoryConfigurationDelegate : Multiple Spring Data modules found, entering strict repository configuration mode!
2021-05-29 16:30:44.379 -INFO 26959 [           main] org.springframework.data.repository.config.RepositoryConfigurationDelegate : Bootstrapping Spring Data Redis repositories in DEFAULT mode.
2021-05-29 16:30:44.393 -INFO 26959 [           main] org.springframework.data.repository.config.RepositoryConfigurationDelegate : Finished Spring Data repository scanning in 6 ms. Found 0 Redis repository interfaces.
2021-05-29 16:30:44.768 -INFO 26959 [           main] org.springframework.boot.web.embedded.tomcat.TomcatWebServer : Tomcat initialized with port(s): 8080 (http)
2021-05-29 16:30:44.775 -INFO 26959 [           main] org.apache.coyote.http11.Http11NioProtocol : Initializing ProtocolHandler ["http-nio-8080"]
2021-05-29 16:30:44.775 -INFO 26959 [           main] org.apache.catalina.core.StandardService : Starting service [Tomcat]
2021-05-29 16:30:44.775 -INFO 26959 [           main] org.apache.catalina.core.StandardEngine : Starting Servlet engine: [Apache Tomcat/9.0.41]
2021-05-29 16:30:44.840 -INFO 26959 [           main] org.apache.catalina.core.ContainerBase.[Tomcat].[localhost].[/] : Initializing Spring embedded WebApplicationContext
2021-05-29 16:30:44.840 -INFO 26959 [           main] org.springframework.boot.web.servlet.context.ServletWebServerApplicationContext : Root WebApplicationContext: initialization completed in 911 ms
2021-05-29 16:30:44.937 -INFO 26959 [           main] org.mongodb.driver.cluster : Cluster created with settings {hosts=[localhost:27017], mode=SINGLE, requiredClusterType=UNKNOWN, serverSelectionTimeout='30000 ms'}
2021-05-29 16:30:44.971 -INFO 26959 [localhost:27017] org.mongodb.driver.cluster : Exception in monitor thread while connecting to server localhost:27017
com.mongodb.MongoSocketOpenException: Exception opening socket
	at com.mongodb.internal.connection.SocketStream.open(SocketStream.java:70)
	at com.mongodb.internal.connection.InternalStreamConnection.open(InternalStreamConnection.java:143)
	at com.mongodb.internal.connection.DefaultServerMonitor$ServerMonitorRunnable.lookupServerDescription(DefaultServerMonitor.java:188)
	at com.mongodb.internal.connection.DefaultServerMonitor$ServerMonitorRunnable.run(DefaultServerMonitor.java:144)
	at java.base/java.lang.Thread.run(Thread.java:832)
Caused by: java.net.ConnectException: Connection refused
	at java.base/sun.nio.ch.Net.pollConnect(Native Method)
	at java.base/sun.nio.ch.Net.pollConnectNow(Net.java:660)
	at java.base/sun.nio.ch.NioSocketImpl.timedFinishConnect(NioSocketImpl.java:542)
	at java.base/sun.nio.ch.NioSocketImpl.connect(NioSocketImpl.java:597)
	at java.base/java.net.SocksSocketImpl.connect(SocksSocketImpl.java:333)
	at java.base/java.net.Socket.connect(Socket.java:648)
	at com.mongodb.internal.connection.SocketStreamHelper.initialize(SocketStreamHelper.java:78)
	at com.mongodb.internal.connection.SocketStream.initializeSocket(SocketStream.java:79)
	at com.mongodb.internal.connection.SocketStream.open(SocketStream.java:65)
	... 4 common frames omitted
2021-05-29 16:30:45.389 -INFO 26959 [           main] org.quartz.impl.StdSchedulerFactory : Using default implementation for ThreadExecutor
2021-05-29 16:30:45.398 -INFO 26959 [           main] org.quartz.core.SchedulerSignalerImpl : Initialized Scheduler Signaller of type: class org.quartz.core.SchedulerSignalerImpl
2021-05-29 16:30:45.398 -INFO 26959 [           main] org.quartz.core.QuartzScheduler : Quartz Scheduler v.2.3.2 created.
2021-05-29 16:30:45.399 -INFO 26959 [           main] org.quartz.simpl.RAMJobStore : RAMJobStore initialized.
2021-05-29 16:30:45.399 -INFO 26959 [           main] org.quartz.core.QuartzScheduler : Scheduler meta-data: Quartz Scheduler (v2.3.2) 'quartzScheduler' with instanceId 'NON_CLUSTERED'
  Scheduler class: 'org.quartz.core.QuartzScheduler' - running locally.
  NOT STARTED.
  Currently in standby mode.
  Number of jobs executed: 0
  Using thread pool 'org.quartz.simpl.SimpleThreadPool' - with 10 threads.
  Using job-store 'org.quartz.simpl.RAMJobStore' - which does not support persistence. and is not clustered.

2021-05-29 16:30:45.399 -INFO 26959 [           main] org.quartz.impl.StdSchedulerFactory : Quartz scheduler 'quartzScheduler' initialized from an externally provided properties instance.
2021-05-29 16:30:45.399 -INFO 26959 [           main] org.quartz.impl.StdSchedulerFactory : Quartz scheduler version: 2.3.2
2021-05-29 16:30:45.399 -INFO 26959 [           main] org.quartz.core.QuartzScheduler : JobFactory set to: org.springframework.scheduling.quartz.SpringBeanJobFactory@1c3b6963
2021-05-29 16:30:45.547 -INFO 26959 [           main] org.springframework.scheduling.concurrent.ThreadPoolTaskExecutor : Initializing ExecutorService 'applicationTaskExecutor'
2021-05-29 16:30:45.697 -INFO 26959 [           main] org.apache.coyote.http11.Http11NioProtocol : Starting ProtocolHandler ["http-nio-8080"]
2021-05-29 16:30:45.715 -INFO 26959 [           main] org.springframework.boot.web.embedded.tomcat.TomcatWebServer : Tomcat started on port(s): 8080 (http) with context path ''
2021-05-29 16:30:45.716 -INFO 26959 [           main] org.springframework.scheduling.quartz.SchedulerFactoryBean : Starting Quartz Scheduler now
2021-05-29 16:30:45.716 -INFO 26959 [           main] org.quartz.core.QuartzScheduler : Scheduler quartzScheduler_$_NON_CLUSTERED started.
2021-05-29 16:30:45.724 -INFO 26959 [           main] com.tsinghua.course.CourseApplication : Started CourseApplication in 2.064 seconds (JVM running for 2.999)
2021-05-29 16:31:05.889 -INFO 26959 [ntLoopGroup-6-1] org.reflections.Reflections : Reflections took 32 ms to scan 1 urls, producing 4 keys and 33 values 
2021-05-29 16:31:05.937 -INFO 26959 [ntLoopGroup-6-1] org.mongodb.driver.cluster : Cluster description not yet available. Waiting for 30000 ms before timing out
2021-05-29 16:31:35.951 -ERROR 26959 [ntLoopGroup-6-1] com.tsinghua.course.CourseApplication : wujun97-USER_LOGIN-{"bizType":"USER_LOGIN","password":"emily0202@","username":"wujun97"}-org.springframework.dao.DataAccessResourceFailureException: Timed out after 30000 ms while waiting to connect. Client view of cluster state is {type=UNKNOWN, servers=[{address=localhost:27017, type=UNKNOWN, state=CONNECTING, exception={com.mongodb.MongoSocketOpenException: Exception opening socket}, caused by {java.net.ConnectException: Connection refused}}]; nested exception is com.mongodb.MongoTimeoutException: Timed out after 30000 ms while waiting to connect. Client view of cluster state is {type=UNKNOWN, servers=[{address=localhost:27017, type=UNKNOWN, state=CONNECTING, exception={com.mongodb.MongoSocketOpenException: Exception opening socket}, caused by {java.net.ConnectException: Connection refused}}]-com.tsinghua.course.Biz.Processor.UserProcessor#getUserByUsername#32/com.tsinghua.course.Biz.Controller.UserController#userLogin#41/com.tsinghua.course.Biz.Controller.UserController$$FastClassBySpringCGLIB$$6597439b#invoke#-1/com.tsinghua.course.Biz.Controller.UserController$$EnhancerBySpringCGLIB$$4bb2d4c5#userLogin#-1/com.tsinghua.course.Biz.Dispatcher#dispatch#75/com.tsinghua.course.Biz.Handler.HttpHandler#channelRead0#109/com.tsinghua.course.Biz.Handler.HttpHandler#channelRead0#50/
2021-05-29 16:32:27.070 -INFO 26959 [ntLoopGroup-6-2] org.reflections.Reflections : Reflections took 15 ms to scan 1 urls, producing 4 keys and 33 values 
2021-05-29 16:32:27.072 -INFO 26959 [ntLoopGroup-6-2] org.mongodb.driver.cluster : Cluster description not yet available. Waiting for 30000 ms before timing out
2021-05-29 16:32:57.078 -ERROR 26959 [ntLoopGroup-6-2] com.tsinghua.course.CourseApplication : wujun97-USER_LOGIN-{"bizType":"USER_LOGIN","password":"emily0202@","username":"wujun97"}-org.springframework.dao.DataAccessResourceFailureException: Timed out after 30000 ms while waiting to connect. Client view of cluster state is {type=UNKNOWN, servers=[{address=localhost:27017, type=UNKNOWN, state=CONNECTING, exception={com.mongodb.MongoSocketOpenException: Exception opening socket}, caused by {java.net.ConnectException: Connection refused}}]; nested exception is com.mongodb.MongoTimeoutException: Timed out after 30000 ms while waiting to connect. Client view of cluster state is {type=UNKNOWN, servers=[{address=localhost:27017, type=UNKNOWN, state=CONNECTING, exception={com.mongodb.MongoSocketOpenException: Exception opening socket}, caused by {java.net.ConnectException: Connection refused}}]-com.tsinghua.course.Biz.Processor.UserProcessor#getUserByUsername#32/com.tsinghua.course.Biz.Controller.UserController#userLogin#41/com.tsinghua.course.Biz.Controller.UserController$$FastClassBySpringCGLIB$$6597439b#invoke#-1/com.tsinghua.course.Biz.Controller.UserController$$EnhancerBySpringCGLIB$$4bb2d4c5#userLogin#-1/com.tsinghua.course.Biz.Dispatcher#dispatch#75/com.tsinghua.course.Biz.Handler.HttpHandler#channelRead0#109/com.tsinghua.course.Biz.Handler.HttpHandler#channelRead0#50/
2021-05-29 16:35:44.833 -INFO 26959 [ntLoopGroup-6-3] org.reflections.Reflections : Reflections took 15 ms to scan 1 urls, producing 4 keys and 33 values 
2021-05-29 16:35:44.834 -INFO 26959 [ntLoopGroup-6-3] org.mongodb.driver.cluster : Cluster description not yet available. Waiting for 30000 ms before timing out
2021-05-29 16:35:54.851 -INFO 26959 [ntLoopGroup-6-4] org.reflections.Reflections : Reflections took 9 ms to scan 1 urls, producing 4 keys and 33 values 
2021-05-29 16:35:54.853 -INFO 26959 [ntLoopGroup-6-4] org.mongodb.driver.cluster : Cluster description not yet available. Waiting for 30000 ms before timing out
2021-05-29 16:36:14.838 -ERROR 26959 [ntLoopGroup-6-3] com.tsinghua.course.CourseApplication : wujun97-USER_LOGIN-{"bizType":"USER_LOGIN","password":"emily0202@","username":"wujun97"}-org.springframework.dao.DataAccessResourceFailureException: Timed out after 30000 ms while waiting to connect. Client view of cluster state is {type=UNKNOWN, servers=[{address=localhost:27017, type=UNKNOWN, state=CONNECTING, exception={com.mongodb.MongoSocketOpenException: Exception opening socket}, caused by {java.net.ConnectException: Connection refused}}]; nested exception is com.mongodb.MongoTimeoutException: Timed out after 30000 ms while waiting to connect. Client view of cluster state is {type=UNKNOWN, servers=[{address=localhost:27017, type=UNKNOWN, state=CONNECTING, exception={com.mongodb.MongoSocketOpenException: Exception opening socket}, caused by {java.net.ConnectException: Connection refused}}]-com.tsinghua.course.Biz.Processor.UserProcessor#getUserByUsername#32/com.tsinghua.course.Biz.Controller.UserController#userLogin#41/com.tsinghua.course.Biz.Controller.UserController$$FastClassBySpringCGLIB$$6597439b#invoke#-1/com.tsinghua.course.Biz.Controller.UserController$$EnhancerBySpringCGLIB$$4bb2d4c5#userLogin#-1/com.tsinghua.course.Biz.Dispatcher#dispatch#75/com.tsinghua.course.Biz.Handler.HttpHandler#channelRead0#109/com.tsinghua.course.Biz.Handler.HttpHandler#channelRead0#50/
2021-05-29 16:36:24.857 -ERROR 26959 [ntLoopGroup-6-4] com.tsinghua.course.CourseApplication : wujun97-USER_LOGIN-{"bizType":"USER_LOGIN","password":"emily0202@","username":"wujun97"}-org.springframework.dao.DataAccessResourceFailureException: Timed out after 30000 ms while waiting to connect. Client view of cluster state is {type=UNKNOWN, servers=[{address=localhost:27017, type=UNKNOWN, state=CONNECTING, exception={com.mongodb.MongoSocketOpenException: Exception opening socket}, caused by {java.net.ConnectException: Connection refused}}]; nested exception is com.mongodb.MongoTimeoutException: Timed out after 30000 ms while waiting to connect. Client view of cluster state is {type=UNKNOWN, servers=[{address=localhost:27017, type=UNKNOWN, state=CONNECTING, exception={com.mongodb.MongoSocketOpenException: Exception opening socket}, caused by {java.net.ConnectException: Connection refused}}]-com.tsinghua.course.Biz.Processor.UserProcessor#getUserByUsername#32/com.tsinghua.course.Biz.Controller.UserController#userLogin#41/com.tsinghua.course.Biz.Controller.UserController$$FastClassBySpringCGLIB$$6597439b#invoke#-1/com.tsinghua.course.Biz.Controller.UserController$$EnhancerBySpringCGLIB$$4bb2d4c5#userLogin#-1/com.tsinghua.course.Biz.Dispatcher#dispatch#75/com.tsinghua.course.Biz.Handler.HttpHandler#channelRead0#109/com.tsinghua.course.Biz.Handler.HttpHandler#channelRead0#50/
2021-05-29 16:36:45.557 -INFO 26959 [ntLoopGroup-6-5] org.reflections.Reflections : Reflections took 14 ms to scan 1 urls, producing 4 keys and 33 values 
2021-05-29 16:36:45.558 -INFO 26959 [ntLoopGroup-6-5] org.mongodb.driver.cluster : Cluster description not yet available. Waiting for 30000 ms before timing out
2021-05-29 16:37:15.563 -ERROR 26959 [ntLoopGroup-6-5] com.tsinghua.course.CourseApplication : wujun97-USER_LOGIN-{"bizType":"USER_LOGIN","password":"emily0202@","username":"wujun97"}-org.springframework.dao.DataAccessResourceFailureException: Timed out after 30000 ms while waiting to connect. Client view of cluster state is {type=UNKNOWN, servers=[{address=localhost:27017, type=UNKNOWN, state=CONNECTING, exception={com.mongodb.MongoSocketOpenException: Exception opening socket}, caused by {java.net.ConnectException: Connection refused}}]; nested exception is com.mongodb.MongoTimeoutException: Timed out after 30000 ms while waiting to connect. Client view of cluster state is {type=UNKNOWN, servers=[{address=localhost:27017, type=UNKNOWN, state=CONNECTING, exception={com.mongodb.MongoSocketOpenException: Exception opening socket}, caused by {java.net.ConnectException: Connection refused}}]-com.tsinghua.course.Biz.Processor.UserProcessor#getUserByUsername#32/com.tsinghua.course.Biz.Controller.UserController#userLogin#41/com.tsinghua.course.Biz.Controller.UserController$$FastClassBySpringCGLIB$$6597439b#invoke#-1/com.tsinghua.course.Biz.Controller.UserController$$EnhancerBySpringCGLIB$$4bb2d4c5#userLogin#-1/com.tsinghua.course.Biz.Dispatcher#dispatch#75/com.tsinghua.course.Biz.Handler.HttpHandler#channelRead0#109/com.tsinghua.course.Biz.Handler.HttpHandler#channelRead0#50/
2021-05-29 16:37:47.142 -INFO 26959 [ntLoopGroup-6-6] org.reflections.Reflections : Reflections took 16 ms to scan 1 urls, producing 4 keys and 33 values 
2021-05-29 16:37:47.149 -INFO 26959 [ntLoopGroup-6-6] org.mongodb.driver.cluster : Cluster description not yet available. Waiting for 30000 ms before timing out
2021-05-29 16:37:57.141 -INFO 26959 [ntLoopGroup-6-7] org.reflections.Reflections : Reflections took 7 ms to scan 1 urls, producing 4 keys and 33 values 
2021-05-29 16:37:57.142 -INFO 26959 [ntLoopGroup-6-7] org.mongodb.driver.cluster : Cluster description not yet available. Waiting for 30000 ms before timing out
2021-05-29 16:38:10.044 -INFO 26959 [ntLoopGroup-6-8] org.reflections.Reflections : Reflections took 4 ms to scan 1 urls, producing 4 keys and 33 values 
2021-05-29 16:38:10.044 -INFO 26959 [ntLoopGroup-6-8] org.mongodb.driver.cluster : Cluster description not yet available. Waiting for 30000 ms before timing out
2021-05-29 16:38:17.156 -ERROR 26959 [ntLoopGroup-6-6] com.tsinghua.course.CourseApplication : wujun97-USER_LOGIN-{"bizType":"USER_LOGIN","password":"emily0202@","username":"wujun97"}-org.springframework.dao.DataAccessResourceFailureException: Timed out after 30000 ms while waiting to connect. Client view of cluster state is {type=UNKNOWN, servers=[{address=localhost:27017, type=UNKNOWN, state=CONNECTING, exception={com.mongodb.MongoSocketOpenException: Exception opening socket}, caused by {java.net.ConnectException: Connection refused}}]; nested exception is com.mongodb.MongoTimeoutException: Timed out after 30000 ms while waiting to connect. Client view of cluster state is {type=UNKNOWN, servers=[{address=localhost:27017, type=UNKNOWN, state=CONNECTING, exception={com.mongodb.MongoSocketOpenException: Exception opening socket}, caused by {java.net.ConnectException: Connection refused}}]-com.tsinghua.course.Biz.Processor.UserProcessor#getUserByUsername#32/com.tsinghua.course.Biz.Controller.UserController#userLogin#41/com.tsinghua.course.Biz.Controller.UserController$$FastClassBySpringCGLIB$$6597439b#invoke#-1/com.tsinghua.course.Biz.Controller.UserController$$EnhancerBySpringCGLIB$$4bb2d4c5#userLogin#-1/com.tsinghua.course.Biz.Dispatcher#dispatch#75/com.tsinghua.course.Biz.Handler.HttpHandler#channelRead0#109/com.tsinghua.course.Biz.Handler.HttpHandler#channelRead0#50/
2021-05-29 16:38:27.146 -ERROR 26959 [ntLoopGroup-6-7] com.tsinghua.course.CourseApplication : wujun97-USER_LOGIN-{"bizType":"USER_LOGIN","password":"emily0202@","username":"wujun97"}-org.springframework.dao.DataAccessResourceFailureException: Timed out after 30000 ms while waiting to connect. Client view of cluster state is {type=UNKNOWN, servers=[{address=localhost:27017, type=UNKNOWN, state=CONNECTING, exception={com.mongodb.MongoSocketOpenException: Exception opening socket}, caused by {java.net.ConnectException: Connection refused}}]; nested exception is com.mongodb.MongoTimeoutException: Timed out after 30000 ms while waiting to connect. Client view of cluster state is {type=UNKNOWN, servers=[{address=localhost:27017, type=UNKNOWN, state=CONNECTING, exception={com.mongodb.MongoSocketOpenException: Exception opening socket}, caused by {java.net.ConnectException: Connection refused}}]-com.tsinghua.course.Biz.Processor.UserProcessor#getUserByUsername#32/com.tsinghua.course.Biz.Controller.UserController#userLogin#41/com.tsinghua.course.Biz.Controller.UserController$$FastClassBySpringCGLIB$$6597439b#invoke#-1/com.tsinghua.course.Biz.Controller.UserController$$EnhancerBySpringCGLIB$$4bb2d4c5#userLogin#-1/com.tsinghua.course.Biz.Dispatcher#dispatch#75/com.tsinghua.course.Biz.Handler.HttpHandler#channelRead0#109/com.tsinghua.course.Biz.Handler.HttpHandler#channelRead0#50/
2021-05-29 16:38:30.184 -INFO 26959 [ntLoopGroup-6-9] org.reflections.Reflections : Reflections took 11 ms to scan 1 urls, producing 4 keys and 33 values 
2021-05-29 16:38:30.185 -INFO 26959 [ntLoopGroup-6-9] org.mongodb.driver.cluster : Cluster description not yet available. Waiting for 30000 ms before timing out
2021-05-29 16:38:34.874 -INFO 26959 [tLoopGroup-6-10] org.reflections.Reflections : Reflections took 4 ms to scan 1 urls, producing 4 keys and 33 values 
2021-05-29 16:38:34.883 -INFO 26959 [tLoopGroup-6-10] org.mongodb.driver.cluster : Cluster description not yet available. Waiting for 30000 ms before timing out
2021-05-29 16:38:40.048 -ERROR 26959 [ntLoopGroup-6-8] com.tsinghua.course.CourseApplication : wujun97-USER_LOGIN-{"bizType":"USER_LOGIN","password":"emily0202@","username":"wujun97"}-org.springframework.dao.DataAccessResourceFailureException: Timed out after 30000 ms while waiting to connect. Client view of cluster state is {type=UNKNOWN, servers=[{address=localhost:27017, type=UNKNOWN, state=CONNECTING, exception={com.mongodb.MongoSocketOpenException: Exception opening socket}, caused by {java.net.ConnectException: Connection refused}}]; nested exception is com.mongodb.MongoTimeoutException: Timed out after 30000 ms while waiting to connect. Client view of cluster state is {type=UNKNOWN, servers=[{address=localhost:27017, type=UNKNOWN, state=CONNECTING, exception={com.mongodb.MongoSocketOpenException: Exception opening socket}, caused by {java.net.ConnectException: Connection refused}}]-com.tsinghua.course.Biz.Processor.UserProcessor#getUserByUsername#32/com.tsinghua.course.Biz.Controller.UserController#userLogin#41/com.tsinghua.course.Biz.Controller.UserController$$FastClassBySpringCGLIB$$6597439b#invoke#-1/com.tsinghua.course.Biz.Controller.UserController$$EnhancerBySpringCGLIB$$4bb2d4c5#userLogin#-1/com.tsinghua.course.Biz.Dispatcher#dispatch#75/com.tsinghua.course.Biz.Handler.HttpHandler#channelRead0#109/com.tsinghua.course.Biz.Handler.HttpHandler#channelRead0#50/
2021-05-29 16:39:00.189 -ERROR 26959 [ntLoopGroup-6-9] com.tsinghua.course.CourseApplication : test-USER_LOGIN-{"bizType":"USER_LOGIN","password":"test","username":"test"}-org.springframework.dao.DataAccessResourceFailureException: Timed out after 30000 ms while waiting to connect. Client view of cluster state is {type=UNKNOWN, servers=[{address=localhost:27017, type=UNKNOWN, state=CONNECTING, exception={com.mongodb.MongoSocketOpenException: Exception opening socket}, caused by {java.net.ConnectException: Connection refused}}]; nested exception is com.mongodb.MongoTimeoutException: Timed out after 30000 ms while waiting to connect. Client view of cluster state is {type=UNKNOWN, servers=[{address=localhost:27017, type=UNKNOWN, state=CONNECTING, exception={com.mongodb.MongoSocketOpenException: Exception opening socket}, caused by {java.net.ConnectException: Connection refused}}]-com.tsinghua.course.Biz.Processor.UserProcessor#getUserByUsername#32/com.tsinghua.course.Biz.Controller.UserController#userLogin#41/com.tsinghua.course.Biz.Controller.UserController$$FastClassBySpringCGLIB$$6597439b#invoke#-1/com.tsinghua.course.Biz.Controller.UserController$$EnhancerBySpringCGLIB$$4bb2d4c5#userLogin#-1/com.tsinghua.course.Biz.Dispatcher#dispatch#75/com.tsinghua.course.Biz.Handler.HttpHandler#channelRead0#109/com.tsinghua.course.Biz.Handler.HttpHandler#channelRead0#50/
2021-05-29 16:39:04.885 -ERROR 26959 [tLoopGroup-6-10] com.tsinghua.course.CourseApplication : wujun97-USER_MYINFO-{"bizType":"USER_MYINFO","username":"wujun97"}-org.springframework.dao.DataAccessResourceFailureException: Timed out after 30000 ms while waiting to connect. Client view of cluster state is {type=UNKNOWN, servers=[{address=localhost:27017, type=UNKNOWN, state=CONNECTING, exception={com.mongodb.MongoSocketOpenException: Exception opening socket}, caused by {java.net.ConnectException: Connection refused}}]; nested exception is com.mongodb.MongoTimeoutException: Timed out after 30000 ms while waiting to connect. Client view of cluster state is {type=UNKNOWN, servers=[{address=localhost:27017, type=UNKNOWN, state=CONNECTING, exception={com.mongodb.MongoSocketOpenException: Exception opening socket}, caused by {java.net.ConnectException: Connection refused}}]-com.tsinghua.course.Biz.Processor.UserProcessor#getUserByUsername#32/com.tsinghua.course.Biz.Dispatcher#dispatch#69/com.tsinghua.course.Biz.Handler.HttpHandler#channelRead0#109/com.tsinghua.course.Biz.Handler.HttpHandler#channelRead0#50/
2021-05-29 16:40:27.997 -INFO 26959 [tLoopGroup-6-11] org.reflections.Reflections : Reflections took 15 ms to scan 1 urls, producing 4 keys and 33 values 
2021-05-29 16:40:27.998 -INFO 26959 [tLoopGroup-6-11] org.mongodb.driver.cluster : Cluster description not yet available. Waiting for 30000 ms before timing out
2021-05-29 16:40:38.032 -INFO 26959 [tLoopGroup-6-12] org.reflections.Reflections : Reflections took 8 ms to scan 1 urls, producing 4 keys and 33 values 
2021-05-29 16:40:38.033 -INFO 26959 [tLoopGroup-6-12] org.mongodb.driver.cluster : Cluster description not yet available. Waiting for 30000 ms before timing out
2021-05-29 16:40:58.002 -ERROR 26959 [tLoopGroup-6-11] com.tsinghua.course.CourseApplication : test-USER_LOGIN-{"bizType":"USER_LOGIN","password":"test","username":"test"}-org.springframework.dao.DataAccessResourceFailureException: Timed out after 30000 ms while waiting to connect. Client view of cluster state is {type=UNKNOWN, servers=[{address=localhost:27017, type=UNKNOWN, state=CONNECTING, exception={com.mongodb.MongoSocketOpenException: Exception opening socket}, caused by {java.net.ConnectException: Connection refused}}]; nested exception is com.mongodb.MongoTimeoutException: Timed out after 30000 ms while waiting to connect. Client view of cluster state is {type=UNKNOWN, servers=[{address=localhost:27017, type=UNKNOWN, state=CONNECTING, exception={com.mongodb.MongoSocketOpenException: Exception opening socket}, caused by {java.net.ConnectException: Connection refused}}]-com.tsinghua.course.Biz.Processor.UserProcessor#getUserByUsername#32/com.tsinghua.course.Biz.Controller.UserController#userLogin#41/com.tsinghua.course.Biz.Controller.UserController$$FastClassBySpringCGLIB$$6597439b#invoke#-1/com.tsinghua.course.Biz.Controller.UserController$$EnhancerBySpringCGLIB$$4bb2d4c5#userLogin#-1/com.tsinghua.course.Biz.Dispatcher#dispatch#75/com.tsinghua.course.Biz.Handler.HttpHandler#channelRead0#109/com.tsinghua.course.Biz.Handler.HttpHandler#channelRead0#50/
2021-05-29 16:41:08.034 -ERROR 26959 [tLoopGroup-6-12] com.tsinghua.course.CourseApplication : test-USER_LOGIN-{"bizType":"USER_LOGIN","password":"test","username":"test"}-org.springframework.dao.DataAccessResourceFailureException: Timed out after 30000 ms while waiting to connect. Client view of cluster state is {type=UNKNOWN, servers=[{address=localhost:27017, type=UNKNOWN, state=CONNECTING, exception={com.mongodb.MongoSocketOpenException: Exception opening socket}, caused by {java.net.ConnectException: Connection refused}}]; nested exception is com.mongodb.MongoTimeoutException: Timed out after 30000 ms while waiting to connect. Client view of cluster state is {type=UNKNOWN, servers=[{address=localhost:27017, type=UNKNOWN, state=CONNECTING, exception={com.mongodb.MongoSocketOpenException: Exception opening socket}, caused by {java.net.ConnectException: Connection refused}}]-com.tsinghua.course.Biz.Processor.UserProcessor#getUserByUsername#32/com.tsinghua.course.Biz.Controller.UserController#userLogin#41/com.tsinghua.course.Biz.Controller.UserController$$FastClassBySpringCGLIB$$6597439b#invoke#-1/com.tsinghua.course.Biz.Controller.UserController$$EnhancerBySpringCGLIB$$4bb2d4c5#userLogin#-1/com.tsinghua.course.Biz.Dispatcher#dispatch#75/com.tsinghua.course.Biz.Handler.HttpHandler#channelRead0#109/com.tsinghua.course.Biz.Handler.HttpHandler#channelRead0#50/
2021-05-29 16:42:04.934 -INFO 26959 [tLoopGroup-6-13] org.reflections.Reflections : Reflections took 11 ms to scan 1 urls, producing 4 keys and 33 values 
2021-05-29 16:42:04.935 -INFO 26959 [tLoopGroup-6-13] org.mongodb.driver.cluster : Cluster description not yet available. Waiting for 30000 ms before timing out
2021-05-29 16:42:34.940 -ERROR 26959 [tLoopGroup-6-13] com.tsinghua.course.CourseApplication : test-USER_LOGIN-{"bizType":"USER_LOGIN","password":"test","username":"test"}-org.springframework.dao.DataAccessResourceFailureException: Timed out after 30000 ms while waiting to connect. Client view of cluster state is {type=UNKNOWN, servers=[{address=localhost:27017, type=UNKNOWN, state=CONNECTING, exception={com.mongodb.MongoSocketOpenException: Exception opening socket}, caused by {java.net.ConnectException: Connection refused}}]; nested exception is com.mongodb.MongoTimeoutException: Timed out after 30000 ms while waiting to connect. Client view of cluster state is {type=UNKNOWN, servers=[{address=localhost:27017, type=UNKNOWN, state=CONNECTING, exception={com.mongodb.MongoSocketOpenException: Exception opening socket}, caused by {java.net.ConnectException: Connection refused}}]-com.tsinghua.course.Biz.Processor.UserProcessor#getUserByUsername#32/com.tsinghua.course.Biz.Controller.UserController#userLogin#41/com.tsinghua.course.Biz.Controller.UserController$$FastClassBySpringCGLIB$$6597439b#invoke#-1/com.tsinghua.course.Biz.Controller.UserController$$EnhancerBySpringCGLIB$$4bb2d4c5#userLogin#-1/com.tsinghua.course.Biz.Dispatcher#dispatch#75/com.tsinghua.course.Biz.Handler.HttpHandler#channelRead0#109/com.tsinghua.course.Biz.Handler.HttpHandler#channelRead0#50/
2021-05-29 16:42:52.778 -INFO 26959 [tLoopGroup-6-14] org.reflections.Reflections : Reflections took 10 ms to scan 1 urls, producing 4 keys and 33 values 
2021-05-29 16:42:52.801 -WARN 26959 [tLoopGroup-6-14] com.tsinghua.course.CourseApplication : null-USER_MYINFO-{"bizType":"USER_MYINFO"}-UserWarn002-com.tsinghua.course.Biz.Controller.UserController$$EnhancerBySpringCGLIB$$4bb2d4c5#userMyInfo#-1/
2021-05-29 16:42:54.156 -INFO 26959 [tLoopGroup-6-15] org.reflections.Reflections : Reflections took 4 ms to scan 1 urls, producing 4 keys and 33 values 
2021-05-29 16:42:54.157 -WARN 26959 [tLoopGroup-6-15] com.tsinghua.course.CourseApplication : null-USER_MYINFO-{"bizType":"USER_MYINFO"}-UserWarn002-com.tsinghua.course.Biz.Controller.UserController$$EnhancerBySpringCGLIB$$4bb2d4c5#userMyInfo#-1/
2021-05-29 16:42:58.635 -INFO 26959 [tLoopGroup-6-16] org.reflections.Reflections : Reflections took 9 ms to scan 1 urls, producing 4 keys and 33 values 
2021-05-29 16:42:58.641 -INFO 26959 [tLoopGroup-6-16] org.mongodb.driver.cluster : Cluster description not yet available. Waiting for 30000 ms before timing out
2021-05-29 16:43:28.641 -ERROR 26959 [tLoopGroup-6-16] com.tsinghua.course.CourseApplication : wujun97-USER_LOGIN-{"bizType":"USER_LOGIN","password":"emily0202@","username":"wujun97"}-org.springframework.dao.DataAccessResourceFailureException: Timed out after 30000 ms while waiting to connect. Client view of cluster state is {type=UNKNOWN, servers=[{address=localhost:27017, type=UNKNOWN, state=CONNECTING, exception={com.mongodb.MongoSocketOpenException: Exception opening socket}, caused by {java.net.ConnectException: Connection refused}}]; nested exception is com.mongodb.MongoTimeoutException: Timed out after 30000 ms while waiting to connect. Client view of cluster state is {type=UNKNOWN, servers=[{address=localhost:27017, type=UNKNOWN, state=CONNECTING, exception={com.mongodb.MongoSocketOpenException: Exception opening socket}, caused by {java.net.ConnectException: Connection refused}}]-com.tsinghua.course.Biz.Processor.UserProcessor#getUserByUsername#32/com.tsinghua.course.Biz.Controller.UserController#userLogin#41/com.tsinghua.course.Biz.Controller.UserController$$FastClassBySpringCGLIB$$6597439b#invoke#-1/com.tsinghua.course.Biz.Controller.UserController$$EnhancerBySpringCGLIB$$4bb2d4c5#userLogin#-1/com.tsinghua.course.Biz.Dispatcher#dispatch#75/com.tsinghua.course.Biz.Handler.HttpHandler#channelRead0#109/com.tsinghua.course.Biz.Handler.HttpHandler#channelRead0#50/
2021-05-29 16:45:11.063 -INFO 26959 [extShutdownHook] org.quartz.core.QuartzScheduler : Scheduler quartzScheduler_$_NON_CLUSTERED paused.
2021-05-29 16:45:11.096 -INFO 26959 [extShutdownHook] org.springframework.scheduling.concurrent.ThreadPoolTaskExecutor : Shutting down ExecutorService 'applicationTaskExecutor'
2021-05-29 16:45:11.096 -INFO 26959 [extShutdownHook] org.springframework.scheduling.quartz.SchedulerFactoryBean : Shutting down Quartz Scheduler
2021-05-29 16:45:11.096 -INFO 26959 [extShutdownHook] org.quartz.core.QuartzScheduler : Scheduler quartzScheduler_$_NON_CLUSTERED shutting down.
2021-05-29 16:45:11.096 -INFO 26959 [extShutdownHook] org.quartz.core.QuartzScheduler : Scheduler quartzScheduler_$_NON_CLUSTERED paused.
2021-05-29 16:45:11.096 -INFO 26959 [extShutdownHook] org.quartz.core.QuartzScheduler : Scheduler quartzScheduler_$_NON_CLUSTERED shutdown complete.
2021-05-29 20:58:46.295 -INFO 1220 [           main] com.tsinghua.course.CourseApplication : Starting CourseApplication using Java 15.0.1 on wujun-MacBookPro.local with PID 1220 (/Users/wujun/Desktop/im/Backend/course/target/classes started by wujun in /Users/wujun/Desktop/im/Backend/course)
2021-05-29 20:58:46.297 -DEBUG 1220 [           main] com.tsinghua.course.CourseApplication : Running with Spring Boot v2.4.2, Spring v5.3.3
2021-05-29 20:58:46.297 -INFO 1220 [           main] com.tsinghua.course.CourseApplication : No active profile set, falling back to default profiles: default
2021-05-29 20:58:47.169 -INFO 1220 [           main] org.springframework.data.repository.config.RepositoryConfigurationDelegate : Multiple Spring Data modules found, entering strict repository configuration mode!
2021-05-29 20:58:47.169 -INFO 1220 [           main] org.springframework.data.repository.config.RepositoryConfigurationDelegate : Bootstrapping Spring Data MongoDB repositories in DEFAULT mode.
2021-05-29 20:58:47.188 -INFO 1220 [           main] org.springframework.data.repository.config.RepositoryConfigurationDelegate : Finished Spring Data repository scanning in 15 ms. Found 0 MongoDB repository interfaces.
2021-05-29 20:58:47.200 -INFO 1220 [           main] org.springframework.data.repository.config.RepositoryConfigurationDelegate : Multiple Spring Data modules found, entering strict repository configuration mode!
2021-05-29 20:58:47.202 -INFO 1220 [           main] org.springframework.data.repository.config.RepositoryConfigurationDelegate : Bootstrapping Spring Data Redis repositories in DEFAULT mode.
2021-05-29 20:58:47.216 -INFO 1220 [           main] org.springframework.data.repository.config.RepositoryConfigurationDelegate : Finished Spring Data repository scanning in 6 ms. Found 0 Redis repository interfaces.
2021-05-29 20:58:47.608 -INFO 1220 [           main] org.springframework.boot.web.embedded.tomcat.TomcatWebServer : Tomcat initialized with port(s): 8080 (http)
2021-05-29 20:58:47.616 -INFO 1220 [           main] org.apache.coyote.http11.Http11NioProtocol : Initializing ProtocolHandler ["http-nio-8080"]
2021-05-29 20:58:47.616 -INFO 1220 [           main] org.apache.catalina.core.StandardService : Starting service [Tomcat]
2021-05-29 20:58:47.617 -INFO 1220 [           main] org.apache.catalina.core.StandardEngine : Starting Servlet engine: [Apache Tomcat/9.0.41]
2021-05-29 20:58:47.716 -INFO 1220 [           main] org.apache.catalina.core.ContainerBase.[Tomcat].[localhost].[/] : Initializing Spring embedded WebApplicationContext
2021-05-29 20:58:47.716 -INFO 1220 [           main] org.springframework.boot.web.servlet.context.ServletWebServerApplicationContext : Root WebApplicationContext: initialization completed in 1387 ms
2021-05-29 20:58:47.818 -INFO 1220 [           main] org.mongodb.driver.cluster : Cluster created with settings {hosts=[localhost:27017], mode=SINGLE, requiredClusterType=UNKNOWN, serverSelectionTimeout='30000 ms'}
2021-05-29 20:58:47.856 -INFO 1220 [localhost:27017] org.mongodb.driver.connection : Opened connection [connectionId{localValue:2, serverValue:1}] to localhost:27017
2021-05-29 20:58:47.856 -INFO 1220 [localhost:27017] org.mongodb.driver.connection : Opened connection [connectionId{localValue:1, serverValue:2}] to localhost:27017
2021-05-29 20:58:47.856 -INFO 1220 [localhost:27017] org.mongodb.driver.cluster : Monitor thread successfully connected to server with description ServerDescription{address=localhost:27017, type=STANDALONE, state=CONNECTED, ok=true, minWireVersion=0, maxWireVersion=2, maxDocumentSize=16777216, logicalSessionTimeoutMinutes=null, roundTripTimeNanos=15266168}
2021-05-29 20:58:48.208 -INFO 1220 [           main] org.quartz.impl.StdSchedulerFactory : Using default implementation for ThreadExecutor
2021-05-29 20:58:48.216 -INFO 1220 [           main] org.quartz.core.SchedulerSignalerImpl : Initialized Scheduler Signaller of type: class org.quartz.core.SchedulerSignalerImpl
2021-05-29 20:58:48.216 -INFO 1220 [           main] org.quartz.core.QuartzScheduler : Quartz Scheduler v.2.3.2 created.
2021-05-29 20:58:48.216 -INFO 1220 [           main] org.quartz.simpl.RAMJobStore : RAMJobStore initialized.
2021-05-29 20:58:48.217 -INFO 1220 [           main] org.quartz.core.QuartzScheduler : Scheduler meta-data: Quartz Scheduler (v2.3.2) 'quartzScheduler' with instanceId 'NON_CLUSTERED'
  Scheduler class: 'org.quartz.core.QuartzScheduler' - running locally.
  NOT STARTED.
  Currently in standby mode.
  Number of jobs executed: 0
  Using thread pool 'org.quartz.simpl.SimpleThreadPool' - with 10 threads.
  Using job-store 'org.quartz.simpl.RAMJobStore' - which does not support persistence. and is not clustered.

2021-05-29 20:58:48.217 -INFO 1220 [           main] org.quartz.impl.StdSchedulerFactory : Quartz scheduler 'quartzScheduler' initialized from an externally provided properties instance.
2021-05-29 20:58:48.217 -INFO 1220 [           main] org.quartz.impl.StdSchedulerFactory : Quartz scheduler version: 2.3.2
2021-05-29 20:58:48.217 -INFO 1220 [           main] org.quartz.core.QuartzScheduler : JobFactory set to: org.springframework.scheduling.quartz.SpringBeanJobFactory@559991f5
2021-05-29 20:58:48.346 -INFO 1220 [           main] org.springframework.scheduling.concurrent.ThreadPoolTaskExecutor : Initializing ExecutorService 'applicationTaskExecutor'
2021-05-29 20:58:48.509 -INFO 1220 [           main] org.apache.coyote.http11.Http11NioProtocol : Starting ProtocolHandler ["http-nio-8080"]
2021-05-29 20:58:48.525 -INFO 1220 [           main] org.springframework.boot.web.embedded.tomcat.TomcatWebServer : Tomcat started on port(s): 8080 (http) with context path ''
2021-05-29 20:58:48.526 -INFO 1220 [           main] org.springframework.scheduling.quartz.SchedulerFactoryBean : Starting Quartz Scheduler now
2021-05-29 20:58:48.526 -INFO 1220 [           main] org.quartz.core.QuartzScheduler : Scheduler quartzScheduler_$_NON_CLUSTERED started.
2021-05-29 20:58:48.534 -INFO 1220 [           main] com.tsinghua.course.CourseApplication : Started CourseApplication in 2.527 seconds (JVM running for 3.234)
2021-05-29 21:16:00.393 -INFO 1220 [ntLoopGroup-6-1] org.reflections.Reflections : Reflections took 65 ms to scan 1 urls, producing 4 keys and 33 values 
2021-05-29 21:16:00.476 -INFO 1220 [ntLoopGroup-6-1] org.mongodb.driver.connection : Opened connection [connectionId{localValue:3, serverValue:3}] to localhost:27017
2021-05-29 21:16:00.749 -INFO 1220 [ntLoopGroup-6-2] org.reflections.Reflections : Reflections took 5 ms to scan 1 urls, producing 4 keys and 33 values 
2021-05-29 21:16:41.649 -INFO 1220 [ntLoopGroup-6-3] org.reflections.Reflections : Reflections took 5 ms to scan 1 urls, producing 4 keys and 33 values 
2021-05-29 21:16:50.073 -INFO 1220 [ntLoopGroup-6-4] org.reflections.Reflections : Reflections took 5 ms to scan 1 urls, producing 4 keys and 33 values 
2021-05-29 21:16:50.358 -INFO 1220 [ntLoopGroup-6-5] org.reflections.Reflections : Reflections took 4 ms to scan 1 urls, producing 4 keys and 33 values 
2021-05-29 21:21:06.040 -INFO 1220 [ntLoopGroup-6-6] org.reflections.Reflections : Reflections took 13 ms to scan 1 urls, producing 4 keys and 33 values 
2021-05-29 21:21:06.474 -INFO 1220 [ntLoopGroup-6-7] org.reflections.Reflections : Reflections took 5 ms to scan 1 urls, producing 4 keys and 33 values 
2021-05-29 21:22:40.070 -INFO 1220 [ntLoopGroup-6-8] org.reflections.Reflections : Reflections took 4 ms to scan 1 urls, producing 4 keys and 33 values 
2021-05-29 21:22:40.386 -INFO 1220 [ntLoopGroup-6-9] org.reflections.Reflections : Reflections took 4 ms to scan 1 urls, producing 4 keys and 33 values 
2021-05-29 21:26:53.942 -INFO 1220 [tLoopGroup-6-10] org.reflections.Reflections : Reflections took 12 ms to scan 1 urls, producing 4 keys and 33 values 
2021-05-29 21:26:54.255 -INFO 1220 [tLoopGroup-6-11] org.reflections.Reflections : Reflections took 5 ms to scan 1 urls, producing 4 keys and 33 values 
2021-05-29 21:55:42.087 -INFO 1220 [tLoopGroup-6-12] org.reflections.Reflections : Reflections took 47 ms to scan 1 urls, producing 4 keys and 33 values 
2021-05-29 21:55:42.351 -INFO 1220 [tLoopGroup-6-13] org.reflections.Reflections : Reflections took 3 ms to scan 1 urls, producing 4 keys and 33 values 
