2021-05-22 17:08:12.194 -INFO 5931 [           main] com.tsinghua.course.CourseApplication : Starting CourseApplication using Java 15.0.1 on wujun-MacBookPro.local with PID 5931 (/Users/wujun/Desktop/mobile_application/BackEnd/course/target/classes started by wujun in /Users/wujun/Desktop/mobile_application/BackEnd/course)
2021-05-22 17:08:12.206 -DEBUG 5931 [           main] com.tsinghua.course.CourseApplication : Running with Spring Boot v2.4.2, Spring v5.3.3
2021-05-22 17:08:12.207 -INFO 5931 [           main] com.tsinghua.course.CourseApplication : No active profile set, falling back to default profiles: default
2021-05-22 17:08:12.751 -INFO 5931 [           main] org.springframework.data.repository.config.RepositoryConfigurationDelegate : Multiple Spring Data modules found, entering strict repository configuration mode!
2021-05-22 17:08:12.753 -INFO 5931 [           main] org.springframework.data.repository.config.RepositoryConfigurationDelegate : Bootstrapping Spring Data MongoDB repositories in DEFAULT mode.
2021-05-22 17:08:12.766 -INFO 5931 [           main] org.springframework.data.repository.config.RepositoryConfigurationDelegate : Finished Spring Data repository scanning in 10 ms. Found 0 MongoDB repository interfaces.
2021-05-22 17:08:12.777 -INFO 5931 [           main] org.springframework.data.repository.config.RepositoryConfigurationDelegate : Multiple Spring Data modules found, entering strict repository configuration mode!
2021-05-22 17:08:12.777 -INFO 5931 [           main] org.springframework.data.repository.config.RepositoryConfigurationDelegate : Bootstrapping Spring Data Redis repositories in DEFAULT mode.
2021-05-22 17:08:12.789 -INFO 5931 [           main] org.springframework.data.repository.config.RepositoryConfigurationDelegate : Finished Spring Data repository scanning in 5 ms. Found 0 Redis repository interfaces.
2021-05-22 17:08:13.260 -INFO 5931 [           main] org.springframework.boot.web.embedded.tomcat.TomcatWebServer : Tomcat initialized with port(s): 8080 (http)
2021-05-22 17:08:13.271 -INFO 5931 [           main] org.apache.coyote.http11.Http11NioProtocol : Initializing ProtocolHandler ["http-nio-8080"]
2021-05-22 17:08:13.272 -INFO 5931 [           main] org.apache.catalina.core.StandardService : Starting service [Tomcat]
2021-05-22 17:08:13.272 -INFO 5931 [           main] org.apache.catalina.core.StandardEngine : Starting Servlet engine: [Apache Tomcat/9.0.41]
2021-05-22 17:08:13.360 -INFO 5931 [           main] org.apache.catalina.core.ContainerBase.[Tomcat].[localhost].[/] : Initializing Spring embedded WebApplicationContext
2021-05-22 17:08:13.360 -INFO 5931 [           main] org.springframework.boot.web.servlet.context.ServletWebServerApplicationContext : Root WebApplicationContext: initialization completed in 1094 ms
2021-05-22 17:08:13.467 -INFO 5931 [           main] org.mongodb.driver.cluster : Cluster created with settings {hosts=[localhost:27017], mode=SINGLE, requiredClusterType=UNKNOWN, serverSelectionTimeout='30000 ms'}
2021-05-22 17:08:13.536 -INFO 5931 [localhost:27017] org.mongodb.driver.connection : Opened connection [connectionId{localValue:1, serverValue:58}] to localhost:27017
2021-05-22 17:08:13.537 -INFO 5931 [localhost:27017] org.mongodb.driver.connection : Opened connection [connectionId{localValue:2, serverValue:57}] to localhost:27017
2021-05-22 17:08:13.537 -INFO 5931 [localhost:27017] org.mongodb.driver.cluster : Monitor thread successfully connected to server with description ServerDescription{address=localhost:27017, type=STANDALONE, state=CONNECTED, ok=true, minWireVersion=0, maxWireVersion=2, maxDocumentSize=16777216, logicalSessionTimeoutMinutes=null, roundTripTimeNanos=35214520}
2021-05-22 17:08:13.882 -INFO 5931 [           main] org.quartz.impl.StdSchedulerFactory : Using default implementation for ThreadExecutor
2021-05-22 17:08:13.890 -INFO 5931 [           main] org.quartz.core.SchedulerSignalerImpl : Initialized Scheduler Signaller of type: class org.quartz.core.SchedulerSignalerImpl
2021-05-22 17:08:13.890 -INFO 5931 [           main] org.quartz.core.QuartzScheduler : Quartz Scheduler v.2.3.2 created.
2021-05-22 17:08:13.891 -INFO 5931 [           main] org.quartz.simpl.RAMJobStore : RAMJobStore initialized.
2021-05-22 17:08:13.891 -INFO 5931 [           main] org.quartz.core.QuartzScheduler : Scheduler meta-data: Quartz Scheduler (v2.3.2) 'quartzScheduler' with instanceId 'NON_CLUSTERED'
  Scheduler class: 'org.quartz.core.QuartzScheduler' - running locally.
  NOT STARTED.
  Currently in standby mode.
  Number of jobs executed: 0
  Using thread pool 'org.quartz.simpl.SimpleThreadPool' - with 10 threads.
  Using job-store 'org.quartz.simpl.RAMJobStore' - which does not support persistence. and is not clustered.

2021-05-22 17:08:13.891 -INFO 5931 [           main] org.quartz.impl.StdSchedulerFactory : Quartz scheduler 'quartzScheduler' initialized from an externally provided properties instance.
2021-05-22 17:08:13.891 -INFO 5931 [           main] org.quartz.impl.StdSchedulerFactory : Quartz scheduler version: 2.3.2
2021-05-22 17:08:13.891 -INFO 5931 [           main] org.quartz.core.QuartzScheduler : JobFactory set to: org.springframework.scheduling.quartz.SpringBeanJobFactory@629075f4
2021-05-22 17:08:14.026 -INFO 5931 [           main] org.springframework.scheduling.concurrent.ThreadPoolTaskExecutor : Initializing ExecutorService 'applicationTaskExecutor'
2021-05-22 17:08:14.174 -INFO 5931 [           main] org.apache.coyote.http11.Http11NioProtocol : Starting ProtocolHandler ["http-nio-8080"]
2021-05-22 17:08:14.190 -INFO 5931 [           main] org.springframework.boot.web.embedded.tomcat.TomcatWebServer : Tomcat started on port(s): 8080 (http) with context path ''
2021-05-22 17:08:14.191 -INFO 5931 [           main] org.springframework.scheduling.quartz.SchedulerFactoryBean : Starting Quartz Scheduler now
2021-05-22 17:08:14.191 -INFO 5931 [           main] org.quartz.core.QuartzScheduler : Scheduler quartzScheduler_$_NON_CLUSTERED started.
2021-05-22 17:08:14.199 -INFO 5931 [           main] com.tsinghua.course.CourseApplication : Started CourseApplication in 2.347 seconds (JVM running for 3.208)
2021-05-22 17:08:56.782 -INFO 5931 [ntLoopGroup-6-1] org.reflections.Reflections : Reflections took 20 ms to scan 1 urls, producing 4 keys and 15 values 
2021-05-22 17:08:56.845 -INFO 5931 [ntLoopGroup-6-1] org.mongodb.driver.connection : Opened connection [connectionId{localValue:3, serverValue:59}] to localhost:27017
2021-05-22 17:08:56.866 -WARN 5931 [ntLoopGroup-6-1] com.tsinghua.course.CourseApplication : adfdasf-USER_LOGIN-{"bizType":"USER_LOGIN","password":"20160000","username":"adfdasf"}-UserWarn001-com.tsinghua.course.Biz.Controller.UserController#userLogin#36/
2021-05-22 17:09:16.325 -INFO 5931 [ntLoopGroup-6-2] org.reflections.Reflections : Reflections took 4 ms to scan 1 urls, producing 4 keys and 15 values 
2021-05-22 17:09:16.336 -WARN 5931 [ntLoopGroup-6-2] com.tsinghua.course.CourseApplication : null-USER_REGISTER-{"bizType":"USER_REGISTER","nickname":"jun","password":"20160000","path":"/user/register","telephone":"01025734595","username":"adfdasf"}-default-com.tsinghua.course.Biz.Controller.Params.CommonParams#fromJsonObject#39/
2021-05-22 17:09:44.555 -INFO 5931 [ntLoopGroup-6-3] org.reflections.Reflections : Reflections took 3 ms to scan 1 urls, producing 4 keys and 15 values 
2021-05-22 17:09:44.567 -WARN 5931 [ntLoopGroup-6-3] com.tsinghua.course.CourseApplication : null-USER_REGISTER-{"bizType":"USER_REGISTER","nickname":"jun","password":"20160000","path":"/user/register","telephone":"01025734595","username":"adfdasf"}-default-com.tsinghua.course.Biz.Controller.Params.CommonParams#fromJsonObject#39/
2021-05-22 17:09:51.660 -INFO 5931 [ntLoopGroup-6-4] org.reflections.Reflections : Reflections took 2 ms to scan 1 urls, producing 4 keys and 15 values 
2021-05-22 17:09:51.669 -WARN 5931 [ntLoopGroup-6-4] com.tsinghua.course.CourseApplication : null-USER_REGISTER-{"bizType":"USER_REGISTER","nickname":"jun","password":"20160000","path":"/user/register","telephone":"0102573459115","username":"adfdasf"}-default-com.tsinghua.course.Biz.Controller.Params.CommonParams#fromJsonObject#39/
2021-05-22 17:09:58.795 -INFO 5931 [ntLoopGroup-6-5] org.reflections.Reflections : Reflections took 4 ms to scan 1 urls, producing 4 keys and 15 values 
2021-05-22 17:09:58.804 -WARN 5931 [ntLoopGroup-6-5] com.tsinghua.course.CourseApplication : null-USER_REGISTER-{"bizType":"USER_REGISTER","nickname":"jun","password":"20160000","path":"/user/register","telephone":"13167352115","username":"adfdasf"}-default-com.tsinghua.course.Biz.Controller.Params.CommonParams#fromJsonObject#39/
2021-05-22 17:11:18.457 -INFO 5931 [ntLoopGroup-6-6] org.reflections.Reflections : Reflections took 3 ms to scan 1 urls, producing 4 keys and 15 values 
2021-05-22 17:11:18.460 -WARN 5931 [ntLoopGroup-6-6] com.tsinghua.course.CourseApplication : null-USER_REGISTER-{"bizType":"USER_REGISTER","nickname":"jun","password":"20160000","phonenumber":"13167352115"}-UserWarn004-com.tsinghua.course.Biz.Controller.UserController#userRegister#58/
2021-05-22 17:12:06.737 -INFO 5931 [ntLoopGroup-6-7] org.reflections.Reflections : Reflections took 2 ms to scan 1 urls, producing 4 keys and 15 values 
2021-05-22 17:12:06.746 -WARN 5931 [ntLoopGroup-6-7] com.tsinghua.course.CourseApplication : null-USER_REGISTER-{"bizType":"USER_REGISTER","nickname":"jun","password":"20160000","phonenumber":"13167352115"}-UserWarn004-com.tsinghua.course.Biz.Controller.UserController#userRegister#58/
2021-05-22 17:12:19.130 -INFO 5931 [ntLoopGroup-6-8] org.reflections.Reflections : Reflections took 3 ms to scan 1 urls, producing 4 keys and 15 values 
2021-05-22 17:12:19.141 -WARN 5931 [ntLoopGroup-6-8] com.tsinghua.course.CourseApplication : null-USER_REGISTER-{"bizType":"USER_REGISTER","nickname":"jun","password":"20160000","phonenumber":"13167352115"}-UserWarn004-com.tsinghua.course.Biz.Controller.UserController#userRegister#58/
2021-05-22 17:12:48.647 -INFO 5931 [extShutdownHook] org.quartz.core.QuartzScheduler : Scheduler quartzScheduler_$_NON_CLUSTERED paused.
2021-05-22 17:12:48.666 -INFO 5931 [extShutdownHook] org.springframework.scheduling.concurrent.ThreadPoolTaskExecutor : Shutting down ExecutorService 'applicationTaskExecutor'
2021-05-22 17:12:48.666 -INFO 5931 [extShutdownHook] org.springframework.scheduling.quartz.SchedulerFactoryBean : Shutting down Quartz Scheduler
2021-05-22 17:12:48.666 -INFO 5931 [extShutdownHook] org.quartz.core.QuartzScheduler : Scheduler quartzScheduler_$_NON_CLUSTERED shutting down.
2021-05-22 17:12:48.667 -INFO 5931 [extShutdownHook] org.quartz.core.QuartzScheduler : Scheduler quartzScheduler_$_NON_CLUSTERED paused.
2021-05-22 17:12:48.667 -INFO 5931 [extShutdownHook] org.quartz.core.QuartzScheduler : Scheduler quartzScheduler_$_NON_CLUSTERED shutdown complete.
2021-05-22 17:12:48.680 -INFO 5931 [extShutdownHook] org.mongodb.driver.connection : Closed connection [connectionId{localValue:3, serverValue:59}] to localhost:27017 because the pool has been closed.
2021-05-22 17:12:52.061 -INFO 5957 [           main] com.tsinghua.course.CourseApplication : Starting CourseApplication using Java 15.0.1 on wujun-MacBookPro.local with PID 5957 (/Users/wujun/Desktop/mobile_application/BackEnd/course/target/classes started by wujun in /Users/wujun/Desktop/mobile_application/BackEnd/course)
2021-05-22 17:12:52.063 -DEBUG 5957 [           main] com.tsinghua.course.CourseApplication : Running with Spring Boot v2.4.2, Spring v5.3.3
2021-05-22 17:12:52.063 -INFO 5957 [           main] com.tsinghua.course.CourseApplication : No active profile set, falling back to default profiles: default
2021-05-22 17:12:52.521 -INFO 5957 [           main] org.springframework.data.repository.config.RepositoryConfigurationDelegate : Multiple Spring Data modules found, entering strict repository configuration mode!
2021-05-22 17:12:52.521 -INFO 5957 [           main] org.springframework.data.repository.config.RepositoryConfigurationDelegate : Bootstrapping Spring Data MongoDB repositories in DEFAULT mode.
2021-05-22 17:12:52.534 -INFO 5957 [           main] org.springframework.data.repository.config.RepositoryConfigurationDelegate : Finished Spring Data repository scanning in 10 ms. Found 0 MongoDB repository interfaces.
2021-05-22 17:12:52.546 -INFO 5957 [           main] org.springframework.data.repository.config.RepositoryConfigurationDelegate : Multiple Spring Data modules found, entering strict repository configuration mode!
2021-05-22 17:12:52.547 -INFO 5957 [           main] org.springframework.data.repository.config.RepositoryConfigurationDelegate : Bootstrapping Spring Data Redis repositories in DEFAULT mode.
2021-05-22 17:12:52.558 -INFO 5957 [           main] org.springframework.data.repository.config.RepositoryConfigurationDelegate : Finished Spring Data repository scanning in 5 ms. Found 0 Redis repository interfaces.
2021-05-22 17:12:52.908 -INFO 5957 [           main] org.springframework.boot.web.embedded.tomcat.TomcatWebServer : Tomcat initialized with port(s): 8080 (http)
2021-05-22 17:12:52.914 -INFO 5957 [           main] org.apache.coyote.http11.Http11NioProtocol : Initializing ProtocolHandler ["http-nio-8080"]
2021-05-22 17:12:52.914 -INFO 5957 [           main] org.apache.catalina.core.StandardService : Starting service [Tomcat]
2021-05-22 17:12:52.914 -INFO 5957 [           main] org.apache.catalina.core.StandardEngine : Starting Servlet engine: [Apache Tomcat/9.0.41]
2021-05-22 17:12:52.986 -INFO 5957 [           main] org.apache.catalina.core.ContainerBase.[Tomcat].[localhost].[/] : Initializing Spring embedded WebApplicationContext
2021-05-22 17:12:52.986 -INFO 5957 [           main] org.springframework.boot.web.servlet.context.ServletWebServerApplicationContext : Root WebApplicationContext: initialization completed in 893 ms
2021-05-22 17:12:53.101 -INFO 5957 [           main] org.mongodb.driver.cluster : Cluster created with settings {hosts=[localhost:27017], mode=SINGLE, requiredClusterType=UNKNOWN, serverSelectionTimeout='30000 ms'}
2021-05-22 17:12:53.137 -INFO 5957 [localhost:27017] org.mongodb.driver.connection : Opened connection [connectionId{localValue:1, serverValue:60}] to localhost:27017
2021-05-22 17:12:53.137 -INFO 5957 [localhost:27017] org.mongodb.driver.connection : Opened connection [connectionId{localValue:2, serverValue:61}] to localhost:27017
2021-05-22 17:12:53.137 -INFO 5957 [localhost:27017] org.mongodb.driver.cluster : Monitor thread successfully connected to server with description ServerDescription{address=localhost:27017, type=STANDALONE, state=CONNECTED, ok=true, minWireVersion=0, maxWireVersion=2, maxDocumentSize=16777216, logicalSessionTimeoutMinutes=null, roundTripTimeNanos=9097537}
2021-05-22 17:12:53.514 -INFO 5957 [           main] org.quartz.impl.StdSchedulerFactory : Using default implementation for ThreadExecutor
2021-05-22 17:12:53.522 -INFO 5957 [           main] org.quartz.core.SchedulerSignalerImpl : Initialized Scheduler Signaller of type: class org.quartz.core.SchedulerSignalerImpl
2021-05-22 17:12:53.522 -INFO 5957 [           main] org.quartz.core.QuartzScheduler : Quartz Scheduler v.2.3.2 created.
2021-05-22 17:12:53.523 -INFO 5957 [           main] org.quartz.simpl.RAMJobStore : RAMJobStore initialized.
2021-05-22 17:12:53.523 -INFO 5957 [           main] org.quartz.core.QuartzScheduler : Scheduler meta-data: Quartz Scheduler (v2.3.2) 'quartzScheduler' with instanceId 'NON_CLUSTERED'
  Scheduler class: 'org.quartz.core.QuartzScheduler' - running locally.
  NOT STARTED.
  Currently in standby mode.
  Number of jobs executed: 0
  Using thread pool 'org.quartz.simpl.SimpleThreadPool' - with 10 threads.
  Using job-store 'org.quartz.simpl.RAMJobStore' - which does not support persistence. and is not clustered.

2021-05-22 17:12:53.523 -INFO 5957 [           main] org.quartz.impl.StdSchedulerFactory : Quartz scheduler 'quartzScheduler' initialized from an externally provided properties instance.
2021-05-22 17:12:53.523 -INFO 5957 [           main] org.quartz.impl.StdSchedulerFactory : Quartz scheduler version: 2.3.2
2021-05-22 17:12:53.523 -INFO 5957 [           main] org.quartz.core.QuartzScheduler : JobFactory set to: org.springframework.scheduling.quartz.SpringBeanJobFactory@48499739
2021-05-22 17:12:53.658 -INFO 5957 [           main] org.springframework.scheduling.concurrent.ThreadPoolTaskExecutor : Initializing ExecutorService 'applicationTaskExecutor'
2021-05-22 17:12:53.825 -INFO 5957 [           main] org.apache.coyote.http11.Http11NioProtocol : Starting ProtocolHandler ["http-nio-8080"]
2021-05-22 17:12:53.840 -INFO 5957 [           main] org.springframework.boot.web.embedded.tomcat.TomcatWebServer : Tomcat started on port(s): 8080 (http) with context path ''
2021-05-22 17:12:53.840 -INFO 5957 [           main] org.springframework.scheduling.quartz.SchedulerFactoryBean : Starting Quartz Scheduler now
2021-05-22 17:12:53.841 -INFO 5957 [           main] org.quartz.core.QuartzScheduler : Scheduler quartzScheduler_$_NON_CLUSTERED started.
2021-05-22 17:12:53.849 -INFO 5957 [           main] com.tsinghua.course.CourseApplication : Started CourseApplication in 2.038 seconds (JVM running for 2.737)
2021-05-22 17:12:54.538 -INFO 5957 [ntLoopGroup-6-1] org.reflections.Reflections : Reflections took 19 ms to scan 1 urls, producing 4 keys and 15 values 
2021-05-22 17:12:54.591 -INFO 5957 [ntLoopGroup-6-1] org.mongodb.driver.connection : Opened connection [connectionId{localValue:3, serverValue:62}] to localhost:27017
2021-05-22 17:15:40.079 -INFO 5957 [ntLoopGroup-6-2] org.reflections.Reflections : Reflections took 4 ms to scan 1 urls, producing 4 keys and 15 values 
2021-05-22 17:15:40.093 -WARN 5957 [ntLoopGroup-6-2] com.tsinghua.course.CourseApplication : null-USER_LOGIN-{"bizType":"USER_LOGIN","password":"20160000"}-UserWarn001-com.tsinghua.course.Biz.Controller.UserController#userLogin#33/
2021-05-22 17:16:01.585 -INFO 5957 [extShutdownHook] org.quartz.core.QuartzScheduler : Scheduler quartzScheduler_$_NON_CLUSTERED paused.
2021-05-22 17:16:01.603 -INFO 5957 [extShutdownHook] org.springframework.scheduling.concurrent.ThreadPoolTaskExecutor : Shutting down ExecutorService 'applicationTaskExecutor'
2021-05-22 17:16:01.603 -INFO 5957 [extShutdownHook] org.springframework.scheduling.quartz.SchedulerFactoryBean : Shutting down Quartz Scheduler
2021-05-22 17:16:01.604 -INFO 5957 [extShutdownHook] org.quartz.core.QuartzScheduler : Scheduler quartzScheduler_$_NON_CLUSTERED shutting down.
2021-05-22 17:16:01.604 -INFO 5957 [extShutdownHook] org.quartz.core.QuartzScheduler : Scheduler quartzScheduler_$_NON_CLUSTERED paused.
2021-05-22 17:16:01.604 -INFO 5957 [extShutdownHook] org.quartz.core.QuartzScheduler : Scheduler quartzScheduler_$_NON_CLUSTERED shutdown complete.
2021-05-22 17:16:01.613 -INFO 5957 [extShutdownHook] org.mongodb.driver.connection : Closed connection [connectionId{localValue:3, serverValue:62}] to localhost:27017 because the pool has been closed.
2021-05-22 17:16:04.601 -INFO 5974 [           main] com.tsinghua.course.CourseApplication : Starting CourseApplication using Java 15.0.1 on wujun-MacBookPro.local with PID 5974 (/Users/wujun/Desktop/mobile_application/BackEnd/course/target/classes started by wujun in /Users/wujun/Desktop/mobile_application/BackEnd/course)
2021-05-22 17:16:04.602 -DEBUG 5974 [           main] com.tsinghua.course.CourseApplication : Running with Spring Boot v2.4.2, Spring v5.3.3
2021-05-22 17:16:04.602 -INFO 5974 [           main] com.tsinghua.course.CourseApplication : No active profile set, falling back to default profiles: default
2021-05-22 17:16:04.959 -INFO 5974 [           main] org.springframework.data.repository.config.RepositoryConfigurationDelegate : Multiple Spring Data modules found, entering strict repository configuration mode!
2021-05-22 17:16:04.960 -INFO 5974 [           main] org.springframework.data.repository.config.RepositoryConfigurationDelegate : Bootstrapping Spring Data MongoDB repositories in DEFAULT mode.
2021-05-22 17:16:04.971 -INFO 5974 [           main] org.springframework.data.repository.config.RepositoryConfigurationDelegate : Finished Spring Data repository scanning in 9 ms. Found 0 MongoDB repository interfaces.
2021-05-22 17:16:04.978 -INFO 5974 [           main] org.springframework.data.repository.config.RepositoryConfigurationDelegate : Multiple Spring Data modules found, entering strict repository configuration mode!
2021-05-22 17:16:04.979 -INFO 5974 [           main] org.springframework.data.repository.config.RepositoryConfigurationDelegate : Bootstrapping Spring Data Redis repositories in DEFAULT mode.
2021-05-22 17:16:04.993 -INFO 5974 [           main] org.springframework.data.repository.config.RepositoryConfigurationDelegate : Finished Spring Data repository scanning in 8 ms. Found 0 Redis repository interfaces.
2021-05-22 17:16:05.248 -INFO 5974 [           main] org.springframework.boot.web.embedded.tomcat.TomcatWebServer : Tomcat initialized with port(s): 8080 (http)
2021-05-22 17:16:05.252 -INFO 5974 [           main] org.apache.coyote.http11.Http11NioProtocol : Initializing ProtocolHandler ["http-nio-8080"]
2021-05-22 17:16:05.253 -INFO 5974 [           main] org.apache.catalina.core.StandardService : Starting service [Tomcat]
2021-05-22 17:16:05.253 -INFO 5974 [           main] org.apache.catalina.core.StandardEngine : Starting Servlet engine: [Apache Tomcat/9.0.41]
2021-05-22 17:16:05.295 -INFO 5974 [           main] org.apache.catalina.core.ContainerBase.[Tomcat].[localhost].[/] : Initializing Spring embedded WebApplicationContext
2021-05-22 17:16:05.296 -INFO 5974 [           main] org.springframework.boot.web.servlet.context.ServletWebServerApplicationContext : Root WebApplicationContext: initialization completed in 663 ms
2021-05-22 17:16:05.362 -INFO 5974 [           main] org.mongodb.driver.cluster : Cluster created with settings {hosts=[localhost:27017], mode=SINGLE, requiredClusterType=UNKNOWN, serverSelectionTimeout='30000 ms'}
2021-05-22 17:16:05.393 -INFO 5974 [localhost:27017] org.mongodb.driver.connection : Opened connection [connectionId{localValue:1, serverValue:64}] to localhost:27017
2021-05-22 17:16:05.393 -INFO 5974 [localhost:27017] org.mongodb.driver.connection : Opened connection [connectionId{localValue:2, serverValue:63}] to localhost:27017
2021-05-22 17:16:05.393 -INFO 5974 [localhost:27017] org.mongodb.driver.cluster : Monitor thread successfully connected to server with description ServerDescription{address=localhost:27017, type=STANDALONE, state=CONNECTED, ok=true, minWireVersion=0, maxWireVersion=2, maxDocumentSize=16777216, logicalSessionTimeoutMinutes=null, roundTripTimeNanos=9665159}
2021-05-22 17:16:05.650 -INFO 5974 [           main] org.quartz.impl.StdSchedulerFactory : Using default implementation for ThreadExecutor
2021-05-22 17:16:05.658 -INFO 5974 [           main] org.quartz.core.SchedulerSignalerImpl : Initialized Scheduler Signaller of type: class org.quartz.core.SchedulerSignalerImpl
2021-05-22 17:16:05.658 -INFO 5974 [           main] org.quartz.core.QuartzScheduler : Quartz Scheduler v.2.3.2 created.
2021-05-22 17:16:05.658 -INFO 5974 [           main] org.quartz.simpl.RAMJobStore : RAMJobStore initialized.
2021-05-22 17:16:05.659 -INFO 5974 [           main] org.quartz.core.QuartzScheduler : Scheduler meta-data: Quartz Scheduler (v2.3.2) 'quartzScheduler' with instanceId 'NON_CLUSTERED'
  Scheduler class: 'org.quartz.core.QuartzScheduler' - running locally.
  NOT STARTED.
  Currently in standby mode.
  Number of jobs executed: 0
  Using thread pool 'org.quartz.simpl.SimpleThreadPool' - with 10 threads.
  Using job-store 'org.quartz.simpl.RAMJobStore' - which does not support persistence. and is not clustered.

2021-05-22 17:16:05.659 -INFO 5974 [           main] org.quartz.impl.StdSchedulerFactory : Quartz scheduler 'quartzScheduler' initialized from an externally provided properties instance.
2021-05-22 17:16:05.659 -INFO 5974 [           main] org.quartz.impl.StdSchedulerFactory : Quartz scheduler version: 2.3.2
2021-05-22 17:16:05.659 -INFO 5974 [           main] org.quartz.core.QuartzScheduler : JobFactory set to: org.springframework.scheduling.quartz.SpringBeanJobFactory@46bb0bdf
2021-05-22 17:16:05.791 -INFO 5974 [           main] org.springframework.scheduling.concurrent.ThreadPoolTaskExecutor : Initializing ExecutorService 'applicationTaskExecutor'
2021-05-22 17:16:05.939 -INFO 5974 [           main] org.apache.coyote.http11.Http11NioProtocol : Starting ProtocolHandler ["http-nio-8080"]
2021-05-22 17:16:05.954 -INFO 5974 [           main] org.springframework.boot.web.embedded.tomcat.TomcatWebServer : Tomcat started on port(s): 8080 (http) with context path ''
2021-05-22 17:16:05.955 -INFO 5974 [           main] org.springframework.scheduling.quartz.SchedulerFactoryBean : Starting Quartz Scheduler now
2021-05-22 17:16:05.955 -INFO 5974 [           main] org.quartz.core.QuartzScheduler : Scheduler quartzScheduler_$_NON_CLUSTERED started.
2021-05-22 17:16:05.962 -INFO 5974 [           main] com.tsinghua.course.CourseApplication : Started CourseApplication in 1.559 seconds (JVM running for 2.194)
2021-05-22 17:16:17.080 -INFO 5974 [ntLoopGroup-6-1] org.reflections.Reflections : Reflections took 20 ms to scan 1 urls, producing 4 keys and 15 values 
2021-05-22 17:16:17.124 -INFO 5974 [ntLoopGroup-6-1] org.mongodb.driver.connection : Opened connection [connectionId{localValue:3, serverValue:65}] to localhost:27017
2021-05-22 17:16:17.136 -WARN 5974 [ntLoopGroup-6-1] com.tsinghua.course.CourseApplication : wujun97-USER_LOGIN-{"bizType":"USER_LOGIN","password":"emily0202","username":"wujun97"}-UserWarn001-com.tsinghua.course.Biz.Controller.UserController#userLogin#36/
2021-05-22 17:16:23.530 -INFO 5974 [ntLoopGroup-6-2] org.reflections.Reflections : Reflections took 4 ms to scan 1 urls, producing 4 keys and 15 values 
2021-05-22 17:16:23.531 -WARN 5974 [ntLoopGroup-6-2] com.tsinghua.course.CourseApplication : null-USER_REGISTER-{"bizType":"USER_REGISTER","nickname":"jun","password":"emily0202","phonenumber":"13167352115"}-UserWarn004-com.tsinghua.course.Biz.Controller.UserController#userRegister#59/
2021-05-22 17:16:25.137 -INFO 5974 [ntLoopGroup-6-3] org.reflections.Reflections : Reflections took 3 ms to scan 1 urls, producing 4 keys and 15 values 
2021-05-22 17:16:25.147 -WARN 5974 [ntLoopGroup-6-3] com.tsinghua.course.CourseApplication : null-USER_REGISTER-{"bizType":"USER_REGISTER","nickname":"jun","password":"emily0202","phonenumber":"13167352115"}-UserWarn004-com.tsinghua.course.Biz.Controller.UserController#userRegister#59/
2021-05-22 17:16:26.081 -INFO 5974 [ntLoopGroup-6-4] org.reflections.Reflections : Reflections took 3 ms to scan 1 urls, producing 4 keys and 15 values 
2021-05-22 17:16:26.089 -WARN 5974 [ntLoopGroup-6-4] com.tsinghua.course.CourseApplication : null-USER_REGISTER-{"bizType":"USER_REGISTER","nickname":"jun","password":"emily0202","phonenumber":"13167352115"}-UserWarn004-com.tsinghua.course.Biz.Controller.UserController#userRegister#59/
2021-05-22 17:16:32.979 -INFO 5974 [extShutdownHook] org.quartz.core.QuartzScheduler : Scheduler quartzScheduler_$_NON_CLUSTERED paused.
2021-05-22 17:16:32.998 -INFO 5974 [extShutdownHook] org.springframework.scheduling.concurrent.ThreadPoolTaskExecutor : Shutting down ExecutorService 'applicationTaskExecutor'
2021-05-22 17:16:32.998 -INFO 5974 [extShutdownHook] org.springframework.scheduling.quartz.SchedulerFactoryBean : Shutting down Quartz Scheduler
2021-05-22 17:16:32.998 -INFO 5974 [extShutdownHook] org.quartz.core.QuartzScheduler : Scheduler quartzScheduler_$_NON_CLUSTERED shutting down.
2021-05-22 17:16:32.998 -INFO 5974 [extShutdownHook] org.quartz.core.QuartzScheduler : Scheduler quartzScheduler_$_NON_CLUSTERED paused.
2021-05-22 17:16:32.998 -INFO 5974 [extShutdownHook] org.quartz.core.QuartzScheduler : Scheduler quartzScheduler_$_NON_CLUSTERED shutdown complete.
2021-05-22 17:16:33.008 -INFO 5974 [extShutdownHook] org.mongodb.driver.connection : Closed connection [connectionId{localValue:3, serverValue:65}] to localhost:27017 because the pool has been closed.
2021-05-22 17:16:35.922 -INFO 5979 [           main] com.tsinghua.course.CourseApplication : Starting CourseApplication using Java 15.0.1 on wujun-MacBookPro.local with PID 5979 (/Users/wujun/Desktop/mobile_application/BackEnd/course/target/classes started by wujun in /Users/wujun/Desktop/mobile_application/BackEnd/course)
2021-05-22 17:16:35.923 -DEBUG 5979 [           main] com.tsinghua.course.CourseApplication : Running with Spring Boot v2.4.2, Spring v5.3.3
2021-05-22 17:16:35.923 -INFO 5979 [           main] com.tsinghua.course.CourseApplication : No active profile set, falling back to default profiles: default
2021-05-22 17:16:36.422 -INFO 5979 [           main] org.springframework.data.repository.config.RepositoryConfigurationDelegate : Multiple Spring Data modules found, entering strict repository configuration mode!
2021-05-22 17:16:36.423 -INFO 5979 [           main] org.springframework.data.repository.config.RepositoryConfigurationDelegate : Bootstrapping Spring Data MongoDB repositories in DEFAULT mode.
2021-05-22 17:16:36.436 -INFO 5979 [           main] org.springframework.data.repository.config.RepositoryConfigurationDelegate : Finished Spring Data repository scanning in 10 ms. Found 0 MongoDB repository interfaces.
2021-05-22 17:16:36.446 -INFO 5979 [           main] org.springframework.data.repository.config.RepositoryConfigurationDelegate : Multiple Spring Data modules found, entering strict repository configuration mode!
2021-05-22 17:16:36.446 -INFO 5979 [           main] org.springframework.data.repository.config.RepositoryConfigurationDelegate : Bootstrapping Spring Data Redis repositories in DEFAULT mode.
2021-05-22 17:16:36.457 -INFO 5979 [           main] org.springframework.data.repository.config.RepositoryConfigurationDelegate : Finished Spring Data repository scanning in 5 ms. Found 0 Redis repository interfaces.
2021-05-22 17:16:36.832 -INFO 5979 [           main] org.springframework.boot.web.embedded.tomcat.TomcatWebServer : Tomcat initialized with port(s): 8080 (http)
2021-05-22 17:16:36.840 -INFO 5979 [           main] org.apache.coyote.http11.Http11NioProtocol : Initializing ProtocolHandler ["http-nio-8080"]
2021-05-22 17:16:36.840 -INFO 5979 [           main] org.apache.catalina.core.StandardService : Starting service [Tomcat]
2021-05-22 17:16:36.840 -INFO 5979 [           main] org.apache.catalina.core.StandardEngine : Starting Servlet engine: [Apache Tomcat/9.0.41]
2021-05-22 17:16:36.916 -INFO 5979 [           main] org.apache.catalina.core.ContainerBase.[Tomcat].[localhost].[/] : Initializing Spring embedded WebApplicationContext
2021-05-22 17:16:36.916 -INFO 5979 [           main] org.springframework.boot.web.servlet.context.ServletWebServerApplicationContext : Root WebApplicationContext: initialization completed in 960 ms
2021-05-22 17:16:36.988 -INFO 5979 [           main] org.mongodb.driver.cluster : Cluster created with settings {hosts=[localhost:27017], mode=SINGLE, requiredClusterType=UNKNOWN, serverSelectionTimeout='30000 ms'}
2021-05-22 17:16:37.020 -INFO 5979 [localhost:27017] org.mongodb.driver.connection : Opened connection [connectionId{localValue:2, serverValue:67}] to localhost:27017
2021-05-22 17:16:37.020 -INFO 5979 [localhost:27017] org.mongodb.driver.connection : Opened connection [connectionId{localValue:1, serverValue:66}] to localhost:27017
2021-05-22 17:16:37.021 -INFO 5979 [localhost:27017] org.mongodb.driver.cluster : Monitor thread successfully connected to server with description ServerDescription{address=localhost:27017, type=STANDALONE, state=CONNECTED, ok=true, minWireVersion=0, maxWireVersion=2, maxDocumentSize=16777216, logicalSessionTimeoutMinutes=null, roundTripTimeNanos=9263600}
2021-05-22 17:16:37.326 -INFO 5979 [           main] org.quartz.impl.StdSchedulerFactory : Using default implementation for ThreadExecutor
2021-05-22 17:16:37.336 -INFO 5979 [           main] org.quartz.core.SchedulerSignalerImpl : Initialized Scheduler Signaller of type: class org.quartz.core.SchedulerSignalerImpl
2021-05-22 17:16:37.336 -INFO 5979 [           main] org.quartz.core.QuartzScheduler : Quartz Scheduler v.2.3.2 created.
2021-05-22 17:16:37.336 -INFO 5979 [           main] org.quartz.simpl.RAMJobStore : RAMJobStore initialized.
2021-05-22 17:16:37.337 -INFO 5979 [           main] org.quartz.core.QuartzScheduler : Scheduler meta-data: Quartz Scheduler (v2.3.2) 'quartzScheduler' with instanceId 'NON_CLUSTERED'
  Scheduler class: 'org.quartz.core.QuartzScheduler' - running locally.
  NOT STARTED.
  Currently in standby mode.
  Number of jobs executed: 0
  Using thread pool 'org.quartz.simpl.SimpleThreadPool' - with 10 threads.
  Using job-store 'org.quartz.simpl.RAMJobStore' - which does not support persistence. and is not clustered.

2021-05-22 17:16:37.337 -INFO 5979 [           main] org.quartz.impl.StdSchedulerFactory : Quartz scheduler 'quartzScheduler' initialized from an externally provided properties instance.
2021-05-22 17:16:37.337 -INFO 5979 [           main] org.quartz.impl.StdSchedulerFactory : Quartz scheduler version: 2.3.2
2021-05-22 17:16:37.337 -INFO 5979 [           main] org.quartz.core.QuartzScheduler : JobFactory set to: org.springframework.scheduling.quartz.SpringBeanJobFactory@46bb0bdf
2021-05-22 17:16:37.464 -INFO 5979 [           main] org.springframework.scheduling.concurrent.ThreadPoolTaskExecutor : Initializing ExecutorService 'applicationTaskExecutor'
2021-05-22 17:16:37.618 -INFO 5979 [           main] org.apache.coyote.http11.Http11NioProtocol : Starting ProtocolHandler ["http-nio-8080"]
2021-05-22 17:16:37.635 -INFO 5979 [           main] org.springframework.boot.web.embedded.tomcat.TomcatWebServer : Tomcat started on port(s): 8080 (http) with context path ''
2021-05-22 17:16:37.646 -INFO 5979 [           main] org.springframework.scheduling.quartz.SchedulerFactoryBean : Starting Quartz Scheduler now
2021-05-22 17:16:37.647 -INFO 5979 [           main] org.quartz.core.QuartzScheduler : Scheduler quartzScheduler_$_NON_CLUSTERED started.
2021-05-22 17:16:37.655 -INFO 5979 [           main] com.tsinghua.course.CourseApplication : Started CourseApplication in 1.997 seconds (JVM running for 2.531)
2021-05-22 17:16:38.894 -INFO 5979 [ntLoopGroup-7-1] org.reflections.Reflections : Reflections took 18 ms to scan 1 urls, producing 4 keys and 15 values 
2021-05-22 17:16:38.940 -INFO 5979 [ntLoopGroup-7-1] org.mongodb.driver.connection : Opened connection [connectionId{localValue:3, serverValue:68}] to localhost:27017
2021-05-22 17:17:22.175 -INFO 5979 [ntLoopGroup-7-2] org.reflections.Reflections : Reflections took 4 ms to scan 1 urls, producing 4 keys and 15 values 
2021-05-22 17:17:22.186 -WARN 5979 [ntLoopGroup-7-2] com.tsinghua.course.CourseApplication : null-USER_LOGIN-{"bizType":"USER_LOGIN","password":"emily0202"}-UserWarn001-com.tsinghua.course.Biz.Controller.UserController#userLogin#33/
2021-05-22 17:17:23.529 -INFO 5979 [ntLoopGroup-7-3] org.reflections.Reflections : Reflections took 6 ms to scan 1 urls, producing 4 keys and 15 values 
2021-05-22 17:17:23.532 -WARN 5979 [ntLoopGroup-7-3] com.tsinghua.course.CourseApplication : null-USER_LOGIN-{"bizType":"USER_LOGIN","password":"emily0202"}-UserWarn001-com.tsinghua.course.Biz.Controller.UserController#userLogin#33/
2021-05-22 17:17:25.870 -INFO 5979 [ntLoopGroup-7-4] org.reflections.Reflections : Reflections took 3 ms to scan 1 urls, producing 4 keys and 15 values 
2021-05-22 17:17:25.880 -WARN 5979 [ntLoopGroup-7-4] com.tsinghua.course.CourseApplication : null-USER_LOGIN-{"bizType":"USER_LOGIN","password":"emily0202"}-UserWarn001-com.tsinghua.course.Biz.Controller.UserController#userLogin#33/
2021-05-22 17:17:26.874 -INFO 5979 [ntLoopGroup-7-5] org.reflections.Reflections : Reflections took 4 ms to scan 1 urls, producing 4 keys and 15 values 
2021-05-22 17:17:26.874 -WARN 5979 [ntLoopGroup-7-5] com.tsinghua.course.CourseApplication : null-USER_LOGIN-{"bizType":"USER_LOGIN","password":"emily0202"}-UserWarn001-com.tsinghua.course.Biz.Controller.UserController#userLogin#33/
2021-05-22 17:17:29.497 -INFO 5979 [ntLoopGroup-7-6] org.reflections.Reflections : Reflections took 3 ms to scan 1 urls, producing 4 keys and 15 values 
2021-05-22 17:17:29.508 -WARN 5979 [ntLoopGroup-7-6] com.tsinghua.course.CourseApplication : null-USER_LOGIN-{"bizType":"USER_LOGIN","password":"emily0202"}-UserWarn001-com.tsinghua.course.Biz.Controller.UserController#userLogin#33/
2021-05-22 17:17:31.259 -INFO 5979 [ntLoopGroup-7-7] org.reflections.Reflections : Reflections took 2 ms to scan 1 urls, producing 4 keys and 15 values 
2021-05-22 17:17:31.267 -WARN 5979 [ntLoopGroup-7-7] com.tsinghua.course.CourseApplication : null-USER_LOGIN-{"bizType":"USER_LOGIN","password":"emily0202"}-UserWarn001-com.tsinghua.course.Biz.Controller.UserController#userLogin#33/
2021-05-22 17:17:37.414 -INFO 5979 [ntLoopGroup-7-8] org.reflections.Reflections : Reflections took 3 ms to scan 1 urls, producing 4 keys and 15 values 
2021-05-22 17:17:37.425 -WARN 5979 [ntLoopGroup-7-8] com.tsinghua.course.CourseApplication : null-USER_LOGIN-{"bizType":"USER_LOGIN","password":"emily0202"}-UserWarn001-com.tsinghua.course.Biz.Controller.UserController#userLogin#33/
2021-05-22 17:17:38.094 -INFO 5979 [ntLoopGroup-7-9] org.reflections.Reflections : Reflections took 3 ms to scan 1 urls, producing 4 keys and 15 values 
2021-05-22 17:17:38.102 -WARN 5979 [ntLoopGroup-7-9] com.tsinghua.course.CourseApplication : null-USER_LOGIN-{"bizType":"USER_LOGIN","password":"emily0202"}-UserWarn001-com.tsinghua.course.Biz.Controller.UserController#userLogin#33/
2021-05-22 17:18:25.378 -INFO 5979 [extShutdownHook] org.quartz.core.QuartzScheduler : Scheduler quartzScheduler_$_NON_CLUSTERED paused.
2021-05-22 17:18:25.398 -INFO 5979 [extShutdownHook] org.springframework.scheduling.concurrent.ThreadPoolTaskExecutor : Shutting down ExecutorService 'applicationTaskExecutor'
2021-05-22 17:18:25.398 -INFO 5979 [extShutdownHook] org.springframework.scheduling.quartz.SchedulerFactoryBean : Shutting down Quartz Scheduler
2021-05-22 17:18:25.398 -INFO 5979 [extShutdownHook] org.quartz.core.QuartzScheduler : Scheduler quartzScheduler_$_NON_CLUSTERED shutting down.
2021-05-22 17:18:25.398 -INFO 5979 [extShutdownHook] org.quartz.core.QuartzScheduler : Scheduler quartzScheduler_$_NON_CLUSTERED paused.
2021-05-22 17:18:25.398 -INFO 5979 [extShutdownHook] org.quartz.core.QuartzScheduler : Scheduler quartzScheduler_$_NON_CLUSTERED shutdown complete.
2021-05-22 17:18:25.408 -INFO 5979 [extShutdownHook] org.mongodb.driver.connection : Closed connection [connectionId{localValue:3, serverValue:68}] to localhost:27017 because the pool has been closed.
2021-05-22 17:18:28.413 -INFO 6002 [           main] com.tsinghua.course.CourseApplication : Starting CourseApplication using Java 15.0.1 on wujun-MacBookPro.local with PID 6002 (/Users/wujun/Desktop/mobile_application/BackEnd/course/target/classes started by wujun in /Users/wujun/Desktop/mobile_application/BackEnd/course)
2021-05-22 17:18:28.414 -DEBUG 6002 [           main] com.tsinghua.course.CourseApplication : Running with Spring Boot v2.4.2, Spring v5.3.3
2021-05-22 17:18:28.414 -INFO 6002 [           main] com.tsinghua.course.CourseApplication : No active profile set, falling back to default profiles: default
2021-05-22 17:18:28.782 -INFO 6002 [           main] org.springframework.data.repository.config.RepositoryConfigurationDelegate : Multiple Spring Data modules found, entering strict repository configuration mode!
2021-05-22 17:18:28.782 -INFO 6002 [           main] org.springframework.data.repository.config.RepositoryConfigurationDelegate : Bootstrapping Spring Data MongoDB repositories in DEFAULT mode.
2021-05-22 17:18:28.793 -INFO 6002 [           main] org.springframework.data.repository.config.RepositoryConfigurationDelegate : Finished Spring Data repository scanning in 8 ms. Found 0 MongoDB repository interfaces.
2021-05-22 17:18:28.799 -INFO 6002 [           main] org.springframework.data.repository.config.RepositoryConfigurationDelegate : Multiple Spring Data modules found, entering strict repository configuration mode!
2021-05-22 17:18:28.799 -INFO 6002 [           main] org.springframework.data.repository.config.RepositoryConfigurationDelegate : Bootstrapping Spring Data Redis repositories in DEFAULT mode.
2021-05-22 17:18:28.811 -INFO 6002 [           main] org.springframework.data.repository.config.RepositoryConfigurationDelegate : Finished Spring Data repository scanning in 5 ms. Found 0 Redis repository interfaces.
2021-05-22 17:18:29.115 -INFO 6002 [           main] org.springframework.boot.web.embedded.tomcat.TomcatWebServer : Tomcat initialized with port(s): 8080 (http)
2021-05-22 17:18:29.120 -INFO 6002 [           main] org.apache.coyote.http11.Http11NioProtocol : Initializing ProtocolHandler ["http-nio-8080"]
2021-05-22 17:18:29.120 -INFO 6002 [           main] org.apache.catalina.core.StandardService : Starting service [Tomcat]
2021-05-22 17:18:29.120 -INFO 6002 [           main] org.apache.catalina.core.StandardEngine : Starting Servlet engine: [Apache Tomcat/9.0.41]
2021-05-22 17:18:29.195 -INFO 6002 [           main] org.apache.catalina.core.ContainerBase.[Tomcat].[localhost].[/] : Initializing Spring embedded WebApplicationContext
2021-05-22 17:18:29.195 -INFO 6002 [           main] org.springframework.boot.web.servlet.context.ServletWebServerApplicationContext : Root WebApplicationContext: initialization completed in 752 ms
2021-05-22 17:18:29.261 -INFO 6002 [           main] org.mongodb.driver.cluster : Cluster created with settings {hosts=[localhost:27017], mode=SINGLE, requiredClusterType=UNKNOWN, serverSelectionTimeout='30000 ms'}
2021-05-22 17:18:29.292 -INFO 6002 [localhost:27017] org.mongodb.driver.connection : Opened connection [connectionId{localValue:2, serverValue:69}] to localhost:27017
2021-05-22 17:18:29.292 -INFO 6002 [localhost:27017] org.mongodb.driver.connection : Opened connection [connectionId{localValue:1, serverValue:70}] to localhost:27017
2021-05-22 17:18:29.292 -INFO 6002 [localhost:27017] org.mongodb.driver.cluster : Monitor thread successfully connected to server with description ServerDescription{address=localhost:27017, type=STANDALONE, state=CONNECTED, ok=true, minWireVersion=0, maxWireVersion=2, maxDocumentSize=16777216, logicalSessionTimeoutMinutes=null, roundTripTimeNanos=9002073}
2021-05-22 17:18:29.632 -INFO 6002 [           main] org.quartz.impl.StdSchedulerFactory : Using default implementation for ThreadExecutor
2021-05-22 17:18:29.639 -INFO 6002 [           main] org.quartz.core.SchedulerSignalerImpl : Initialized Scheduler Signaller of type: class org.quartz.core.SchedulerSignalerImpl
2021-05-22 17:18:29.639 -INFO 6002 [           main] org.quartz.core.QuartzScheduler : Quartz Scheduler v.2.3.2 created.
2021-05-22 17:18:29.640 -INFO 6002 [           main] org.quartz.simpl.RAMJobStore : RAMJobStore initialized.
2021-05-22 17:18:29.640 -INFO 6002 [           main] org.quartz.core.QuartzScheduler : Scheduler meta-data: Quartz Scheduler (v2.3.2) 'quartzScheduler' with instanceId 'NON_CLUSTERED'
  Scheduler class: 'org.quartz.core.QuartzScheduler' - running locally.
  NOT STARTED.
  Currently in standby mode.
  Number of jobs executed: 0
  Using thread pool 'org.quartz.simpl.SimpleThreadPool' - with 10 threads.
  Using job-store 'org.quartz.simpl.RAMJobStore' - which does not support persistence. and is not clustered.

2021-05-22 17:18:29.640 -INFO 6002 [           main] org.quartz.impl.StdSchedulerFactory : Quartz scheduler 'quartzScheduler' initialized from an externally provided properties instance.
2021-05-22 17:18:29.640 -INFO 6002 [           main] org.quartz.impl.StdSchedulerFactory : Quartz scheduler version: 2.3.2
2021-05-22 17:18:29.640 -INFO 6002 [           main] org.quartz.core.QuartzScheduler : JobFactory set to: org.springframework.scheduling.quartz.SpringBeanJobFactory@48499739
2021-05-22 17:18:29.775 -INFO 6002 [           main] org.springframework.scheduling.concurrent.ThreadPoolTaskExecutor : Initializing ExecutorService 'applicationTaskExecutor'
2021-05-22 17:18:29.910 -INFO 6002 [           main] org.apache.coyote.http11.Http11NioProtocol : Starting ProtocolHandler ["http-nio-8080"]
2021-05-22 17:18:29.925 -INFO 6002 [           main] org.springframework.boot.web.embedded.tomcat.TomcatWebServer : Tomcat started on port(s): 8080 (http) with context path ''
2021-05-22 17:18:29.925 -INFO 6002 [           main] org.springframework.scheduling.quartz.SchedulerFactoryBean : Starting Quartz Scheduler now
2021-05-22 17:18:29.925 -INFO 6002 [           main] org.quartz.core.QuartzScheduler : Scheduler quartzScheduler_$_NON_CLUSTERED started.
2021-05-22 17:18:29.932 -INFO 6002 [           main] com.tsinghua.course.CourseApplication : Started CourseApplication in 1.759 seconds (JVM running for 2.43)
2021-05-22 17:18:30.802 -INFO 6002 [ntLoopGroup-6-1] org.reflections.Reflections : Reflections took 13 ms to scan 1 urls, producing 4 keys and 15 values 
2021-05-22 17:18:30.836 -INFO 6002 [ntLoopGroup-6-1] org.mongodb.driver.connection : Opened connection [connectionId{localValue:3, serverValue:71}] to localhost:27017
2021-05-22 19:52:25.277 -INFO 6002 [extShutdownHook] org.quartz.core.QuartzScheduler : Scheduler quartzScheduler_$_NON_CLUSTERED paused.
2021-05-22 19:52:25.300 -INFO 6002 [extShutdownHook] org.springframework.scheduling.concurrent.ThreadPoolTaskExecutor : Shutting down ExecutorService 'applicationTaskExecutor'
2021-05-22 19:52:25.300 -INFO 6002 [extShutdownHook] org.springframework.scheduling.quartz.SchedulerFactoryBean : Shutting down Quartz Scheduler
2021-05-22 19:52:25.300 -INFO 6002 [extShutdownHook] org.quartz.core.QuartzScheduler : Scheduler quartzScheduler_$_NON_CLUSTERED shutting down.
2021-05-22 19:52:25.301 -INFO 6002 [extShutdownHook] org.quartz.core.QuartzScheduler : Scheduler quartzScheduler_$_NON_CLUSTERED paused.
2021-05-22 19:52:25.301 -INFO 6002 [extShutdownHook] org.quartz.core.QuartzScheduler : Scheduler quartzScheduler_$_NON_CLUSTERED shutdown complete.
2021-05-22 19:52:25.315 -INFO 6002 [extShutdownHook] org.mongodb.driver.connection : Closed connection [connectionId{localValue:3, serverValue:71}] to localhost:27017 because the pool has been closed.
2021-05-22 19:52:28.509 -INFO 6149 [           main] com.tsinghua.course.CourseApplication : Starting CourseApplication using Java 15.0.1 on wujun-MacBookPro.local with PID 6149 (/Users/wujun/Desktop/mobile_application/BackEnd/course/target/classes started by wujun in /Users/wujun/Desktop/mobile_application/BackEnd/course)
2021-05-22 19:52:28.510 -DEBUG 6149 [           main] com.tsinghua.course.CourseApplication : Running with Spring Boot v2.4.2, Spring v5.3.3
2021-05-22 19:52:28.510 -INFO 6149 [           main] com.tsinghua.course.CourseApplication : No active profile set, falling back to default profiles: default
2021-05-22 19:52:28.940 -INFO 6149 [           main] org.springframework.data.repository.config.RepositoryConfigurationDelegate : Multiple Spring Data modules found, entering strict repository configuration mode!
2021-05-22 19:52:28.941 -INFO 6149 [           main] org.springframework.data.repository.config.RepositoryConfigurationDelegate : Bootstrapping Spring Data MongoDB repositories in DEFAULT mode.
2021-05-22 19:52:28.955 -INFO 6149 [           main] org.springframework.data.repository.config.RepositoryConfigurationDelegate : Finished Spring Data repository scanning in 11 ms. Found 0 MongoDB repository interfaces.
2021-05-22 19:52:28.964 -INFO 6149 [           main] org.springframework.data.repository.config.RepositoryConfigurationDelegate : Multiple Spring Data modules found, entering strict repository configuration mode!
2021-05-22 19:52:28.965 -INFO 6149 [           main] org.springframework.data.repository.config.RepositoryConfigurationDelegate : Bootstrapping Spring Data Redis repositories in DEFAULT mode.
2021-05-22 19:52:28.979 -INFO 6149 [           main] org.springframework.data.repository.config.RepositoryConfigurationDelegate : Finished Spring Data repository scanning in 9 ms. Found 0 Redis repository interfaces.
2021-05-22 19:52:29.339 -INFO 6149 [           main] org.springframework.boot.web.embedded.tomcat.TomcatWebServer : Tomcat initialized with port(s): 8080 (http)
2021-05-22 19:52:29.345 -INFO 6149 [           main] org.apache.coyote.http11.Http11NioProtocol : Initializing ProtocolHandler ["http-nio-8080"]
2021-05-22 19:52:29.346 -INFO 6149 [           main] org.apache.catalina.core.StandardService : Starting service [Tomcat]
2021-05-22 19:52:29.346 -INFO 6149 [           main] org.apache.catalina.core.StandardEngine : Starting Servlet engine: [Apache Tomcat/9.0.41]
2021-05-22 19:52:29.403 -INFO 6149 [           main] org.apache.catalina.core.ContainerBase.[Tomcat].[localhost].[/] : Initializing Spring embedded WebApplicationContext
2021-05-22 19:52:29.403 -INFO 6149 [           main] org.springframework.boot.web.servlet.context.ServletWebServerApplicationContext : Root WebApplicationContext: initialization completed in 862 ms
2021-05-22 19:52:29.512 -INFO 6149 [           main] org.mongodb.driver.cluster : Cluster created with settings {hosts=[localhost:27017], mode=SINGLE, requiredClusterType=UNKNOWN, serverSelectionTimeout='30000 ms'}
2021-05-22 19:52:29.571 -INFO 6149 [localhost:27017] org.mongodb.driver.connection : Opened connection [connectionId{localValue:1, serverValue:72}] to localhost:27017
2021-05-22 19:52:29.571 -INFO 6149 [localhost:27017] org.mongodb.driver.connection : Opened connection [connectionId{localValue:2, serverValue:73}] to localhost:27017
2021-05-22 19:52:29.571 -INFO 6149 [localhost:27017] org.mongodb.driver.cluster : Monitor thread successfully connected to server with description ServerDescription{address=localhost:27017, type=STANDALONE, state=CONNECTED, ok=true, minWireVersion=0, maxWireVersion=2, maxDocumentSize=16777216, logicalSessionTimeoutMinutes=null, roundTripTimeNanos=12529418}
2021-05-22 19:52:29.937 -INFO 6149 [           main] org.quartz.impl.StdSchedulerFactory : Using default implementation for ThreadExecutor
2021-05-22 19:52:29.947 -INFO 6149 [           main] org.quartz.core.SchedulerSignalerImpl : Initialized Scheduler Signaller of type: class org.quartz.core.SchedulerSignalerImpl
2021-05-22 19:52:29.948 -INFO 6149 [           main] org.quartz.core.QuartzScheduler : Quartz Scheduler v.2.3.2 created.
2021-05-22 19:52:29.948 -INFO 6149 [           main] org.quartz.simpl.RAMJobStore : RAMJobStore initialized.
2021-05-22 19:52:29.948 -INFO 6149 [           main] org.quartz.core.QuartzScheduler : Scheduler meta-data: Quartz Scheduler (v2.3.2) 'quartzScheduler' with instanceId 'NON_CLUSTERED'
  Scheduler class: 'org.quartz.core.QuartzScheduler' - running locally.
  NOT STARTED.
  Currently in standby mode.
  Number of jobs executed: 0
  Using thread pool 'org.quartz.simpl.SimpleThreadPool' - with 10 threads.
  Using job-store 'org.quartz.simpl.RAMJobStore' - which does not support persistence. and is not clustered.

2021-05-22 19:52:29.948 -INFO 6149 [           main] org.quartz.impl.StdSchedulerFactory : Quartz scheduler 'quartzScheduler' initialized from an externally provided properties instance.
2021-05-22 19:52:29.948 -INFO 6149 [           main] org.quartz.impl.StdSchedulerFactory : Quartz scheduler version: 2.3.2
2021-05-22 19:52:29.948 -INFO 6149 [           main] org.quartz.core.QuartzScheduler : JobFactory set to: org.springframework.scheduling.quartz.SpringBeanJobFactory@48499739
2021-05-22 19:52:30.059 -INFO 6149 [           main] org.springframework.scheduling.concurrent.ThreadPoolTaskExecutor : Initializing ExecutorService 'applicationTaskExecutor'
2021-05-22 19:52:30.199 -INFO 6149 [           main] org.apache.coyote.http11.Http11NioProtocol : Starting ProtocolHandler ["http-nio-8080"]
2021-05-22 19:52:30.217 -INFO 6149 [           main] org.springframework.boot.web.embedded.tomcat.TomcatWebServer : Tomcat started on port(s): 8080 (http) with context path ''
2021-05-22 19:52:30.217 -INFO 6149 [           main] org.springframework.scheduling.quartz.SchedulerFactoryBean : Starting Quartz Scheduler now
2021-05-22 19:52:30.217 -INFO 6149 [           main] org.quartz.core.QuartzScheduler : Scheduler quartzScheduler_$_NON_CLUSTERED started.
2021-05-22 19:52:30.224 -INFO 6149 [           main] com.tsinghua.course.CourseApplication : Started CourseApplication in 1.937 seconds (JVM running for 2.442)
2021-05-22 19:52:58.663 -INFO 6149 [ntLoopGroup-6-1] org.reflections.Reflections : Reflections took 17 ms to scan 1 urls, producing 4 keys and 15 values 
2021-05-22 19:52:58.704 -INFO 6149 [ntLoopGroup-6-1] org.mongodb.driver.connection : Opened connection [connectionId{localValue:3, serverValue:74}] to localhost:27017
