2021-06-16 03:02:19.382 -INFO 11614 [localhost:27017] org.mongodb.driver.cluster : Exception in monitor thread while connecting to server localhost:27017
com.mongodb.MongoSocketReadTimeoutException: Timeout while receiving message
	at com.mongodb.internal.connection.InternalStreamConnection.translateReadException(InternalStreamConnection.java:631)
	at com.mongodb.internal.connection.InternalStreamConnection.receiveMessageWithAdditionalTimeout(InternalStreamConnection.java:516)
	at com.mongodb.internal.connection.InternalStreamConnection.receiveCommandMessageResponse(InternalStreamConnection.java:356)
	at com.mongodb.internal.connection.InternalStreamConnection.receive(InternalStreamConnection.java:305)
	at com.mongodb.internal.connection.DefaultServerMonitor$ServerMonitorRunnable.lookupServerDescription(DefaultServerMonitor.java:218)
	at com.mongodb.internal.connection.DefaultServerMonitor$ServerMonitorRunnable.run(DefaultServerMonitor.java:144)
	at java.base/java.lang.Thread.run(Thread.java:832)
Caused by: java.net.SocketTimeoutException: Read timed out
	at java.base/sun.nio.ch.NioSocketImpl.timedRead(NioSocketImpl.java:283)
	at java.base/sun.nio.ch.NioSocketImpl.implRead(NioSocketImpl.java:309)
	at java.base/sun.nio.ch.NioSocketImpl.read(NioSocketImpl.java:350)
	at java.base/sun.nio.ch.NioSocketImpl$1.read(NioSocketImpl.java:803)
	at java.base/java.net.Socket$SocketInputStream.read(Socket.java:981)
	at com.mongodb.internal.connection.SocketStream.read(SocketStream.java:109)
	at com.mongodb.internal.connection.SocketStream.read(SocketStream.java:131)
	at com.mongodb.internal.connection.InternalStreamConnection.receiveResponseBuffers(InternalStreamConnection.java:648)
	at com.mongodb.internal.connection.InternalStreamConnection.receiveMessageWithAdditionalTimeout(InternalStreamConnection.java:513)
	... 5 common frames omitted
2021-06-16 03:02:25.802 -INFO 11614 [localhost:27017] org.mongodb.driver.connection : Opened connection [connectionId{localValue:4, serverValue:165}] to localhost:27017
2021-06-16 03:02:25.803 -INFO 11614 [localhost:27017] org.mongodb.driver.cluster : Monitor thread successfully connected to server with description ServerDescription{address=localhost:27017, type=STANDALONE, state=CONNECTED, ok=true, minWireVersion=0, maxWireVersion=2, maxDocumentSize=16777216, logicalSessionTimeoutMinutes=null, roundTripTimeNanos=191974742}
2021-06-16 03:02:31.149 -INFO 11614 [localhost:27017] org.mongodb.driver.connection : Opened connection [connectionId{localValue:5, serverValue:166}] to localhost:27017
2021-06-16 03:11:28.191 -INFO 11614 [localhost:27017] org.mongodb.driver.cluster : Exception in monitor thread while connecting to server localhost:27017
com.mongodb.MongoSocketReadTimeoutException: Timeout while receiving message
	at com.mongodb.internal.connection.InternalStreamConnection.translateReadException(InternalStreamConnection.java:631)
	at com.mongodb.internal.connection.InternalStreamConnection.receiveMessageWithAdditionalTimeout(InternalStreamConnection.java:516)
	at com.mongodb.internal.connection.InternalStreamConnection.receiveCommandMessageResponse(InternalStreamConnection.java:356)
	at com.mongodb.internal.connection.InternalStreamConnection.receive(InternalStreamConnection.java:305)
	at com.mongodb.internal.connection.DefaultServerMonitor$ServerMonitorRunnable.lookupServerDescription(DefaultServerMonitor.java:218)
	at com.mongodb.internal.connection.DefaultServerMonitor$ServerMonitorRunnable.run(DefaultServerMonitor.java:144)
	at java.base/java.lang.Thread.run(Thread.java:832)
Caused by: java.net.SocketTimeoutException: Read timed out
	at java.base/sun.nio.ch.NioSocketImpl.timedRead(NioSocketImpl.java:283)
	at java.base/sun.nio.ch.NioSocketImpl.implRead(NioSocketImpl.java:309)
	at java.base/sun.nio.ch.NioSocketImpl.read(NioSocketImpl.java:350)
	at java.base/sun.nio.ch.NioSocketImpl$1.read(NioSocketImpl.java:803)
	at java.base/java.net.Socket$SocketInputStream.read(Socket.java:981)
	at com.mongodb.internal.connection.SocketStream.read(SocketStream.java:109)
	at com.mongodb.internal.connection.SocketStream.read(SocketStream.java:131)
	at com.mongodb.internal.connection.InternalStreamConnection.receiveResponseBuffers(InternalStreamConnection.java:648)
	at com.mongodb.internal.connection.InternalStreamConnection.receiveMessageWithAdditionalTimeout(InternalStreamConnection.java:513)
	... 5 common frames omitted
2021-06-16 03:11:30.126 -INFO 11614 [localhost:27017] org.mongodb.driver.connection : Opened connection [connectionId{localValue:6, serverValue:167}] to localhost:27017
2021-06-16 03:11:30.130 -INFO 11614 [localhost:27017] org.mongodb.driver.cluster : Monitor thread successfully connected to server with description ServerDescription{address=localhost:27017, type=STANDALONE, state=CONNECTED, ok=true, minWireVersion=0, maxWireVersion=2, maxDocumentSize=16777216, logicalSessionTimeoutMinutes=null, roundTripTimeNanos=110845651}
2021-06-16 03:11:38.686 -INFO 11614 [localhost:27017] org.mongodb.driver.connection : Opened connection [connectionId{localValue:7, serverValue:168}] to localhost:27017
