2021-05-21 13:53:30.976 -INFO 28709 [localhost:27017] org.mongodb.driver.cluster : Exception in monitor thread while connecting to server localhost:27017
com.mongodb.MongoSocketReadException: Prematurely reached end of stream
	at com.mongodb.internal.connection.SocketStream.read(SocketStream.java:112)
	at com.mongodb.internal.connection.SocketStream.read(SocketStream.java:131)
	at com.mongodb.internal.connection.InternalStreamConnection.receiveResponseBuffers(InternalStreamConnection.java:648)
	at com.mongodb.internal.connection.InternalStreamConnection.receiveMessageWithAdditionalTimeout(InternalStreamConnection.java:513)
	at com.mongodb.internal.connection.InternalStreamConnection.receiveCommandMessageResponse(InternalStreamConnection.java:356)
	at com.mongodb.internal.connection.InternalStreamConnection.receive(InternalStreamConnection.java:305)
	at com.mongodb.internal.connection.DefaultServerMonitor$ServerMonitorRunnable.lookupServerDescription(DefaultServerMonitor.java:218)
	at com.mongodb.internal.connection.DefaultServerMonitor$ServerMonitorRunnable.run(DefaultServerMonitor.java:144)
	at java.base/java.lang.Thread.run(Thread.java:832)
2021-05-21 13:53:31.056 -INFO 28709 [localhost:27017] org.mongodb.driver.cluster : Exception in monitor thread while connecting to server localhost:27017
com.mongodb.MongoSocketOpenException: Exception opening socket
	at com.mongodb.internal.connection.SocketStream.open(SocketStream.java:70)
	at com.mongodb.internal.connection.InternalStreamConnection.open(InternalStreamConnection.java:143)
	at com.mongodb.internal.connection.DefaultServerMonitor$ServerMonitorRunnable.lookupServerDescription(DefaultServerMonitor.java:188)
	at com.mongodb.internal.connection.DefaultServerMonitor$ServerMonitorRunnable.run(DefaultServerMonitor.java:144)
	at java.base/java.lang.Thread.run(Thread.java:832)
Caused by: java.net.ConnectException: Connection refused
	at java.base/sun.nio.ch.Net.pollConnect(Native Method)
	at java.base/sun.nio.ch.Net.pollConnectNow(Net.java:660)
	at java.base/sun.nio.ch.NioSocketImpl.timedFinishConnect(NioSocketImpl.java:542)
	at java.base/sun.nio.ch.NioSocketImpl.connect(NioSocketImpl.java:597)
	at java.base/java.net.SocksSocketImpl.connect(SocksSocketImpl.java:333)
	at java.base/java.net.Socket.connect(Socket.java:648)
	at com.mongodb.internal.connection.SocketStreamHelper.initialize(SocketStreamHelper.java:78)
	at com.mongodb.internal.connection.SocketStream.initializeSocket(SocketStream.java:79)
	at com.mongodb.internal.connection.SocketStream.open(SocketStream.java:65)
	... 4 common frames omitted
2021-05-21 13:54:31.096 -INFO 28709 [localhost:27017] org.mongodb.driver.cluster : Exception in monitor thread while connecting to server localhost:27017
com.mongodb.MongoSocketReadException: Prematurely reached end of stream
	at com.mongodb.internal.connection.SocketStream.read(SocketStream.java:112)
	at com.mongodb.internal.connection.SocketStream.read(SocketStream.java:131)
	at com.mongodb.internal.connection.InternalStreamConnection.receiveResponseBuffers(InternalStreamConnection.java:648)
	at com.mongodb.internal.connection.InternalStreamConnection.receiveMessageWithAdditionalTimeout(InternalStreamConnection.java:513)
	at com.mongodb.internal.connection.InternalStreamConnection.receiveCommandMessageResponse(InternalStreamConnection.java:356)
	at com.mongodb.internal.connection.InternalStreamConnection.sendAndReceive(InternalStreamConnection.java:280)
	at com.mongodb.internal.connection.CommandHelper.sendAndReceive(CommandHelper.java:83)
	at com.mongodb.internal.connection.CommandHelper.executeCommand(CommandHelper.java:33)
	at com.mongodb.internal.connection.InternalStreamConnectionInitializer.initializeConnectionDescription(InternalStreamConnectionInitializer.java:107)
	at com.mongodb.internal.connection.InternalStreamConnectionInitializer.initialize(InternalStreamConnectionInitializer.java:62)
	at com.mongodb.internal.connection.InternalStreamConnection.open(InternalStreamConnection.java:144)
	at com.mongodb.internal.connection.DefaultServerMonitor$ServerMonitorRunnable.lookupServerDescription(DefaultServerMonitor.java:188)
	at com.mongodb.internal.connection.DefaultServerMonitor$ServerMonitorRunnable.run(DefaultServerMonitor.java:144)
	at java.base/java.lang.Thread.run(Thread.java:832)
2021-05-21 14:21:32.172 -INFO 28709 [localhost:27017] org.mongodb.driver.cluster : Exception in monitor thread while connecting to server localhost:27017
com.mongodb.MongoSocketOpenException: Exception opening socket
	at com.mongodb.internal.connection.SocketStream.open(SocketStream.java:70)
	at com.mongodb.internal.connection.InternalStreamConnection.open(InternalStreamConnection.java:143)
	at com.mongodb.internal.connection.DefaultServerMonitor$ServerMonitorRunnable.lookupServerDescription(DefaultServerMonitor.java:188)
	at com.mongodb.internal.connection.DefaultServerMonitor$ServerMonitorRunnable.run(DefaultServerMonitor.java:144)
	at java.base/java.lang.Thread.run(Thread.java:832)
Caused by: java.net.ConnectException: Connection refused
	at java.base/sun.nio.ch.Net.pollConnect(Native Method)
	at java.base/sun.nio.ch.Net.pollConnectNow(Net.java:660)
	at java.base/sun.nio.ch.NioSocketImpl.timedFinishConnect(NioSocketImpl.java:542)
	at java.base/sun.nio.ch.NioSocketImpl.connect(NioSocketImpl.java:597)
	at java.base/java.net.SocksSocketImpl.connect(SocksSocketImpl.java:333)
	at java.base/java.net.Socket.connect(Socket.java:648)
	at com.mongodb.internal.connection.SocketStreamHelper.initialize(SocketStreamHelper.java:78)
	at com.mongodb.internal.connection.SocketStream.initializeSocket(SocketStream.java:79)
	at com.mongodb.internal.connection.SocketStream.open(SocketStream.java:65)
	... 4 common frames omitted
2021-05-21 14:23:22.211 -INFO 28709 [localhost:27017] org.mongodb.driver.cluster : Exception in monitor thread while connecting to server localhost:27017
com.mongodb.MongoSocketReadException: Prematurely reached end of stream
	at com.mongodb.internal.connection.SocketStream.read(SocketStream.java:112)
	at com.mongodb.internal.connection.SocketStream.read(SocketStream.java:131)
	at com.mongodb.internal.connection.InternalStreamConnection.receiveResponseBuffers(InternalStreamConnection.java:648)
	at com.mongodb.internal.connection.InternalStreamConnection.receiveMessageWithAdditionalTimeout(InternalStreamConnection.java:513)
	at com.mongodb.internal.connection.InternalStreamConnection.receiveCommandMessageResponse(InternalStreamConnection.java:356)
	at com.mongodb.internal.connection.InternalStreamConnection.sendAndReceive(InternalStreamConnection.java:280)
	at com.mongodb.internal.connection.CommandHelper.sendAndReceive(CommandHelper.java:83)
	at com.mongodb.internal.connection.CommandHelper.executeCommand(CommandHelper.java:33)
	at com.mongodb.internal.connection.InternalStreamConnectionInitializer.initializeConnectionDescription(InternalStreamConnectionInitializer.java:107)
	at com.mongodb.internal.connection.InternalStreamConnectionInitializer.initialize(InternalStreamConnectionInitializer.java:62)
	at com.mongodb.internal.connection.InternalStreamConnection.open(InternalStreamConnection.java:144)
	at com.mongodb.internal.connection.DefaultServerMonitor$ServerMonitorRunnable.lookupServerDescription(DefaultServerMonitor.java:188)
	at com.mongodb.internal.connection.DefaultServerMonitor$ServerMonitorRunnable.run(DefaultServerMonitor.java:144)
	at java.base/java.lang.Thread.run(Thread.java:832)
2021-05-21 15:45:15.298 -INFO 28709 [localhost:27017] org.mongodb.driver.connection : Opened connection [connectionId{localValue:1342, serverValue:6}] to localhost:27017
2021-05-21 15:45:15.686 -INFO 28709 [localhost:27017] org.mongodb.driver.connection : Opened connection [connectionId{localValue:1343, serverValue:7}] to localhost:27017
2021-05-21 15:45:15.689 -INFO 28709 [localhost:27017] org.mongodb.driver.cluster : Monitor thread successfully connected to server with description ServerDescription{address=localhost:27017, type=STANDALONE, state=CONNECTED, ok=true, minWireVersion=0, maxWireVersion=2, maxDocumentSize=16777216, logicalSessionTimeoutMinutes=null, roundTripTimeNanos=3779142}
2021-05-21 15:54:55.703 -INFO 28709 [extShutdownHook] org.quartz.core.QuartzScheduler : Scheduler quartzScheduler_$_NON_CLUSTERED paused.
2021-05-21 15:54:55.906 -INFO 28709 [extShutdownHook] org.springframework.scheduling.concurrent.ThreadPoolTaskExecutor : Shutting down ExecutorService 'applicationTaskExecutor'
2021-05-21 15:54:55.908 -INFO 28709 [extShutdownHook] org.springframework.scheduling.quartz.SchedulerFactoryBean : Shutting down Quartz Scheduler
2021-05-21 15:54:55.908 -INFO 28709 [extShutdownHook] org.quartz.core.QuartzScheduler : Scheduler quartzScheduler_$_NON_CLUSTERED shutting down.
2021-05-21 15:54:55.908 -INFO 28709 [extShutdownHook] org.quartz.core.QuartzScheduler : Scheduler quartzScheduler_$_NON_CLUSTERED paused.
2021-05-21 15:54:55.910 -INFO 28709 [extShutdownHook] org.quartz.core.QuartzScheduler : Scheduler quartzScheduler_$_NON_CLUSTERED shutdown complete.
2021-05-21 15:55:00.262 -INFO 32682 [           main] com.tsinghua.course.CourseApplication : Starting CourseApplication using Java 15.0.1 on wujun-MacBookPro.local with PID 32682 (/Users/wujun/Desktop/mobile_application/BackEnd/course/target/classes started by wujun in /Users/wujun/Desktop/mobile_application/BackEnd/course)
2021-05-21 15:55:00.263 -DEBUG 32682 [           main] com.tsinghua.course.CourseApplication : Running with Spring Boot v2.4.2, Spring v5.3.3
2021-05-21 15:55:00.263 -INFO 32682 [           main] com.tsinghua.course.CourseApplication : No active profile set, falling back to default profiles: default
2021-05-21 15:55:00.777 -INFO 32682 [           main] org.springframework.data.repository.config.RepositoryConfigurationDelegate : Multiple Spring Data modules found, entering strict repository configuration mode!
2021-05-21 15:55:00.778 -INFO 32682 [           main] org.springframework.data.repository.config.RepositoryConfigurationDelegate : Bootstrapping Spring Data MongoDB repositories in DEFAULT mode.
2021-05-21 15:55:00.799 -INFO 32682 [           main] org.springframework.data.repository.config.RepositoryConfigurationDelegate : Finished Spring Data repository scanning in 17 ms. Found 0 MongoDB repository interfaces.
2021-05-21 15:55:00.817 -INFO 32682 [           main] org.springframework.data.repository.config.RepositoryConfigurationDelegate : Multiple Spring Data modules found, entering strict repository configuration mode!
2021-05-21 15:55:00.818 -INFO 32682 [           main] org.springframework.data.repository.config.RepositoryConfigurationDelegate : Bootstrapping Spring Data Redis repositories in DEFAULT mode.
2021-05-21 15:55:00.836 -INFO 32682 [           main] org.springframework.data.repository.config.RepositoryConfigurationDelegate : Finished Spring Data repository scanning in 7 ms. Found 0 Redis repository interfaces.
2021-05-21 15:55:01.232 -INFO 32682 [           main] org.springframework.boot.web.embedded.tomcat.TomcatWebServer : Tomcat initialized with port(s): 8080 (http)
2021-05-21 15:55:01.239 -INFO 32682 [           main] org.apache.coyote.http11.Http11NioProtocol : Initializing ProtocolHandler ["http-nio-8080"]
2021-05-21 15:55:01.239 -INFO 32682 [           main] org.apache.catalina.core.StandardService : Starting service [Tomcat]
2021-05-21 15:55:01.240 -INFO 32682 [           main] org.apache.catalina.core.StandardEngine : Starting Servlet engine: [Apache Tomcat/9.0.41]
2021-05-21 15:55:01.305 -INFO 32682 [           main] org.apache.catalina.core.ContainerBase.[Tomcat].[localhost].[/] : Initializing Spring embedded WebApplicationContext
2021-05-21 15:55:01.305 -INFO 32682 [           main] org.springframework.boot.web.servlet.context.ServletWebServerApplicationContext : Root WebApplicationContext: initialization completed in 1012 ms
2021-05-21 15:55:01.391 -INFO 32682 [           main] org.mongodb.driver.cluster : Cluster created with settings {hosts=[localhost:27017], mode=SINGLE, requiredClusterType=UNKNOWN, serverSelectionTimeout='30000 ms'}
2021-05-21 15:55:01.433 -INFO 32682 [localhost:27017] org.mongodb.driver.connection : Opened connection [connectionId{localValue:2, serverValue:8}] to localhost:27017
2021-05-21 15:55:01.433 -INFO 32682 [localhost:27017] org.mongodb.driver.connection : Opened connection [connectionId{localValue:1, serverValue:9}] to localhost:27017
2021-05-21 15:55:01.433 -INFO 32682 [localhost:27017] org.mongodb.driver.cluster : Monitor thread successfully connected to server with description ServerDescription{address=localhost:27017, type=STANDALONE, state=CONNECTED, ok=true, minWireVersion=0, maxWireVersion=2, maxDocumentSize=16777216, logicalSessionTimeoutMinutes=null, roundTripTimeNanos=14189254}
2021-05-21 15:55:01.818 -INFO 32682 [           main] org.quartz.impl.StdSchedulerFactory : Using default implementation for ThreadExecutor
2021-05-21 15:55:01.824 -INFO 32682 [           main] org.quartz.core.SchedulerSignalerImpl : Initialized Scheduler Signaller of type: class org.quartz.core.SchedulerSignalerImpl
2021-05-21 15:55:01.824 -INFO 32682 [           main] org.quartz.core.QuartzScheduler : Quartz Scheduler v.2.3.2 created.
2021-05-21 15:55:01.825 -INFO 32682 [           main] org.quartz.simpl.RAMJobStore : RAMJobStore initialized.
2021-05-21 15:55:01.825 -INFO 32682 [           main] org.quartz.core.QuartzScheduler : Scheduler meta-data: Quartz Scheduler (v2.3.2) 'quartzScheduler' with instanceId 'NON_CLUSTERED'
  Scheduler class: 'org.quartz.core.QuartzScheduler' - running locally.
  NOT STARTED.
  Currently in standby mode.
  Number of jobs executed: 0
  Using thread pool 'org.quartz.simpl.SimpleThreadPool' - with 10 threads.
  Using job-store 'org.quartz.simpl.RAMJobStore' - which does not support persistence. and is not clustered.

2021-05-21 15:55:01.825 -INFO 32682 [           main] org.quartz.impl.StdSchedulerFactory : Quartz scheduler 'quartzScheduler' initialized from an externally provided properties instance.
2021-05-21 15:55:01.825 -INFO 32682 [           main] org.quartz.impl.StdSchedulerFactory : Quartz scheduler version: 2.3.2
2021-05-21 15:55:01.825 -INFO 32682 [           main] org.quartz.core.QuartzScheduler : JobFactory set to: org.springframework.scheduling.quartz.SpringBeanJobFactory@7ceb6c45
2021-05-21 15:55:01.958 -INFO 32682 [           main] org.springframework.scheduling.concurrent.ThreadPoolTaskExecutor : Initializing ExecutorService 'applicationTaskExecutor'
2021-05-21 15:55:02.176 -INFO 32682 [           main] org.apache.coyote.http11.Http11NioProtocol : Starting ProtocolHandler ["http-nio-8080"]
2021-05-21 15:55:02.203 -INFO 32682 [           main] org.springframework.boot.web.embedded.tomcat.TomcatWebServer : Tomcat started on port(s): 8080 (http) with context path ''
2021-05-21 15:55:02.203 -INFO 32682 [           main] org.springframework.scheduling.quartz.SchedulerFactoryBean : Starting Quartz Scheduler now
2021-05-21 15:55:02.204 -INFO 32682 [           main] org.quartz.core.QuartzScheduler : Scheduler quartzScheduler_$_NON_CLUSTERED started.
2021-05-21 15:55:02.216 -INFO 32682 [           main] com.tsinghua.course.CourseApplication : Started CourseApplication in 2.207 seconds (JVM running for 3.05)
2021-05-21 15:55:44.988 -WARN 32682 [ntLoopGroup-6-1] com.tsinghua.course.CourseApplication : null-null-{"path":"/"}-SysError006-com.tsinghua.course.Biz.Handler.HttpHandler#channelRead0#85/
2021-05-21 15:55:53.388 -WARN 32682 [ntLoopGroup-6-2] com.tsinghua.course.CourseApplication : null-null-{"path":"/"}-SysError006-com.tsinghua.course.Biz.Handler.HttpHandler#channelRead0#85/
2021-05-21 15:55:54.703 -WARN 32682 [ntLoopGroup-6-3] com.tsinghua.course.CourseApplication : null-null-{"path":"/login"}-SysError006-com.tsinghua.course.Biz.Handler.HttpHandler#channelRead0#85/
2021-05-21 15:55:54.792 -WARN 32682 [ntLoopGroup-6-4] com.tsinghua.course.CourseApplication : null-null-{"path":"/favicon.ico"}-SysError006-com.tsinghua.course.Biz.Handler.HttpHandler#channelRead0#85/
2021-05-21 16:12:09.313 -INFO 32682 [extShutdownHook] org.quartz.core.QuartzScheduler : Scheduler quartzScheduler_$_NON_CLUSTERED paused.
2021-05-21 16:12:09.382 -INFO 32682 [extShutdownHook] org.springframework.scheduling.concurrent.ThreadPoolTaskExecutor : Shutting down ExecutorService 'applicationTaskExecutor'
2021-05-21 16:12:09.382 -INFO 32682 [extShutdownHook] org.springframework.scheduling.quartz.SchedulerFactoryBean : Shutting down Quartz Scheduler
2021-05-21 16:12:09.382 -INFO 32682 [extShutdownHook] org.quartz.core.QuartzScheduler : Scheduler quartzScheduler_$_NON_CLUSTERED shutting down.
2021-05-21 16:12:09.382 -INFO 32682 [extShutdownHook] org.quartz.core.QuartzScheduler : Scheduler quartzScheduler_$_NON_CLUSTERED paused.
2021-05-21 16:12:09.383 -INFO 32682 [extShutdownHook] org.quartz.core.QuartzScheduler : Scheduler quartzScheduler_$_NON_CLUSTERED shutdown complete.
2021-05-21 16:45:13.946 -INFO 1077 [           main] com.tsinghua.course.CourseApplication : Starting CourseApplication using Java 15.0.1 on wujun-MacBookPro.local with PID 1077 (/Users/wujun/Desktop/mobile_application/BackEnd/course/target/classes started by wujun in /Users/wujun/Desktop/mobile_application/BackEnd/course)
2021-05-21 16:45:13.949 -DEBUG 1077 [           main] com.tsinghua.course.CourseApplication : Running with Spring Boot v2.4.2, Spring v5.3.3
2021-05-21 16:45:13.950 -INFO 1077 [           main] com.tsinghua.course.CourseApplication : No active profile set, falling back to default profiles: default
2021-05-21 16:45:14.448 -INFO 1077 [           main] org.springframework.data.repository.config.RepositoryConfigurationDelegate : Multiple Spring Data modules found, entering strict repository configuration mode!
2021-05-21 16:45:14.449 -INFO 1077 [           main] org.springframework.data.repository.config.RepositoryConfigurationDelegate : Bootstrapping Spring Data MongoDB repositories in DEFAULT mode.
2021-05-21 16:45:14.462 -INFO 1077 [           main] org.springframework.data.repository.config.RepositoryConfigurationDelegate : Finished Spring Data repository scanning in 10 ms. Found 0 MongoDB repository interfaces.
2021-05-21 16:45:14.470 -INFO 1077 [           main] org.springframework.data.repository.config.RepositoryConfigurationDelegate : Multiple Spring Data modules found, entering strict repository configuration mode!
2021-05-21 16:45:14.471 -INFO 1077 [           main] org.springframework.data.repository.config.RepositoryConfigurationDelegate : Bootstrapping Spring Data Redis repositories in DEFAULT mode.
2021-05-21 16:45:14.485 -INFO 1077 [           main] org.springframework.data.repository.config.RepositoryConfigurationDelegate : Finished Spring Data repository scanning in 4 ms. Found 0 Redis repository interfaces.
2021-05-21 16:45:14.828 -INFO 1077 [           main] org.springframework.boot.web.embedded.tomcat.TomcatWebServer : Tomcat initialized with port(s): 8080 (http)
2021-05-21 16:45:14.833 -INFO 1077 [           main] org.apache.coyote.http11.Http11NioProtocol : Initializing ProtocolHandler ["http-nio-8080"]
2021-05-21 16:45:14.833 -INFO 1077 [           main] org.apache.catalina.core.StandardService : Starting service [Tomcat]
2021-05-21 16:45:14.833 -INFO 1077 [           main] org.apache.catalina.core.StandardEngine : Starting Servlet engine: [Apache Tomcat/9.0.41]
2021-05-21 16:45:14.886 -INFO 1077 [           main] org.apache.catalina.core.ContainerBase.[Tomcat].[localhost].[/] : Initializing Spring embedded WebApplicationContext
2021-05-21 16:45:14.886 -INFO 1077 [           main] org.springframework.boot.web.servlet.context.ServletWebServerApplicationContext : Root WebApplicationContext: initialization completed in 903 ms
2021-05-21 16:45:14.981 -INFO 1077 [           main] org.mongodb.driver.cluster : Cluster created with settings {hosts=[localhost:27017], mode=SINGLE, requiredClusterType=UNKNOWN, serverSelectionTimeout='30000 ms'}
2021-05-21 16:45:15.021 -INFO 1077 [localhost:27017] org.mongodb.driver.connection : Opened connection [connectionId{localValue:2, serverValue:23}] to localhost:27017
2021-05-21 16:45:15.021 -INFO 1077 [localhost:27017] org.mongodb.driver.connection : Opened connection [connectionId{localValue:1, serverValue:22}] to localhost:27017
2021-05-21 16:45:15.021 -INFO 1077 [localhost:27017] org.mongodb.driver.cluster : Monitor thread successfully connected to server with description ServerDescription{address=localhost:27017, type=STANDALONE, state=CONNECTED, ok=true, minWireVersion=0, maxWireVersion=2, maxDocumentSize=16777216, logicalSessionTimeoutMinutes=null, roundTripTimeNanos=9121958}
2021-05-21 16:45:15.392 -INFO 1077 [           main] org.quartz.impl.StdSchedulerFactory : Using default implementation for ThreadExecutor
2021-05-21 16:45:15.400 -INFO 1077 [           main] org.quartz.core.SchedulerSignalerImpl : Initialized Scheduler Signaller of type: class org.quartz.core.SchedulerSignalerImpl
2021-05-21 16:45:15.400 -INFO 1077 [           main] org.quartz.core.QuartzScheduler : Quartz Scheduler v.2.3.2 created.
2021-05-21 16:45:15.400 -INFO 1077 [           main] org.quartz.simpl.RAMJobStore : RAMJobStore initialized.
2021-05-21 16:45:15.400 -INFO 1077 [           main] org.quartz.core.QuartzScheduler : Scheduler meta-data: Quartz Scheduler (v2.3.2) 'quartzScheduler' with instanceId 'NON_CLUSTERED'
  Scheduler class: 'org.quartz.core.QuartzScheduler' - running locally.
  NOT STARTED.
  Currently in standby mode.
  Number of jobs executed: 0
  Using thread pool 'org.quartz.simpl.SimpleThreadPool' - with 10 threads.
  Using job-store 'org.quartz.simpl.RAMJobStore' - which does not support persistence. and is not clustered.

2021-05-21 16:45:15.400 -INFO 1077 [           main] org.quartz.impl.StdSchedulerFactory : Quartz scheduler 'quartzScheduler' initialized from an externally provided properties instance.
2021-05-21 16:45:15.400 -INFO 1077 [           main] org.quartz.impl.StdSchedulerFactory : Quartz scheduler version: 2.3.2
2021-05-21 16:45:15.400 -INFO 1077 [           main] org.quartz.core.QuartzScheduler : JobFactory set to: org.springframework.scheduling.quartz.SpringBeanJobFactory@17ec335a
2021-05-21 16:45:15.509 -INFO 1077 [           main] org.springframework.scheduling.concurrent.ThreadPoolTaskExecutor : Initializing ExecutorService 'applicationTaskExecutor'
2021-05-21 16:45:15.645 -INFO 1077 [           main] org.apache.coyote.http11.Http11NioProtocol : Starting ProtocolHandler ["http-nio-8080"]
2021-05-21 16:45:15.660 -INFO 1077 [           main] org.springframework.boot.web.embedded.tomcat.TomcatWebServer : Tomcat started on port(s): 8080 (http) with context path ''
2021-05-21 16:45:15.661 -INFO 1077 [           main] org.springframework.scheduling.quartz.SchedulerFactoryBean : Starting Quartz Scheduler now
2021-05-21 16:45:15.661 -INFO 1077 [           main] org.quartz.core.QuartzScheduler : Scheduler quartzScheduler_$_NON_CLUSTERED started.
2021-05-21 16:45:15.667 -INFO 1077 [           main] com.tsinghua.course.CourseApplication : Started CourseApplication in 1.93 seconds (JVM running for 2.416)
2021-05-21 16:45:18.227 -WARN 1077 [ntLoopGroup-7-1] com.tsinghua.course.CourseApplication : null-null-{"path":"/login"}-SysError006-com.tsinghua.course.Biz.Handler.HttpHandler#channelRead0#85/
2021-05-21 16:45:36.895 -WARN 1077 [ntLoopGroup-7-2] com.tsinghua.course.CourseApplication : null-null-{"path":"/register","query":""}-SysError006-com.tsinghua.course.Biz.Handler.HttpHandler#channelRead0#85/
2021-05-21 16:48:47.988 -INFO 1077 [extShutdownHook] org.quartz.core.QuartzScheduler : Scheduler quartzScheduler_$_NON_CLUSTERED paused.
2021-05-21 16:48:48.006 -INFO 1077 [extShutdownHook] org.springframework.scheduling.concurrent.ThreadPoolTaskExecutor : Shutting down ExecutorService 'applicationTaskExecutor'
2021-05-21 16:48:48.006 -INFO 1077 [extShutdownHook] org.springframework.scheduling.quartz.SchedulerFactoryBean : Shutting down Quartz Scheduler
2021-05-21 16:48:48.006 -INFO 1077 [extShutdownHook] org.quartz.core.QuartzScheduler : Scheduler quartzScheduler_$_NON_CLUSTERED shutting down.
2021-05-21 16:48:48.006 -INFO 1077 [extShutdownHook] org.quartz.core.QuartzScheduler : Scheduler quartzScheduler_$_NON_CLUSTERED paused.
2021-05-21 16:48:48.006 -INFO 1077 [extShutdownHook] org.quartz.core.QuartzScheduler : Scheduler quartzScheduler_$_NON_CLUSTERED shutdown complete.
2021-05-21 16:48:51.046 -INFO 1093 [           main] com.tsinghua.course.CourseApplication : Starting CourseApplication using Java 15.0.1 on wujun-MacBookPro.local with PID 1093 (/Users/wujun/Desktop/mobile_application/BackEnd/course/target/classes started by wujun in /Users/wujun/Desktop/mobile_application/BackEnd/course)
2021-05-21 16:48:51.047 -DEBUG 1093 [           main] com.tsinghua.course.CourseApplication : Running with Spring Boot v2.4.2, Spring v5.3.3
2021-05-21 16:48:51.047 -INFO 1093 [           main] com.tsinghua.course.CourseApplication : No active profile set, falling back to default profiles: default
2021-05-21 16:48:51.495 -INFO 1093 [           main] org.springframework.data.repository.config.RepositoryConfigurationDelegate : Multiple Spring Data modules found, entering strict repository configuration mode!
2021-05-21 16:48:51.496 -INFO 1093 [           main] org.springframework.data.repository.config.RepositoryConfigurationDelegate : Bootstrapping Spring Data MongoDB repositories in DEFAULT mode.
2021-05-21 16:48:51.509 -INFO 1093 [           main] org.springframework.data.repository.config.RepositoryConfigurationDelegate : Finished Spring Data repository scanning in 10 ms. Found 0 MongoDB repository interfaces.
2021-05-21 16:48:51.519 -INFO 1093 [           main] org.springframework.data.repository.config.RepositoryConfigurationDelegate : Multiple Spring Data modules found, entering strict repository configuration mode!
2021-05-21 16:48:51.519 -INFO 1093 [           main] org.springframework.data.repository.config.RepositoryConfigurationDelegate : Bootstrapping Spring Data Redis repositories in DEFAULT mode.
2021-05-21 16:48:51.529 -INFO 1093 [           main] org.springframework.data.repository.config.RepositoryConfigurationDelegate : Finished Spring Data repository scanning in 5 ms. Found 0 Redis repository interfaces.
2021-05-21 16:48:51.880 -INFO 1093 [           main] org.springframework.boot.web.embedded.tomcat.TomcatWebServer : Tomcat initialized with port(s): 8080 (http)
2021-05-21 16:48:51.886 -INFO 1093 [           main] org.apache.coyote.http11.Http11NioProtocol : Initializing ProtocolHandler ["http-nio-8080"]
2021-05-21 16:48:51.886 -INFO 1093 [           main] org.apache.catalina.core.StandardService : Starting service [Tomcat]
2021-05-21 16:48:51.886 -INFO 1093 [           main] org.apache.catalina.core.StandardEngine : Starting Servlet engine: [Apache Tomcat/9.0.41]
2021-05-21 16:48:51.942 -INFO 1093 [           main] org.apache.catalina.core.ContainerBase.[Tomcat].[localhost].[/] : Initializing Spring embedded WebApplicationContext
2021-05-21 16:48:51.942 -INFO 1093 [           main] org.springframework.boot.web.servlet.context.ServletWebServerApplicationContext : Root WebApplicationContext: initialization completed in 856 ms
2021-05-21 16:48:52.033 -INFO 1093 [           main] org.mongodb.driver.cluster : Cluster created with settings {hosts=[localhost:27017], mode=SINGLE, requiredClusterType=UNKNOWN, serverSelectionTimeout='30000 ms'}
2021-05-21 16:48:52.099 -INFO 1093 [localhost:27017] org.mongodb.driver.connection : Opened connection [connectionId{localValue:1, serverValue:24}] to localhost:27017
2021-05-21 16:48:52.099 -INFO 1093 [localhost:27017] org.mongodb.driver.connection : Opened connection [connectionId{localValue:2, serverValue:25}] to localhost:27017
2021-05-21 16:48:52.099 -INFO 1093 [localhost:27017] org.mongodb.driver.cluster : Monitor thread successfully connected to server with description ServerDescription{address=localhost:27017, type=STANDALONE, state=CONNECTED, ok=true, minWireVersion=0, maxWireVersion=2, maxDocumentSize=16777216, logicalSessionTimeoutMinutes=null, roundTripTimeNanos=21417278}
2021-05-21 16:48:52.554 -INFO 1093 [           main] org.quartz.impl.StdSchedulerFactory : Using default implementation for ThreadExecutor
2021-05-21 16:48:52.569 -INFO 1093 [           main] org.quartz.core.SchedulerSignalerImpl : Initialized Scheduler Signaller of type: class org.quartz.core.SchedulerSignalerImpl
2021-05-21 16:48:52.569 -INFO 1093 [           main] org.quartz.core.QuartzScheduler : Quartz Scheduler v.2.3.2 created.
2021-05-21 16:48:52.569 -INFO 1093 [           main] org.quartz.simpl.RAMJobStore : RAMJobStore initialized.
2021-05-21 16:48:52.570 -INFO 1093 [           main] org.quartz.core.QuartzScheduler : Scheduler meta-data: Quartz Scheduler (v2.3.2) 'quartzScheduler' with instanceId 'NON_CLUSTERED'
  Scheduler class: 'org.quartz.core.QuartzScheduler' - running locally.
  NOT STARTED.
  Currently in standby mode.
  Number of jobs executed: 0
  Using thread pool 'org.quartz.simpl.SimpleThreadPool' - with 10 threads.
  Using job-store 'org.quartz.simpl.RAMJobStore' - which does not support persistence. and is not clustered.

2021-05-21 16:48:52.570 -INFO 1093 [           main] org.quartz.impl.StdSchedulerFactory : Quartz scheduler 'quartzScheduler' initialized from an externally provided properties instance.
2021-05-21 16:48:52.570 -INFO 1093 [           main] org.quartz.impl.StdSchedulerFactory : Quartz scheduler version: 2.3.2
2021-05-21 16:48:52.570 -INFO 1093 [           main] org.quartz.core.QuartzScheduler : JobFactory set to: org.springframework.scheduling.quartz.SpringBeanJobFactory@48499739
2021-05-21 16:48:52.734 -INFO 1093 [           main] org.springframework.scheduling.concurrent.ThreadPoolTaskExecutor : Initializing ExecutorService 'applicationTaskExecutor'
2021-05-21 16:48:52.900 -INFO 1093 [           main] org.apache.coyote.http11.Http11NioProtocol : Starting ProtocolHandler ["http-nio-8080"]
2021-05-21 16:48:52.916 -INFO 1093 [           main] org.springframework.boot.web.embedded.tomcat.TomcatWebServer : Tomcat started on port(s): 8080 (http) with context path ''
2021-05-21 16:48:52.916 -INFO 1093 [           main] org.springframework.scheduling.quartz.SchedulerFactoryBean : Starting Quartz Scheduler now
2021-05-21 16:48:52.917 -INFO 1093 [           main] org.quartz.core.QuartzScheduler : Scheduler quartzScheduler_$_NON_CLUSTERED started.
2021-05-21 16:48:52.924 -INFO 1093 [           main] com.tsinghua.course.CourseApplication : Started CourseApplication in 2.081 seconds (JVM running for 2.704)
2021-05-21 16:48:55.931 -WARN 1093 [ntLoopGroup-7-1] com.tsinghua.course.CourseApplication : null-null-{"path":"/register","query":""}-SysError006-com.tsinghua.course.Biz.Handler.HttpHandler#channelRead0#86/
2021-05-21 16:49:14.032 -INFO 1093 [extShutdownHook] org.quartz.core.QuartzScheduler : Scheduler quartzScheduler_$_NON_CLUSTERED paused.
2021-05-21 16:49:14.049 -INFO 1093 [extShutdownHook] org.springframework.scheduling.concurrent.ThreadPoolTaskExecutor : Shutting down ExecutorService 'applicationTaskExecutor'
2021-05-21 16:49:14.049 -INFO 1093 [extShutdownHook] org.springframework.scheduling.quartz.SchedulerFactoryBean : Shutting down Quartz Scheduler
2021-05-21 16:49:14.049 -INFO 1093 [extShutdownHook] org.quartz.core.QuartzScheduler : Scheduler quartzScheduler_$_NON_CLUSTERED shutting down.
2021-05-21 16:49:14.049 -INFO 1093 [extShutdownHook] org.quartz.core.QuartzScheduler : Scheduler quartzScheduler_$_NON_CLUSTERED paused.
2021-05-21 16:49:14.049 -INFO 1093 [extShutdownHook] org.quartz.core.QuartzScheduler : Scheduler quartzScheduler_$_NON_CLUSTERED shutdown complete.
2021-05-21 16:49:17.405 -INFO 1100 [           main] com.tsinghua.course.CourseApplication : Starting CourseApplication using Java 15.0.1 on wujun-MacBookPro.local with PID 1100 (/Users/wujun/Desktop/mobile_application/BackEnd/course/target/classes started by wujun in /Users/wujun/Desktop/mobile_application/BackEnd/course)
2021-05-21 16:49:17.407 -DEBUG 1100 [           main] com.tsinghua.course.CourseApplication : Running with Spring Boot v2.4.2, Spring v5.3.3
2021-05-21 16:49:17.407 -INFO 1100 [           main] com.tsinghua.course.CourseApplication : No active profile set, falling back to default profiles: default
2021-05-21 16:49:17.860 -INFO 1100 [           main] org.springframework.data.repository.config.RepositoryConfigurationDelegate : Multiple Spring Data modules found, entering strict repository configuration mode!
2021-05-21 16:49:17.862 -INFO 1100 [           main] org.springframework.data.repository.config.RepositoryConfigurationDelegate : Bootstrapping Spring Data MongoDB repositories in DEFAULT mode.
2021-05-21 16:49:17.875 -INFO 1100 [           main] org.springframework.data.repository.config.RepositoryConfigurationDelegate : Finished Spring Data repository scanning in 10 ms. Found 0 MongoDB repository interfaces.
2021-05-21 16:49:17.885 -INFO 1100 [           main] org.springframework.data.repository.config.RepositoryConfigurationDelegate : Multiple Spring Data modules found, entering strict repository configuration mode!
2021-05-21 16:49:17.886 -INFO 1100 [           main] org.springframework.data.repository.config.RepositoryConfigurationDelegate : Bootstrapping Spring Data Redis repositories in DEFAULT mode.
2021-05-21 16:49:17.897 -INFO 1100 [           main] org.springframework.data.repository.config.RepositoryConfigurationDelegate : Finished Spring Data repository scanning in 5 ms. Found 0 Redis repository interfaces.
2021-05-21 16:49:18.261 -INFO 1100 [           main] org.springframework.boot.web.embedded.tomcat.TomcatWebServer : Tomcat initialized with port(s): 8080 (http)
2021-05-21 16:49:18.287 -INFO 1100 [           main] org.apache.coyote.http11.Http11NioProtocol : Initializing ProtocolHandler ["http-nio-8080"]
2021-05-21 16:49:18.287 -INFO 1100 [           main] org.apache.catalina.core.StandardService : Starting service [Tomcat]
2021-05-21 16:49:18.288 -INFO 1100 [           main] org.apache.catalina.core.StandardEngine : Starting Servlet engine: [Apache Tomcat/9.0.41]
2021-05-21 16:49:18.349 -INFO 1100 [           main] org.apache.catalina.core.ContainerBase.[Tomcat].[localhost].[/] : Initializing Spring embedded WebApplicationContext
2021-05-21 16:49:18.350 -INFO 1100 [           main] org.springframework.boot.web.servlet.context.ServletWebServerApplicationContext : Root WebApplicationContext: initialization completed in 908 ms
2021-05-21 16:49:18.423 -INFO 1100 [           main] org.mongodb.driver.cluster : Cluster created with settings {hosts=[localhost:27017], mode=SINGLE, requiredClusterType=UNKNOWN, serverSelectionTimeout='30000 ms'}
2021-05-21 16:49:18.457 -INFO 1100 [localhost:27017] org.mongodb.driver.connection : Opened connection [connectionId{localValue:2, serverValue:26}] to localhost:27017
2021-05-21 16:49:18.457 -INFO 1100 [localhost:27017] org.mongodb.driver.connection : Opened connection [connectionId{localValue:1, serverValue:27}] to localhost:27017
2021-05-21 16:49:18.473 -INFO 1100 [localhost:27017] org.mongodb.driver.cluster : Monitor thread successfully connected to server with description ServerDescription{address=localhost:27017, type=STANDALONE, state=CONNECTED, ok=true, minWireVersion=0, maxWireVersion=2, maxDocumentSize=16777216, logicalSessionTimeoutMinutes=null, roundTripTimeNanos=9816735}
2021-05-21 16:49:18.779 -INFO 1100 [           main] org.quartz.impl.StdSchedulerFactory : Using default implementation for ThreadExecutor
2021-05-21 16:49:18.786 -INFO 1100 [           main] org.quartz.core.SchedulerSignalerImpl : Initialized Scheduler Signaller of type: class org.quartz.core.SchedulerSignalerImpl
2021-05-21 16:49:18.786 -INFO 1100 [           main] org.quartz.core.QuartzScheduler : Quartz Scheduler v.2.3.2 created.
2021-05-21 16:49:18.786 -INFO 1100 [           main] org.quartz.simpl.RAMJobStore : RAMJobStore initialized.
2021-05-21 16:49:18.786 -INFO 1100 [           main] org.quartz.core.QuartzScheduler : Scheduler meta-data: Quartz Scheduler (v2.3.2) 'quartzScheduler' with instanceId 'NON_CLUSTERED'
  Scheduler class: 'org.quartz.core.QuartzScheduler' - running locally.
  NOT STARTED.
  Currently in standby mode.
  Number of jobs executed: 0
  Using thread pool 'org.quartz.simpl.SimpleThreadPool' - with 10 threads.
  Using job-store 'org.quartz.simpl.RAMJobStore' - which does not support persistence. and is not clustered.

2021-05-21 16:49:18.786 -INFO 1100 [           main] org.quartz.impl.StdSchedulerFactory : Quartz scheduler 'quartzScheduler' initialized from an externally provided properties instance.
2021-05-21 16:49:18.786 -INFO 1100 [           main] org.quartz.impl.StdSchedulerFactory : Quartz scheduler version: 2.3.2
2021-05-21 16:49:18.786 -INFO 1100 [           main] org.quartz.core.QuartzScheduler : JobFactory set to: org.springframework.scheduling.quartz.SpringBeanJobFactory@78c74647
2021-05-21 16:49:18.914 -INFO 1100 [           main] org.springframework.scheduling.concurrent.ThreadPoolTaskExecutor : Initializing ExecutorService 'applicationTaskExecutor'
2021-05-21 16:49:19.057 -INFO 1100 [           main] org.apache.coyote.http11.Http11NioProtocol : Starting ProtocolHandler ["http-nio-8080"]
2021-05-21 16:49:19.072 -INFO 1100 [           main] org.springframework.boot.web.embedded.tomcat.TomcatWebServer : Tomcat started on port(s): 8080 (http) with context path ''
2021-05-21 16:49:19.073 -INFO 1100 [           main] org.springframework.scheduling.quartz.SchedulerFactoryBean : Starting Quartz Scheduler now
2021-05-21 16:49:19.073 -INFO 1100 [           main] org.quartz.core.QuartzScheduler : Scheduler quartzScheduler_$_NON_CLUSTERED started.
2021-05-21 16:49:19.080 -INFO 1100 [           main] com.tsinghua.course.CourseApplication : Started CourseApplication in 1.897 seconds (JVM running for 2.562)
2021-05-21 16:49:19.533 -WARN 1100 [ntLoopGroup-7-1] com.tsinghua.course.CourseApplication : null-null-{"path":"/register","query":""}-SysError006-com.tsinghua.course.Biz.Handler.HttpHandler#channelRead0#86/
2021-05-21 16:49:20.469 -WARN 1100 [ntLoopGroup-7-2] com.tsinghua.course.CourseApplication : null-null-{"path":"/register","query":""}-SysError006-com.tsinghua.course.Biz.Handler.HttpHandler#channelRead0#86/
2021-05-21 16:53:12.520 -INFO 1100 [extShutdownHook] org.quartz.core.QuartzScheduler : Scheduler quartzScheduler_$_NON_CLUSTERED paused.
2021-05-21 16:53:12.536 -INFO 1100 [extShutdownHook] org.springframework.scheduling.concurrent.ThreadPoolTaskExecutor : Shutting down ExecutorService 'applicationTaskExecutor'
2021-05-21 16:53:12.536 -INFO 1100 [extShutdownHook] org.springframework.scheduling.quartz.SchedulerFactoryBean : Shutting down Quartz Scheduler
2021-05-21 16:53:12.536 -INFO 1100 [extShutdownHook] org.quartz.core.QuartzScheduler : Scheduler quartzScheduler_$_NON_CLUSTERED shutting down.
2021-05-21 16:53:12.536 -INFO 1100 [extShutdownHook] org.quartz.core.QuartzScheduler : Scheduler quartzScheduler_$_NON_CLUSTERED paused.
2021-05-21 16:53:12.537 -INFO 1100 [extShutdownHook] org.quartz.core.QuartzScheduler : Scheduler quartzScheduler_$_NON_CLUSTERED shutdown complete.
2021-05-21 16:53:15.399 -INFO 1132 [           main] com.tsinghua.course.CourseApplication : Starting CourseApplication using Java 15.0.1 on wujun-MacBookPro.local with PID 1132 (/Users/wujun/Desktop/mobile_application/BackEnd/course/target/classes started by wujun in /Users/wujun/Desktop/mobile_application/BackEnd/course)
2021-05-21 16:53:15.401 -DEBUG 1132 [           main] com.tsinghua.course.CourseApplication : Running with Spring Boot v2.4.2, Spring v5.3.3
2021-05-21 16:53:15.401 -INFO 1132 [           main] com.tsinghua.course.CourseApplication : No active profile set, falling back to default profiles: default
2021-05-21 16:53:15.841 -INFO 1132 [           main] org.springframework.data.repository.config.RepositoryConfigurationDelegate : Multiple Spring Data modules found, entering strict repository configuration mode!
2021-05-21 16:53:15.842 -INFO 1132 [           main] org.springframework.data.repository.config.RepositoryConfigurationDelegate : Bootstrapping Spring Data MongoDB repositories in DEFAULT mode.
2021-05-21 16:53:15.854 -INFO 1132 [           main] org.springframework.data.repository.config.RepositoryConfigurationDelegate : Finished Spring Data repository scanning in 10 ms. Found 0 MongoDB repository interfaces.
2021-05-21 16:53:15.863 -INFO 1132 [           main] org.springframework.data.repository.config.RepositoryConfigurationDelegate : Multiple Spring Data modules found, entering strict repository configuration mode!
2021-05-21 16:53:15.864 -INFO 1132 [           main] org.springframework.data.repository.config.RepositoryConfigurationDelegate : Bootstrapping Spring Data Redis repositories in DEFAULT mode.
2021-05-21 16:53:15.878 -INFO 1132 [           main] org.springframework.data.repository.config.RepositoryConfigurationDelegate : Finished Spring Data repository scanning in 8 ms. Found 0 Redis repository interfaces.
2021-05-21 16:53:16.206 -INFO 1132 [           main] org.springframework.boot.web.embedded.tomcat.TomcatWebServer : Tomcat initialized with port(s): 8080 (http)
2021-05-21 16:53:16.211 -INFO 1132 [           main] org.apache.coyote.http11.Http11NioProtocol : Initializing ProtocolHandler ["http-nio-8080"]
2021-05-21 16:53:16.211 -INFO 1132 [           main] org.apache.catalina.core.StandardService : Starting service [Tomcat]
2021-05-21 16:53:16.212 -INFO 1132 [           main] org.apache.catalina.core.StandardEngine : Starting Servlet engine: [Apache Tomcat/9.0.41]
2021-05-21 16:53:16.265 -INFO 1132 [           main] org.apache.catalina.core.ContainerBase.[Tomcat].[localhost].[/] : Initializing Spring embedded WebApplicationContext
2021-05-21 16:53:16.265 -INFO 1132 [           main] org.springframework.boot.web.servlet.context.ServletWebServerApplicationContext : Root WebApplicationContext: initialization completed in 829 ms
2021-05-21 16:53:16.343 -INFO 1132 [           main] org.mongodb.driver.cluster : Cluster created with settings {hosts=[localhost:27017], mode=SINGLE, requiredClusterType=UNKNOWN, serverSelectionTimeout='30000 ms'}
2021-05-21 16:53:16.387 -INFO 1132 [localhost:27017] org.mongodb.driver.connection : Opened connection [connectionId{localValue:2, serverValue:28}] to localhost:27017
2021-05-21 16:53:16.387 -INFO 1132 [localhost:27017] org.mongodb.driver.connection : Opened connection [connectionId{localValue:1, serverValue:29}] to localhost:27017
2021-05-21 16:53:16.387 -INFO 1132 [localhost:27017] org.mongodb.driver.cluster : Monitor thread successfully connected to server with description ServerDescription{address=localhost:27017, type=STANDALONE, state=CONNECTED, ok=true, minWireVersion=0, maxWireVersion=2, maxDocumentSize=16777216, logicalSessionTimeoutMinutes=null, roundTripTimeNanos=13351013}
2021-05-21 16:53:16.809 -INFO 1132 [           main] org.quartz.impl.StdSchedulerFactory : Using default implementation for ThreadExecutor
2021-05-21 16:53:16.819 -INFO 1132 [           main] org.quartz.core.SchedulerSignalerImpl : Initialized Scheduler Signaller of type: class org.quartz.core.SchedulerSignalerImpl
2021-05-21 16:53:16.819 -INFO 1132 [           main] org.quartz.core.QuartzScheduler : Quartz Scheduler v.2.3.2 created.
2021-05-21 16:53:16.820 -INFO 1132 [           main] org.quartz.simpl.RAMJobStore : RAMJobStore initialized.
2021-05-21 16:53:16.820 -INFO 1132 [           main] org.quartz.core.QuartzScheduler : Scheduler meta-data: Quartz Scheduler (v2.3.2) 'quartzScheduler' with instanceId 'NON_CLUSTERED'
  Scheduler class: 'org.quartz.core.QuartzScheduler' - running locally.
  NOT STARTED.
  Currently in standby mode.
  Number of jobs executed: 0
  Using thread pool 'org.quartz.simpl.SimpleThreadPool' - with 10 threads.
  Using job-store 'org.quartz.simpl.RAMJobStore' - which does not support persistence. and is not clustered.

2021-05-21 16:53:16.820 -INFO 1132 [           main] org.quartz.impl.StdSchedulerFactory : Quartz scheduler 'quartzScheduler' initialized from an externally provided properties instance.
2021-05-21 16:53:16.820 -INFO 1132 [           main] org.quartz.impl.StdSchedulerFactory : Quartz scheduler version: 2.3.2
2021-05-21 16:53:16.820 -INFO 1132 [           main] org.quartz.core.QuartzScheduler : JobFactory set to: org.springframework.scheduling.quartz.SpringBeanJobFactory@565d7d2f
2021-05-21 16:53:16.984 -INFO 1132 [           main] org.springframework.scheduling.concurrent.ThreadPoolTaskExecutor : Initializing ExecutorService 'applicationTaskExecutor'
2021-05-21 16:53:17.161 -INFO 1132 [           main] org.apache.coyote.http11.Http11NioProtocol : Starting ProtocolHandler ["http-nio-8080"]
2021-05-21 16:53:17.182 -INFO 1132 [           main] org.springframework.boot.web.embedded.tomcat.TomcatWebServer : Tomcat started on port(s): 8080 (http) with context path ''
2021-05-21 16:53:17.183 -INFO 1132 [           main] org.springframework.scheduling.quartz.SchedulerFactoryBean : Starting Quartz Scheduler now
2021-05-21 16:53:17.183 -INFO 1132 [           main] org.quartz.core.QuartzScheduler : Scheduler quartzScheduler_$_NON_CLUSTERED started.
2021-05-21 16:53:17.192 -INFO 1132 [           main] com.tsinghua.course.CourseApplication : Started CourseApplication in 1.999 seconds (JVM running for 2.465)
2021-05-21 16:53:19.805 -WARN 1132 [ntLoopGroup-6-1] com.tsinghua.course.CourseApplication : null-null-{"path":"/register","query":""}-SysError006-com.tsinghua.course.Biz.Handler.HttpHandler#channelRead0#86/
2021-05-21 16:53:33.260 -WARN 1132 [ntLoopGroup-6-2] com.tsinghua.course.CourseApplication : null-null-{"path":"/login","query":""}-SysError006-com.tsinghua.course.Biz.Handler.HttpHandler#channelRead0#86/
2021-05-21 16:58:48.373 -INFO 1132 [extShutdownHook] org.quartz.core.QuartzScheduler : Scheduler quartzScheduler_$_NON_CLUSTERED paused.
2021-05-21 16:58:48.391 -INFO 1132 [extShutdownHook] org.springframework.scheduling.concurrent.ThreadPoolTaskExecutor : Shutting down ExecutorService 'applicationTaskExecutor'
2021-05-21 16:58:48.391 -INFO 1132 [extShutdownHook] org.springframework.scheduling.quartz.SchedulerFactoryBean : Shutting down Quartz Scheduler
2021-05-21 16:58:48.391 -INFO 1132 [extShutdownHook] org.quartz.core.QuartzScheduler : Scheduler quartzScheduler_$_NON_CLUSTERED shutting down.
2021-05-21 16:58:48.391 -INFO 1132 [extShutdownHook] org.quartz.core.QuartzScheduler : Scheduler quartzScheduler_$_NON_CLUSTERED paused.
2021-05-21 16:58:48.391 -INFO 1132 [extShutdownHook] org.quartz.core.QuartzScheduler : Scheduler quartzScheduler_$_NON_CLUSTERED shutdown complete.
2021-05-21 16:58:51.753 -INFO 1149 [           main] com.tsinghua.course.CourseApplication : Starting CourseApplication using Java 15.0.1 on wujun-MacBookPro.local with PID 1149 (/Users/wujun/Desktop/mobile_application/BackEnd/course/target/classes started by wujun in /Users/wujun/Desktop/mobile_application/BackEnd/course)
2021-05-21 16:58:51.754 -DEBUG 1149 [           main] com.tsinghua.course.CourseApplication : Running with Spring Boot v2.4.2, Spring v5.3.3
2021-05-21 16:58:51.755 -INFO 1149 [           main] com.tsinghua.course.CourseApplication : No active profile set, falling back to default profiles: default
2021-05-21 16:58:52.161 -INFO 1149 [           main] org.springframework.data.repository.config.RepositoryConfigurationDelegate : Multiple Spring Data modules found, entering strict repository configuration mode!
2021-05-21 16:58:52.161 -INFO 1149 [           main] org.springframework.data.repository.config.RepositoryConfigurationDelegate : Bootstrapping Spring Data MongoDB repositories in DEFAULT mode.
2021-05-21 16:58:52.174 -INFO 1149 [           main] org.springframework.data.repository.config.RepositoryConfigurationDelegate : Finished Spring Data repository scanning in 10 ms. Found 0 MongoDB repository interfaces.
2021-05-21 16:58:52.182 -INFO 1149 [           main] org.springframework.data.repository.config.RepositoryConfigurationDelegate : Multiple Spring Data modules found, entering strict repository configuration mode!
2021-05-21 16:58:52.183 -INFO 1149 [           main] org.springframework.data.repository.config.RepositoryConfigurationDelegate : Bootstrapping Spring Data Redis repositories in DEFAULT mode.
2021-05-21 16:58:52.193 -INFO 1149 [           main] org.springframework.data.repository.config.RepositoryConfigurationDelegate : Finished Spring Data repository scanning in 5 ms. Found 0 Redis repository interfaces.
2021-05-21 16:58:52.460 -INFO 1149 [           main] org.springframework.boot.web.embedded.tomcat.TomcatWebServer : Tomcat initialized with port(s): 8080 (http)
2021-05-21 16:58:52.465 -INFO 1149 [           main] org.apache.coyote.http11.Http11NioProtocol : Initializing ProtocolHandler ["http-nio-8080"]
2021-05-21 16:58:52.466 -INFO 1149 [           main] org.apache.catalina.core.StandardService : Starting service [Tomcat]
2021-05-21 16:58:52.466 -INFO 1149 [           main] org.apache.catalina.core.StandardEngine : Starting Servlet engine: [Apache Tomcat/9.0.41]
2021-05-21 16:58:52.513 -INFO 1149 [           main] org.apache.catalina.core.ContainerBase.[Tomcat].[localhost].[/] : Initializing Spring embedded WebApplicationContext
2021-05-21 16:58:52.513 -INFO 1149 [           main] org.springframework.boot.web.servlet.context.ServletWebServerApplicationContext : Root WebApplicationContext: initialization completed in 723 ms
2021-05-21 16:58:52.573 -INFO 1149 [           main] org.mongodb.driver.cluster : Cluster created with settings {hosts=[localhost:27017], mode=SINGLE, requiredClusterType=UNKNOWN, serverSelectionTimeout='30000 ms'}
2021-05-21 16:58:52.604 -INFO 1149 [localhost:27017] org.mongodb.driver.connection : Opened connection [connectionId{localValue:2, serverValue:30}] to localhost:27017
2021-05-21 16:58:52.604 -INFO 1149 [localhost:27017] org.mongodb.driver.connection : Opened connection [connectionId{localValue:1, serverValue:31}] to localhost:27017
2021-05-21 16:58:52.604 -INFO 1149 [localhost:27017] org.mongodb.driver.cluster : Monitor thread successfully connected to server with description ServerDescription{address=localhost:27017, type=STANDALONE, state=CONNECTED, ok=true, minWireVersion=0, maxWireVersion=2, maxDocumentSize=16777216, logicalSessionTimeoutMinutes=null, roundTripTimeNanos=9488823}
2021-05-21 16:58:52.910 -INFO 1149 [           main] org.quartz.impl.StdSchedulerFactory : Using default implementation for ThreadExecutor
2021-05-21 16:58:52.918 -INFO 1149 [           main] org.quartz.core.SchedulerSignalerImpl : Initialized Scheduler Signaller of type: class org.quartz.core.SchedulerSignalerImpl
2021-05-21 16:58:52.918 -INFO 1149 [           main] org.quartz.core.QuartzScheduler : Quartz Scheduler v.2.3.2 created.
2021-05-21 16:58:52.919 -INFO 1149 [           main] org.quartz.simpl.RAMJobStore : RAMJobStore initialized.
2021-05-21 16:58:52.920 -INFO 1149 [           main] org.quartz.core.QuartzScheduler : Scheduler meta-data: Quartz Scheduler (v2.3.2) 'quartzScheduler' with instanceId 'NON_CLUSTERED'
  Scheduler class: 'org.quartz.core.QuartzScheduler' - running locally.
  NOT STARTED.
  Currently in standby mode.
  Number of jobs executed: 0
  Using thread pool 'org.quartz.simpl.SimpleThreadPool' - with 10 threads.
  Using job-store 'org.quartz.simpl.RAMJobStore' - which does not support persistence. and is not clustered.

2021-05-21 16:58:52.920 -INFO 1149 [           main] org.quartz.impl.StdSchedulerFactory : Quartz scheduler 'quartzScheduler' initialized from an externally provided properties instance.
2021-05-21 16:58:52.920 -INFO 1149 [           main] org.quartz.impl.StdSchedulerFactory : Quartz scheduler version: 2.3.2
2021-05-21 16:58:52.920 -INFO 1149 [           main] org.quartz.core.QuartzScheduler : JobFactory set to: org.springframework.scheduling.quartz.SpringBeanJobFactory@48499739
2021-05-21 16:58:53.119 -INFO 1149 [           main] org.springframework.scheduling.concurrent.ThreadPoolTaskExecutor : Initializing ExecutorService 'applicationTaskExecutor'
2021-05-21 16:58:53.336 -INFO 1149 [           main] org.apache.coyote.http11.Http11NioProtocol : Starting ProtocolHandler ["http-nio-8080"]
2021-05-21 16:58:53.350 -INFO 1149 [           main] org.springframework.boot.web.embedded.tomcat.TomcatWebServer : Tomcat started on port(s): 8080 (http) with context path ''
2021-05-21 16:58:53.351 -INFO 1149 [           main] org.springframework.scheduling.quartz.SchedulerFactoryBean : Starting Quartz Scheduler now
2021-05-21 16:58:53.351 -INFO 1149 [           main] org.quartz.core.QuartzScheduler : Scheduler quartzScheduler_$_NON_CLUSTERED started.
2021-05-21 16:58:53.359 -INFO 1149 [           main] com.tsinghua.course.CourseApplication : Started CourseApplication in 1.771 seconds (JVM running for 2.441)
2021-05-21 16:58:55.025 -WARN 1149 [ntLoopGroup-7-1] com.tsinghua.course.CourseApplication : null-null-{"path":"/login","query":""}-SysError006-com.tsinghua.course.Biz.Handler.HttpHandler#channelRead0#88/
2021-05-21 16:59:02.454 -WARN 1149 [ntLoopGroup-7-2] com.tsinghua.course.CourseApplication : null-null-{"path":"/login","query":""}-SysError006-com.tsinghua.course.Biz.Handler.HttpHandler#channelRead0#88/
2021-05-21 17:01:22.967 -INFO 1149 [extShutdownHook] org.quartz.core.QuartzScheduler : Scheduler quartzScheduler_$_NON_CLUSTERED paused.
2021-05-21 17:01:22.989 -INFO 1149 [extShutdownHook] org.springframework.scheduling.concurrent.ThreadPoolTaskExecutor : Shutting down ExecutorService 'applicationTaskExecutor'
2021-05-21 17:01:22.989 -INFO 1149 [extShutdownHook] org.springframework.scheduling.quartz.SchedulerFactoryBean : Shutting down Quartz Scheduler
2021-05-21 17:01:22.989 -INFO 1149 [extShutdownHook] org.quartz.core.QuartzScheduler : Scheduler quartzScheduler_$_NON_CLUSTERED shutting down.
2021-05-21 17:01:22.989 -INFO 1149 [extShutdownHook] org.quartz.core.QuartzScheduler : Scheduler quartzScheduler_$_NON_CLUSTERED paused.
2021-05-21 17:01:22.990 -INFO 1149 [extShutdownHook] org.quartz.core.QuartzScheduler : Scheduler quartzScheduler_$_NON_CLUSTERED shutdown complete.
