2021-05-20 14:42:14.231 -INFO 28709 [           main] com.tsinghua.course.CourseApplication : Starting CourseApplication using Java 15.0.1 on wujun-MacBookPro.local with PID 28709 (/Users/wujun/Desktop/mobile_application/BackEnd/course/target/classes started by wujun in /Users/wujun/Desktop/mobile_application/BackEnd/course)
2021-05-20 14:42:14.232 -DEBUG 28709 [           main] com.tsinghua.course.CourseApplication : Running with Spring Boot v2.4.2, Spring v5.3.3
2021-05-20 14:42:14.232 -INFO 28709 [           main] com.tsinghua.course.CourseApplication : No active profile set, falling back to default profiles: default
2021-05-20 14:42:14.892 -INFO 28709 [           main] org.springframework.data.repository.config.RepositoryConfigurationDelegate : Multiple Spring Data modules found, entering strict repository configuration mode!
2021-05-20 14:42:14.893 -INFO 28709 [           main] org.springframework.data.repository.config.RepositoryConfigurationDelegate : Bootstrapping Spring Data MongoDB repositories in DEFAULT mode.
2021-05-20 14:42:14.917 -INFO 28709 [           main] org.springframework.data.repository.config.RepositoryConfigurationDelegate : Finished Spring Data repository scanning in 20 ms. Found 0 MongoDB repository interfaces.
2021-05-20 14:42:14.937 -INFO 28709 [           main] org.springframework.data.repository.config.RepositoryConfigurationDelegate : Multiple Spring Data modules found, entering strict repository configuration mode!
2021-05-20 14:42:14.938 -INFO 28709 [           main] org.springframework.data.repository.config.RepositoryConfigurationDelegate : Bootstrapping Spring Data Redis repositories in DEFAULT mode.
2021-05-20 14:42:14.957 -INFO 28709 [           main] org.springframework.data.repository.config.RepositoryConfigurationDelegate : Finished Spring Data repository scanning in 8 ms. Found 0 Redis repository interfaces.
2021-05-20 14:42:15.411 -INFO 28709 [           main] org.springframework.boot.web.embedded.tomcat.TomcatWebServer : Tomcat initialized with port(s): 8080 (http)
2021-05-20 14:42:15.417 -INFO 28709 [           main] org.apache.coyote.http11.Http11NioProtocol : Initializing ProtocolHandler ["http-nio-8080"]
2021-05-20 14:42:15.417 -INFO 28709 [           main] org.apache.catalina.core.StandardService : Starting service [Tomcat]
2021-05-20 14:42:15.418 -INFO 28709 [           main] org.apache.catalina.core.StandardEngine : Starting Servlet engine: [Apache Tomcat/9.0.41]
2021-05-20 14:42:15.474 -INFO 28709 [           main] org.apache.catalina.core.ContainerBase.[Tomcat].[localhost].[/] : Initializing Spring embedded WebApplicationContext
2021-05-20 14:42:15.474 -INFO 28709 [           main] org.springframework.boot.web.servlet.context.ServletWebServerApplicationContext : Root WebApplicationContext: initialization completed in 1209 ms
2021-05-20 14:42:15.622 -INFO 28709 [           main] org.mongodb.driver.cluster : Cluster created with settings {hosts=[localhost:27017], mode=SINGLE, requiredClusterType=UNKNOWN, serverSelectionTimeout='30000 ms'}
2021-05-20 14:42:15.655 -INFO 28709 [localhost:27017] org.mongodb.driver.connection : Opened connection [connectionId{localValue:2, serverValue:4}] to localhost:27017
2021-05-20 14:42:15.655 -INFO 28709 [localhost:27017] org.mongodb.driver.connection : Opened connection [connectionId{localValue:1, serverValue:5}] to localhost:27017
2021-05-20 14:42:15.656 -INFO 28709 [localhost:27017] org.mongodb.driver.cluster : Monitor thread successfully connected to server with description ServerDescription{address=localhost:27017, type=STANDALONE, state=CONNECTED, ok=true, minWireVersion=0, maxWireVersion=2, maxDocumentSize=16777216, logicalSessionTimeoutMinutes=null, roundTripTimeNanos=9674229}
2021-05-20 14:42:15.974 -INFO 28709 [           main] org.quartz.impl.StdSchedulerFactory : Using default implementation for ThreadExecutor
2021-05-20 14:42:15.981 -INFO 28709 [           main] org.quartz.core.SchedulerSignalerImpl : Initialized Scheduler Signaller of type: class org.quartz.core.SchedulerSignalerImpl
2021-05-20 14:42:15.981 -INFO 28709 [           main] org.quartz.core.QuartzScheduler : Quartz Scheduler v.2.3.2 created.
2021-05-20 14:42:15.981 -INFO 28709 [           main] org.quartz.simpl.RAMJobStore : RAMJobStore initialized.
2021-05-20 14:42:15.982 -INFO 28709 [           main] org.quartz.core.QuartzScheduler : Scheduler meta-data: Quartz Scheduler (v2.3.2) 'quartzScheduler' with instanceId 'NON_CLUSTERED'
  Scheduler class: 'org.quartz.core.QuartzScheduler' - running locally.
  NOT STARTED.
  Currently in standby mode.
  Number of jobs executed: 0
  Using thread pool 'org.quartz.simpl.SimpleThreadPool' - with 10 threads.
  Using job-store 'org.quartz.simpl.RAMJobStore' - which does not support persistence. and is not clustered.

2021-05-20 14:42:15.982 -INFO 28709 [           main] org.quartz.impl.StdSchedulerFactory : Quartz scheduler 'quartzScheduler' initialized from an externally provided properties instance.
2021-05-20 14:42:15.982 -INFO 28709 [           main] org.quartz.impl.StdSchedulerFactory : Quartz scheduler version: 2.3.2
2021-05-20 14:42:15.982 -INFO 28709 [           main] org.quartz.core.QuartzScheduler : JobFactory set to: org.springframework.scheduling.quartz.SpringBeanJobFactory@16681017
2021-05-20 14:42:16.140 -INFO 28709 [           main] org.springframework.scheduling.concurrent.ThreadPoolTaskExecutor : Initializing ExecutorService 'applicationTaskExecutor'
2021-05-20 14:42:16.291 -INFO 28709 [           main] org.apache.coyote.http11.Http11NioProtocol : Starting ProtocolHandler ["http-nio-8080"]
2021-05-20 14:42:16.307 -INFO 28709 [           main] org.springframework.boot.web.embedded.tomcat.TomcatWebServer : Tomcat started on port(s): 8080 (http) with context path ''
2021-05-20 14:42:16.307 -INFO 28709 [           main] org.springframework.scheduling.quartz.SchedulerFactoryBean : Starting Quartz Scheduler now
2021-05-20 14:42:16.308 -INFO 28709 [           main] org.quartz.core.QuartzScheduler : Scheduler quartzScheduler_$_NON_CLUSTERED started.
2021-05-20 14:42:16.316 -INFO 28709 [           main] com.tsinghua.course.CourseApplication : Started CourseApplication in 2.411 seconds (JVM running for 2.997)
2021-05-20 14:42:23.838 -WARN 28709 [ntLoopGroup-6-1] com.tsinghua.course.CourseApplication : null-null-{"path":"/"}-SysError006-com.tsinghua.course.Biz.Handler.HttpHandler#channelRead0#85/
2021-05-20 14:42:23.937 -WARN 28709 [ntLoopGroup-6-2] com.tsinghua.course.CourseApplication : null-null-{"path":"/favicon.ico"}-SysError006-com.tsinghua.course.Biz.Handler.HttpHandler#channelRead0#85/
2021-05-20 20:12:43.245 -INFO 28709 [nio-8080-exec-1] org.apache.catalina.core.ContainerBase.[Tomcat].[localhost].[/] : Initializing Spring DispatcherServlet 'dispatcherServlet'
2021-05-20 20:12:43.246 -INFO 28709 [nio-8080-exec-1] org.springframework.web.servlet.DispatcherServlet : Initializing Servlet 'dispatcherServlet'
2021-05-20 20:12:43.259 -INFO 28709 [nio-8080-exec-1] org.springframework.web.servlet.DispatcherServlet : Completed initialization in 13 ms
