2021-05-27 04:32:04.353 -INFO 17764 [           main] com.tsinghua.course.CourseApplication : Starting CourseApplication using Java 15.0.1 on wujun-MacBookPro.local with PID 17764 (/Users/wujun/Desktop/im/Backend/course/target/classes started by wujun in /Users/wujun/Desktop/im/Backend/course)
2021-05-27 04:32:04.354 -DEBUG 17764 [           main] com.tsinghua.course.CourseApplication : Running with Spring Boot v2.4.2, Spring v5.3.3
2021-05-27 04:32:04.354 -INFO 17764 [           main] com.tsinghua.course.CourseApplication : No active profile set, falling back to default profiles: default
2021-05-27 04:32:04.853 -INFO 17764 [           main] org.springframework.data.repository.config.RepositoryConfigurationDelegate : Multiple Spring Data modules found, entering strict repository configuration mode!
2021-05-27 04:32:04.853 -INFO 17764 [           main] org.springframework.data.repository.config.RepositoryConfigurationDelegate : Bootstrapping Spring Data MongoDB repositories in DEFAULT mode.
2021-05-27 04:32:04.869 -INFO 17764 [           main] org.springframework.data.repository.config.RepositoryConfigurationDelegate : Finished Spring Data repository scanning in 12 ms. Found 0 MongoDB repository interfaces.
2021-05-27 04:32:04.888 -INFO 17764 [           main] org.springframework.data.repository.config.RepositoryConfigurationDelegate : Multiple Spring Data modules found, entering strict repository configuration mode!
2021-05-27 04:32:04.891 -INFO 17764 [           main] org.springframework.data.repository.config.RepositoryConfigurationDelegate : Bootstrapping Spring Data Redis repositories in DEFAULT mode.
2021-05-27 04:32:04.915 -INFO 17764 [           main] org.springframework.data.repository.config.RepositoryConfigurationDelegate : Finished Spring Data repository scanning in 15 ms. Found 0 Redis repository interfaces.
2021-05-27 04:32:05.372 -INFO 17764 [           main] org.springframework.boot.web.embedded.tomcat.TomcatWebServer : Tomcat initialized with port(s): 8080 (http)
2021-05-27 04:32:05.383 -INFO 17764 [           main] org.apache.coyote.http11.Http11NioProtocol : Initializing ProtocolHandler ["http-nio-8080"]
2021-05-27 04:32:05.384 -INFO 17764 [           main] org.apache.catalina.core.StandardService : Starting service [Tomcat]
2021-05-27 04:32:05.384 -INFO 17764 [           main] org.apache.catalina.core.StandardEngine : Starting Servlet engine: [Apache Tomcat/9.0.41]
2021-05-27 04:32:05.450 -INFO 17764 [           main] org.apache.catalina.core.ContainerBase.[Tomcat].[localhost].[/] : Initializing Spring embedded WebApplicationContext
2021-05-27 04:32:05.450 -INFO 17764 [           main] org.springframework.boot.web.servlet.context.ServletWebServerApplicationContext : Root WebApplicationContext: initialization completed in 1053 ms
2021-05-27 04:32:05.555 -INFO 17764 [           main] org.mongodb.driver.cluster : Cluster created with settings {hosts=[localhost:27017], mode=SINGLE, requiredClusterType=UNKNOWN, serverSelectionTimeout='30000 ms'}
2021-05-27 04:32:05.589 -INFO 17764 [localhost:27017] org.mongodb.driver.connection : Opened connection [connectionId{localValue:2, serverValue:95}] to localhost:27017
2021-05-27 04:32:05.589 -INFO 17764 [localhost:27017] org.mongodb.driver.connection : Opened connection [connectionId{localValue:1, serverValue:94}] to localhost:27017
2021-05-27 04:32:05.589 -INFO 17764 [localhost:27017] org.mongodb.driver.cluster : Monitor thread successfully connected to server with description ServerDescription{address=localhost:27017, type=STANDALONE, state=CONNECTED, ok=true, minWireVersion=0, maxWireVersion=2, maxDocumentSize=16777216, logicalSessionTimeoutMinutes=null, roundTripTimeNanos=11381330}
2021-05-27 04:32:05.975 -INFO 17764 [           main] org.quartz.impl.StdSchedulerFactory : Using default implementation for ThreadExecutor
2021-05-27 04:32:05.983 -INFO 17764 [           main] org.quartz.core.SchedulerSignalerImpl : Initialized Scheduler Signaller of type: class org.quartz.core.SchedulerSignalerImpl
2021-05-27 04:32:05.983 -INFO 17764 [           main] org.quartz.core.QuartzScheduler : Quartz Scheduler v.2.3.2 created.
2021-05-27 04:32:05.984 -INFO 17764 [           main] org.quartz.simpl.RAMJobStore : RAMJobStore initialized.
2021-05-27 04:32:05.984 -INFO 17764 [           main] org.quartz.core.QuartzScheduler : Scheduler meta-data: Quartz Scheduler (v2.3.2) 'quartzScheduler' with instanceId 'NON_CLUSTERED'
  Scheduler class: 'org.quartz.core.QuartzScheduler' - running locally.
  NOT STARTED.
  Currently in standby mode.
  Number of jobs executed: 0
  Using thread pool 'org.quartz.simpl.SimpleThreadPool' - with 10 threads.
  Using job-store 'org.quartz.simpl.RAMJobStore' - which does not support persistence. and is not clustered.

2021-05-27 04:32:05.984 -INFO 17764 [           main] org.quartz.impl.StdSchedulerFactory : Quartz scheduler 'quartzScheduler' initialized from an externally provided properties instance.
2021-05-27 04:32:05.984 -INFO 17764 [           main] org.quartz.impl.StdSchedulerFactory : Quartz scheduler version: 2.3.2
2021-05-27 04:32:05.984 -INFO 17764 [           main] org.quartz.core.QuartzScheduler : JobFactory set to: org.springframework.scheduling.quartz.SpringBeanJobFactory@723742b2
2021-05-27 04:32:06.109 -INFO 17764 [           main] org.springframework.scheduling.concurrent.ThreadPoolTaskExecutor : Initializing ExecutorService 'applicationTaskExecutor'
2021-05-27 04:32:06.257 -INFO 17764 [           main] org.apache.coyote.http11.Http11NioProtocol : Starting ProtocolHandler ["http-nio-8080"]
2021-05-27 04:32:06.275 -INFO 17764 [           main] org.springframework.boot.web.embedded.tomcat.TomcatWebServer : Tomcat started on port(s): 8080 (http) with context path ''
2021-05-27 04:32:06.275 -INFO 17764 [           main] org.springframework.scheduling.quartz.SchedulerFactoryBean : Starting Quartz Scheduler now
2021-05-27 04:32:06.275 -INFO 17764 [           main] org.quartz.core.QuartzScheduler : Scheduler quartzScheduler_$_NON_CLUSTERED started.
2021-05-27 04:32:06.284 -INFO 17764 [           main] com.tsinghua.course.CourseApplication : Started CourseApplication in 2.19 seconds (JVM running for 2.867)
