2021-06-21 00:27:55.022 -INFO 14760 [           main] com.tsinghua.course.CourseApplication : Starting CourseApplication using Java 15.0.1 on wujun-MacBookPro.local with PID 14760 (/Users/wujun/Desktop/im/Backend/course/target/classes started by wujun in /Users/wujun/Desktop/im/Backend/course)
2021-06-21 00:27:55.023 -INFO 14760 [           main] com.tsinghua.course.CourseApplication : No active profile set, falling back to default profiles: default
2021-06-21 00:27:56.843 -INFO 14760 [           main] com.tsinghua.course.CourseApplication : Started CourseApplication in 2.067 seconds (JVM running for 2.74)
2021-06-21 00:29:16.606 -INFO 14781 [           main] com.tsinghua.course.CourseApplication : Starting CourseApplication using Java 15.0.1 on wujun-MacBookPro.local with PID 14781 (/Users/wujun/Desktop/im/Backend/course/target/classes started by wujun in /Users/wujun/Desktop/im/Backend/course)
2021-06-21 00:29:16.607 -INFO 14781 [           main] com.tsinghua.course.CourseApplication : No active profile set, falling back to default profiles: default
2021-06-21 00:29:18.386 -INFO 14781 [           main] com.tsinghua.course.CourseApplication : Started CourseApplication in 2.016 seconds (JVM running for 2.533)
2021-06-21 00:29:35.238 -INFO 14793 [           main] com.tsinghua.course.CourseApplication : Starting CourseApplication using Java 15.0.1 on wujun-MacBookPro.local with PID 14793 (/Users/wujun/Desktop/im/Backend/course/target/classes started by wujun in /Users/wujun/Desktop/im/Backend/course)
2021-06-21 00:29:35.239 -INFO 14793 [           main] com.tsinghua.course.CourseApplication : No active profile set, falling back to default profiles: default
2021-06-21 00:29:36.956 -INFO 14793 [           main] com.tsinghua.course.CourseApplication : Started CourseApplication in 1.968 seconds (JVM running for 2.468)
2021-06-21 00:30:29.623 -INFO 14804 [           main] com.tsinghua.course.CourseApplication : Starting CourseApplication using Java 15.0.1 on wujun-MacBookPro.local with PID 14804 (/Users/wujun/Desktop/im/Backend/course/target/classes started by wujun in /Users/wujun/Desktop/im/Backend/course)
2021-06-21 00:30:29.624 -INFO 14804 [           main] com.tsinghua.course.CourseApplication : No active profile set, falling back to default profiles: default
2021-06-21 00:30:31.197 -INFO 14804 [           main] com.tsinghua.course.CourseApplication : Started CourseApplication in 1.804 seconds (JVM running for 2.489)
2021-06-21 00:31:41.544 -INFO 14814 [           main] com.tsinghua.course.CourseApplication : Starting CourseApplication using Java 15.0.1 on wujun-MacBookPro.local with PID 14814 (/Users/wujun/Desktop/im/Backend/course/target/classes started by wujun in /Users/wujun/Desktop/im/Backend/course)
2021-06-21 00:31:41.546 -INFO 14814 [           main] com.tsinghua.course.CourseApplication : No active profile set, falling back to default profiles: default
2021-06-21 00:31:43.131 -INFO 14814 [           main] com.tsinghua.course.CourseApplication : Started CourseApplication in 1.797 seconds (JVM running for 2.262)
2021-06-21 00:33:16.562 -INFO 14834 [           main] com.tsinghua.course.CourseApplication : Starting CourseApplication using Java 15.0.1 on wujun-MacBookPro.local with PID 14834 (/Users/wujun/Desktop/im/Backend/course/target/classes started by wujun in /Users/wujun/Desktop/im/Backend/course)
2021-06-21 00:33:16.564 -INFO 14834 [           main] com.tsinghua.course.CourseApplication : No active profile set, falling back to default profiles: default
2021-06-21 00:33:18.264 -INFO 14834 [           main] com.tsinghua.course.CourseApplication : Started CourseApplication in 1.934 seconds (JVM running for 2.547)
2021-06-21 00:37:19.292 -INFO 14856 [           main] com.tsinghua.course.CourseApplication : Starting CourseApplication using Java 15.0.1 on wujun-MacBookPro.local with PID 14856 (/Users/wujun/Desktop/im/Backend/course/target/classes started by wujun in /Users/wujun/Desktop/im/Backend/course)
2021-06-21 00:37:19.294 -INFO 14856 [           main] com.tsinghua.course.CourseApplication : No active profile set, falling back to default profiles: default
2021-06-21 00:37:20.911 -INFO 14856 [           main] com.tsinghua.course.CourseApplication : Started CourseApplication in 1.828 seconds (JVM running for 2.562)
2021-06-21 00:38:33.056 -INFO 14871 [           main] com.tsinghua.course.CourseApplication : Starting CourseApplication using Java 15.0.1 on wujun-MacBookPro.local with PID 14871 (/Users/wujun/Desktop/im/Backend/course/target/classes started by wujun in /Users/wujun/Desktop/im/Backend/course)
2021-06-21 00:38:33.057 -INFO 14871 [           main] com.tsinghua.course.CourseApplication : No active profile set, falling back to default profiles: default
2021-06-21 00:38:34.792 -INFO 14871 [           main] com.tsinghua.course.CourseApplication : Started CourseApplication in 1.984 seconds (JVM running for 2.638)
2021-06-21 13:15:54.988 -INFO 14871 [tLoopGroup-7-10] com.tsinghua.course.Frame.Util.UploadFileUtils : /2021/06/21
2021-06-21 13:16:07.277 -INFO 14871 [tLoopGroup-7-11] com.tsinghua.course.Frame.Util.UploadFileUtils : /2021/06/21
2021-06-21 13:16:34.848 -INFO 14871 [tLoopGroup-7-13] com.tsinghua.course.Frame.Util.UploadFileUtils : /2021/06/21
2021-06-21 13:18:49.134 -INFO 16081 [           main] com.tsinghua.course.CourseApplication : Starting CourseApplication using Java 15.0.1 on wujun-MacBookPro.local with PID 16081 (/Users/wujun/Desktop/im/Backend/course/target/classes started by wujun in /Users/wujun/Desktop/im/Backend/course)
2021-06-21 13:18:49.135 -INFO 16081 [           main] com.tsinghua.course.CourseApplication : No active profile set, falling back to default profiles: default
2021-06-21 13:18:51.291 -INFO 16081 [           main] com.tsinghua.course.CourseApplication : Started CourseApplication in 2.483 seconds (JVM running for 3.614)
2021-06-21 13:30:33.128 -INFO 16117 [           main] com.tsinghua.course.CourseApplication : Starting CourseApplication using Java 15.0.1 on wujun-MacBookPro.local with PID 16117 (/Users/wujun/Desktop/im/Backend/course/target/classes started by wujun in /Users/wujun/Desktop/im/Backend/course)
2021-06-21 13:30:33.130 -INFO 16117 [           main] com.tsinghua.course.CourseApplication : No active profile set, falling back to default profiles: default
2021-06-21 13:30:34.977 -INFO 16117 [           main] com.tsinghua.course.CourseApplication : Started CourseApplication in 2.104 seconds (JVM running for 2.915)
2021-06-21 13:42:54.252 -INFO 16160 [           main] com.tsinghua.course.CourseApplication : Starting CourseApplication using Java 15.0.1 on wujun-MacBookPro.local with PID 16160 (/Users/wujun/Desktop/im/Backend/course/target/classes started by wujun in /Users/wujun/Desktop/im/Backend/course)
2021-06-21 13:42:54.254 -INFO 16160 [           main] com.tsinghua.course.CourseApplication : No active profile set, falling back to default profiles: default
2021-06-21 13:42:56.208 -INFO 16160 [           main] com.tsinghua.course.CourseApplication : Started CourseApplication in 2.201 seconds (JVM running for 3.042)
2021-06-21 13:43:34.404 -INFO 16160 [ntLoopGroup-6-2] com.tsinghua.course.Frame.Util.UploadFileUtils : /2021/06/21
2021-06-21 13:45:25.515 -INFO 16194 [           main] com.tsinghua.course.CourseApplication : Starting CourseApplication using Java 15.0.1 on wujun-MacBookPro.local with PID 16194 (/Users/wujun/Desktop/im/Backend/course/target/classes started by wujun in /Users/wujun/Desktop/im/Backend/course)
2021-06-21 13:45:25.516 -INFO 16194 [           main] com.tsinghua.course.CourseApplication : No active profile set, falling back to default profiles: default
2021-06-21 13:45:27.295 -INFO 16194 [           main] com.tsinghua.course.CourseApplication : Started CourseApplication in 2.005 seconds (JVM running for 2.695)
