2021-06-13 00:25:00.778 -INFO 8239 [           main] com.tsinghua.course.CourseApplication : Starting CourseApplication using Java 15.0.1 on wujun-MacBookPro.local with PID 8239 (/Users/wujun/Desktop/im/Backend/course/target/classes started by wujun in /Users/wujun/Desktop/im/Backend/course)
2021-06-13 00:25:00.779 -INFO 8239 [           main] com.tsinghua.course.CourseApplication : No active profile set, falling back to default profiles: default
2021-06-13 00:25:02.680 -INFO 8239 [           main] com.tsinghua.course.CourseApplication : Started CourseApplication in 2.182 seconds (JVM running for 2.958)
2021-06-13 00:25:08.871 -INFO 8239 [ntLoopGroup-6-2] com.tsinghua.course.Frame.Util.UploadFileUtils : /2021/06/12
2021-06-13 00:25:31.586 -INFO 8239 [ntLoopGroup-6-3] com.tsinghua.course.Frame.Util.UploadFileUtils : /2021/06/12
2021-06-13 00:26:19.902 -INFO 8300 [           main] com.tsinghua.course.CourseApplication : Starting CourseApplication using Java 15.0.1 on wujun-MacBookPro.local with PID 8300 (/Users/wujun/Desktop/im/Backend/course/target/classes started by wujun in /Users/wujun/Desktop/im/Backend/course)
2021-06-13 00:26:19.904 -INFO 8300 [           main] com.tsinghua.course.CourseApplication : No active profile set, falling back to default profiles: default
2021-06-13 00:26:21.584 -INFO 8300 [           main] com.tsinghua.course.CourseApplication : Started CourseApplication in 1.889 seconds (JVM running for 2.31)
2021-06-13 00:26:34.289 -INFO 8300 [ntLoopGroup-7-2] com.tsinghua.course.Frame.Util.UploadFileUtils : /2021/06/12
2021-06-13 00:27:31.357 -INFO 8345 [           main] com.tsinghua.course.CourseApplication : Starting CourseApplication using Java 15.0.1 on wujun-MacBookPro.local with PID 8345 (/Users/wujun/Desktop/im/Backend/course/target/classes started by wujun in /Users/wujun/Desktop/im/Backend/course)
2021-06-13 00:27:31.359 -INFO 8345 [           main] com.tsinghua.course.CourseApplication : No active profile set, falling back to default profiles: default
2021-06-13 00:27:33.584 -INFO 8348 [           main] com.tsinghua.course.CourseApplication : Starting CourseApplication using Java 15.0.1 on wujun-MacBookPro.local with PID 8348 (/Users/wujun/Desktop/im/Backend/course/target/classes started by wujun in /Users/wujun/Desktop/im/Backend/course)
2021-06-13 00:27:33.586 -INFO 8348 [           main] com.tsinghua.course.CourseApplication : No active profile set, falling back to default profiles: default
2021-06-13 00:27:33.797 -INFO 8345 [           main] com.tsinghua.course.CourseApplication : Started CourseApplication in 2.702 seconds (JVM running for 4.047)
2021-06-13 00:29:27.365 -INFO 8425 [           main] com.tsinghua.course.CourseApplication : Starting CourseApplication using Java 15.0.1 on wujun-MacBookPro.local with PID 8425 (/Users/wujun/Desktop/im/Backend/course/target/classes started by wujun in /Users/wujun/Desktop/im/Backend/course)
2021-06-13 00:29:27.367 -INFO 8425 [           main] com.tsinghua.course.CourseApplication : No active profile set, falling back to default profiles: default
2021-06-13 00:29:28.911 -INFO 8425 [           main] com.tsinghua.course.CourseApplication : Started CourseApplication in 1.741 seconds (JVM running for 2.424)
2021-06-13 00:35:47.259 -INFO 8558 [           main] com.tsinghua.course.CourseApplication : Starting CourseApplication using Java 15.0.1 on wujun-MacBookPro.local with PID 8558 (/Users/wujun/Desktop/im/Backend/course/target/classes started by wujun in /Users/wujun/Desktop/im/Backend/course)
2021-06-13 00:35:47.260 -INFO 8558 [           main] com.tsinghua.course.CourseApplication : No active profile set, falling back to default profiles: default
2021-06-13 00:35:48.885 -INFO 8558 [           main] com.tsinghua.course.CourseApplication : Started CourseApplication in 1.83 seconds (JVM running for 2.357)
2021-06-13 00:39:11.769 -INFO 8558 [ntLoopGroup-7-8] com.tsinghua.course.Frame.Util.UploadFileUtils : /2021/06/12
2021-06-13 00:50:42.189 -INFO 1060 [           main] com.tsinghua.course.CourseApplication : Starting CourseApplication using Java 15.0.1 on wujun-MacBookPro.local with PID 1060 (/Users/wujun/Desktop/im/Backend/course/target/classes started by wujun in /Users/wujun/Desktop/im/Backend/course)
2021-06-13 00:50:42.190 -INFO 1060 [           main] com.tsinghua.course.CourseApplication : No active profile set, falling back to default profiles: default
2021-06-13 00:50:43.995 -INFO 1060 [           main] com.tsinghua.course.CourseApplication : Started CourseApplication in 2.057 seconds (JVM running for 2.795)
2021-06-13 01:22:15.991 -INFO 1343 [           main] com.tsinghua.course.CourseApplication : Starting CourseApplication using Java 15.0.1 on wujun-MacBookPro.local with PID 1343 (/Users/wujun/Desktop/im/Backend/course/target/classes started by wujun in /Users/wujun/Desktop/im/Backend/course)
2021-06-13 01:22:15.992 -INFO 1343 [           main] com.tsinghua.course.CourseApplication : No active profile set, falling back to default profiles: default
2021-06-13 01:22:17.740 -INFO 1343 [           main] com.tsinghua.course.CourseApplication : Started CourseApplication in 1.958 seconds (JVM running for 2.693)
2021-06-13 01:48:14.587 -INFO 1421 [           main] com.tsinghua.course.CourseApplication : Starting CourseApplication using Java 15.0.1 on wujun-MacBookPro.local with PID 1421 (/Users/wujun/Desktop/im/Backend/course/target/classes started by wujun in /Users/wujun/Desktop/im/Backend/course)
2021-06-13 01:48:14.588 -INFO 1421 [           main] com.tsinghua.course.CourseApplication : No active profile set, falling back to default profiles: default
2021-06-13 01:48:16.312 -INFO 1421 [           main] com.tsinghua.course.CourseApplication : Started CourseApplication in 1.939 seconds (JVM running for 2.423)
2021-06-13 01:49:05.027 -INFO 1421 [ntLoopGroup-6-7] com.tsinghua.course.Frame.Util.UploadFileUtils : /2021/06/13
2021-06-13 01:51:01.559 -INFO 1468 [           main] com.tsinghua.course.CourseApplication : Starting CourseApplication using Java 15.0.1 on wujun-MacBookPro.local with PID 1468 (/Users/wujun/Desktop/im/Backend/course/target/classes started by wujun in /Users/wujun/Desktop/im/Backend/course)
2021-06-13 01:51:01.561 -INFO 1468 [           main] com.tsinghua.course.CourseApplication : No active profile set, falling back to default profiles: default
2021-06-13 01:51:03.590 -INFO 1468 [           main] com.tsinghua.course.CourseApplication : Started CourseApplication in 2.325 seconds (JVM running for 3.002)
2021-06-13 01:51:27.245 -INFO 1468 [ntLoopGroup-7-7] com.tsinghua.course.Frame.Util.UploadFileUtils : /2021/06/13
2021-06-13 01:53:44.408 -INFO 1506 [           main] com.tsinghua.course.CourseApplication : Starting CourseApplication using Java 15.0.1 on wujun-MacBookPro.local with PID 1506 (/Users/wujun/Desktop/im/Backend/course/target/classes started by wujun in /Users/wujun/Desktop/im/Backend/course)
2021-06-13 01:53:44.409 -INFO 1506 [           main] com.tsinghua.course.CourseApplication : No active profile set, falling back to default profiles: default
2021-06-13 01:53:46.108 -INFO 1506 [           main] com.tsinghua.course.CourseApplication : Started CourseApplication in 1.911 seconds (JVM running for 2.57)
2021-06-13 01:53:54.582 -INFO 1506 [ntLoopGroup-7-2] com.tsinghua.course.Frame.Util.UploadFileUtils : /2021/06/13
2021-06-13 01:55:22.186 -INFO 1537 [           main] com.tsinghua.course.CourseApplication : Starting CourseApplication using Java 15.0.1 on wujun-MacBookPro.local with PID 1537 (/Users/wujun/Desktop/im/Backend/course/target/classes started by wujun in /Users/wujun/Desktop/im/Backend/course)
2021-06-13 01:55:22.187 -INFO 1537 [           main] com.tsinghua.course.CourseApplication : No active profile set, falling back to default profiles: default
2021-06-13 01:55:24.137 -INFO 1537 [           main] com.tsinghua.course.CourseApplication : Started CourseApplication in 2.17 seconds (JVM running for 2.667)
2021-06-13 01:56:11.713 -INFO 1547 [           main] com.tsinghua.course.CourseApplication : Starting CourseApplication using Java 15.0.1 on wujun-MacBookPro.local with PID 1547 (/Users/wujun/Desktop/im/Backend/course/target/classes started by wujun in /Users/wujun/Desktop/im/Backend/course)
2021-06-13 01:56:11.714 -INFO 1547 [           main] com.tsinghua.course.CourseApplication : No active profile set, falling back to default profiles: default
2021-06-13 01:56:13.395 -INFO 1547 [           main] com.tsinghua.course.CourseApplication : Started CourseApplication in 1.903 seconds (JVM running for 2.578)
2021-06-13 01:57:21.635 -INFO 1560 [           main] com.tsinghua.course.CourseApplication : Starting CourseApplication using Java 15.0.1 on wujun-MacBookPro.local with PID 1560 (/Users/wujun/Desktop/im/Backend/course/target/classes started by wujun in /Users/wujun/Desktop/im/Backend/course)
2021-06-13 01:57:21.637 -INFO 1560 [           main] com.tsinghua.course.CourseApplication : No active profile set, falling back to default profiles: default
2021-06-13 01:57:23.317 -INFO 1560 [           main] com.tsinghua.course.CourseApplication : Started CourseApplication in 1.899 seconds (JVM running for 2.379)
2021-06-13 01:57:50.648 -INFO 1565 [           main] com.tsinghua.course.CourseApplication : Starting CourseApplication using Java 15.0.1 on wujun-MacBookPro.local with PID 1565 (/Users/wujun/Desktop/im/Backend/course/target/classes started by wujun in /Users/wujun/Desktop/im/Backend/course)
2021-06-13 01:57:50.650 -INFO 1565 [           main] com.tsinghua.course.CourseApplication : No active profile set, falling back to default profiles: default
2021-06-13 01:57:51.067 -INFO 1567 [           main] com.tsinghua.course.CourseApplication : Starting CourseApplication using Java 15.0.1 on wujun-MacBookPro.local with PID 1567 (/Users/wujun/Desktop/im/Backend/course/target/classes started by wujun in /Users/wujun/Desktop/im/Backend/course)
2021-06-13 01:57:51.069 -INFO 1567 [           main] com.tsinghua.course.CourseApplication : No active profile set, falling back to default profiles: default
2021-06-13 01:57:52.489 -INFO 1565 [           main] com.tsinghua.course.CourseApplication : Started CourseApplication in 2.091 seconds (JVM running for 3.228)
2021-06-13 01:58:05.982 -INFO 1570 [           main] com.tsinghua.course.CourseApplication : Starting CourseApplication using Java 15.0.1 on wujun-MacBookPro.local with PID 1570 (/Users/wujun/Desktop/im/Backend/course/target/classes started by wujun in /Users/wujun/Desktop/im/Backend/course)
2021-06-13 01:58:05.984 -INFO 1570 [           main] com.tsinghua.course.CourseApplication : No active profile set, falling back to default profiles: default
2021-06-13 01:58:07.464 -INFO 1570 [           main] com.tsinghua.course.CourseApplication : Started CourseApplication in 1.688 seconds (JVM running for 2.148)
2021-06-13 02:02:26.536 -INFO 1570 [tLoopGroup-7-11] com.tsinghua.course.Frame.Util.UploadFileUtils : /2021/06/13
2021-06-13 02:03:07.572 -INFO 1637 [           main] com.tsinghua.course.CourseApplication : Starting CourseApplication using Java 15.0.1 on wujun-MacBookPro.local with PID 1637 (/Users/wujun/Desktop/im/Backend/course/target/classes started by wujun in /Users/wujun/Desktop/im/Backend/course)
2021-06-13 02:03:07.573 -INFO 1637 [           main] com.tsinghua.course.CourseApplication : No active profile set, falling back to default profiles: default
2021-06-13 02:03:09.482 -INFO 1637 [           main] com.tsinghua.course.CourseApplication : Started CourseApplication in 2.113 seconds (JVM running for 2.736)
2021-06-13 02:04:58.795 -INFO 1654 [           main] com.tsinghua.course.CourseApplication : Starting CourseApplication using Java 15.0.1 on wujun-MacBookPro.local with PID 1654 (/Users/wujun/Desktop/im/Backend/course/target/classes started by wujun in /Users/wujun/Desktop/im/Backend/course)
2021-06-13 02:04:58.796 -INFO 1654 [           main] com.tsinghua.course.CourseApplication : No active profile set, falling back to default profiles: default
2021-06-13 02:05:00.370 -INFO 1654 [           main] com.tsinghua.course.CourseApplication : Started CourseApplication in 1.778 seconds (JVM running for 2.225)
