2021-06-07 00:17:36.285 -WARN 6517 [ntLoopGroup-7-5] com.tsinghua.course.CourseApplication : null-CONTACT_ADD-{"add_contact":"test2","bizType":"CONTACT_ADD"}-UserWarn002-com.tsinghua.course.Biz.Controller.ContactController$$EnhancerBySpringCGLIB$$62d3fd42#friendCheckFriendRequest#-1/
2021-06-07 01:34:19.240 -WARN 6517 [tLoopGroup-7-12] com.tsinghua.course.CourseApplication : null-CONTACT_LIST-{"bizType":"CONTACT_LIST"}-UserWarn002-com.tsinghua.course.Biz.Controller.ContactController$$EnhancerBySpringCGLIB$$62d3fd42#AllContact#-1/
2021-06-07 01:34:57.405 -WARN 6517 [tLoopGroup-7-17] com.tsinghua.course.CourseApplication : null-CONTACT_LIST-{"bizType":"CONTACT_LIST"}-UserWarn002-com.tsinghua.course.Biz.Controller.ContactController$$EnhancerBySpringCGLIB$$62d3fd42#AllContact#-1/
2021-06-07 01:37:29.878 -WARN 6517 [tLoopGroup-7-26] com.tsinghua.course.CourseApplication : null-CONTACT_LIST-{"bizType":"CONTACT_LIST"}-UserWarn002-com.tsinghua.course.Biz.Controller.ContactController$$EnhancerBySpringCGLIB$$62d3fd42#AllContact#-1/
2021-06-07 01:38:54.109 -WARN 6517 [tLoopGroup-7-29] com.tsinghua.course.CourseApplication : null-CONTACT_FIND-{"add_contact":"test2","bizType":"CONTACT_FIND","path":"/contact/find"}-default-com.tsinghua.course.Biz.Controller.Params.CommonParams#fromJsonObject#53/
2021-06-07 01:42:59.810 -WARN 6788 [ntLoopGroup-7-5] com.tsinghua.course.CourseApplication : null-CONTACT_LIST-{"bizType":"CONTACT_LIST"}-UserWarn002-com.tsinghua.course.Biz.Controller.ContactController$$EnhancerBySpringCGLIB$$1369c6af#AllContact#-1/
2021-06-07 01:44:03.623 -WARN 6788 [ntLoopGroup-7-7] com.tsinghua.course.CourseApplication : null-CONTACT_FIND-{"add_contact":"test2","bizType":"CONTACT_FIND","path":"/contact/find"}-default-com.tsinghua.course.Biz.Controller.Params.CommonParams#fromJsonObject#53/
2021-06-07 01:44:09.795 -WARN 6788 [ntLoopGroup-7-8] com.tsinghua.course.CourseApplication : null-CONTACT_FIND-{"add_contact":"test2","bizType":"CONTACT_FIND","path":"/contact/find"}-default-com.tsinghua.course.Biz.Controller.Params.CommonParams#fromJsonObject#53/
2021-06-07 01:51:37.507 -WARN 6788 [tLoopGroup-7-18] com.tsinghua.course.CourseApplication : aaaaaa-CONTACT_FIND-{"bizType":"CONTACT_FIND","contact_username":"test3","username":"aaaaaa"}-UserWarn013-com.tsinghua.course.Biz.Controller.ContactController#FindContact#56/
2021-06-07 01:52:04.506 -WARN 6788 [tLoopGroup-7-19] com.tsinghua.course.CourseApplication : aaaaaa-CONTACT_FIND-{"bizType":"CONTACT_FIND","contact_username":"aaaaaa","username":"aaaaaa"}-UserWarn013-com.tsinghua.course.Biz.Controller.ContactController#FindContact#56/
2021-06-07 04:06:34.536 -WARN 6788 [tLoopGroup-7-32] com.tsinghua.course.CourseApplication : aaaaaa-USER_LOGIN-{"bizType":"USER_LOGIN","password":"aaaaaaa","username":"aaaaaa"}-UserWarn001-com.tsinghua.course.Biz.Controller.UserController#userLogin#42/
2021-06-07 04:06:35.471 -WARN 6788 [ntLoopGroup-7-1] com.tsinghua.course.CourseApplication : aaaaaa-USER_LOGIN-{"bizType":"USER_LOGIN","password":"aaaaaaa","username":"aaaaaa"}-UserWarn001-com.tsinghua.course.Biz.Controller.UserController#userLogin#42/
2021-06-07 16:36:13.627 -WARN 14158 [tLoopGroup-7-13] com.tsinghua.course.CourseApplication : null-null-{"content":"fuckyou","path":"/chat/send","to_username":"test2","type":0}-SysError006-com.tsinghua.course.Biz.Handler.HttpHandler#channelRead0#87/
2021-06-07 16:43:12.212 -WARN 14191 [ntLoopGroup-6-1] com.tsinghua.course.CourseApplication : null-CHAT_SEND-{"bizType":"CHAT_SEND","content":"asshole","to_username":"test3","type":0}-UserWarn002-com.tsinghua.course.Biz.Controller.ChatController$$EnhancerBySpringCGLIB$$5c528f08#chatSendMessage#-1/
2021-06-07 17:36:24.499 -WARN 14299 [ntLoopGroup-6-6] com.tsinghua.course.CourseApplication : null-null-{"password":"aaaaaa","path":"/contanct/list","username":"aaaaaa"}-SysError006-com.tsinghua.course.Biz.Handler.HttpHandler#channelRead0#87/
2021-06-07 21:05:04.434 -WARN 15214 [ntLoopGroup-7-2] com.tsinghua.course.CourseApplication : null-USER_REGISTER-{"bizType":"USER_REGISTER","nickname":"test1","password":"test1","phonenumber":"test1"}-UserWarn004-com.tsinghua.course.Biz.Controller.UserController#userRegister#65/
2021-06-07 21:05:22.195 -WARN 15214 [ntLoopGroup-7-3] com.tsinghua.course.CourseApplication : null-USER_REGISTER-{"bizType":"USER_REGISTER","nickname":"test3","password":"test3","phonenumber":"test3"}-UserWarn004-com.tsinghua.course.Biz.Controller.UserController#userRegister#65/
2021-06-07 21:05:30.035 -WARN 15214 [ntLoopGroup-7-4] com.tsinghua.course.CourseApplication : null-USER_REGISTER-{"bizType":"USER_REGISTER","nickname":"test4","password":"test4","phonenumber":"test4"}-UserWarn004-com.tsinghua.course.Biz.Controller.UserController#userRegister#65/
2021-06-07 21:05:45.440 -WARN 15214 [ntLoopGroup-7-5] com.tsinghua.course.CourseApplication : null-USER_REGISTER-{"bizType":"USER_REGISTER","nickname":"test4","password":"test4","phonenumber":"test4"}-UserWarn004-com.tsinghua.course.Biz.Controller.UserController#userRegister#65/
2021-06-07 21:05:46.252 -WARN 15214 [ntLoopGroup-7-6] com.tsinghua.course.CourseApplication : null-USER_REGISTER-{"bizType":"USER_REGISTER","nickname":"test4","password":"test4","phonenumber":"test4"}-UserWarn004-com.tsinghua.course.Biz.Controller.UserController#userRegister#65/
2021-06-07 21:06:11.059 -WARN 15214 [ntLoopGroup-7-7] com.tsinghua.course.CourseApplication : null-USER_REGISTER-{"bizType":"USER_REGISTER","nickname":"test4","password":"test4","phonenumber":"test4"}-UserWarn004-com.tsinghua.course.Biz.Controller.UserController#userRegister#65/
2021-06-07 21:06:19.805 -WARN 15214 [ntLoopGroup-7-8] com.tsinghua.course.CourseApplication : null-USER_REGISTER-{"bizType":"USER_REGISTER","nickname":"test4","password":"test4","phonenumber":"test4"}-UserWarn004-com.tsinghua.course.Biz.Controller.UserController#userRegister#65/
2021-06-07 21:06:27.351 -WARN 15214 [ntLoopGroup-7-9] com.tsinghua.course.CourseApplication : null-USER_REGISTER-{"bizType":"USER_REGISTER","nickname":"test1","password":"test1","phonenumber":"test1"}-UserWarn004-com.tsinghua.course.Biz.Controller.UserController#userRegister#65/
2021-06-07 21:08:16.746 -WARN 15224 [ntLoopGroup-7-2] com.tsinghua.course.CourseApplication : null-USER_REGISTER-{"bizType":"USER_REGISTER","nickname":"test3","password":"test3","phonenumber":"test3","username":"test3"}-UserWarn004-com.tsinghua.course.Biz.Controller.UserController#userRegister#65/
2021-06-07 21:11:51.657 -WARN 15240 [ntLoopGroup-7-7] com.tsinghua.course.CourseApplication : null-CHAT_CHECK_RELATION-{"bizType":"CHAT_CHECK_RELATION","to_username":"test1"}-UserWarn002-com.tsinghua.course.Biz.Controller.ChatController$$EnhancerBySpringCGLIB$$37d26363#chatGetChatRelation#-1/
