2021-06-08 03:41:26.578 -WARN 16738 [tLoopGroup-7-14] com.tsinghua.course.CourseApplication : null-CHAT_SEND-{"bizType":"CHAT_SEND","content":"thank you","to_username":"test2","type":0}-UserWarn002-com.tsinghua.course.Biz.Controller.ChatController$$EnhancerBySpringCGLIB$$687669f0#chatSendMessage#-1/
2021-06-08 04:23:23.495 -WARN 16738 [tLoopGroup-7-28] com.tsinghua.course.CourseApplication : null-null-{"path":"/chat/history","to_username":"test2"}-SysError006-com.tsinghua.course.Biz.Handler.HttpHandler#channelRead0#87/
2021-06-08 04:36:01.428 -WARN 16738 [tLoopGroup-7-32] com.tsinghua.course.CourseApplication : null-null-{"content":"nice to meet you","path":"/chat/history","to_username":"a","type":0}-SysError006-com.tsinghua.course.Biz.Handler.HttpHandler#channelRead0#87/
2021-06-08 05:00:55.363 -WARN 17119 [ntLoopGroup-6-6] com.tsinghua.course.CourseApplication : null-null-{"path":"/chat/history","to_username":"test1"}-SysError006-com.tsinghua.course.Biz.Handler.HttpHandler#channelRead0#87/
2021-06-08 05:04:00.663 -WARN 17119 [tLoopGroup-6-12] com.tsinghua.course.CourseApplication : null-null-{"path":"/chat/history","to_username":"test1"}-SysError006-com.tsinghua.course.Biz.Handler.HttpHandler#channelRead0#87/
2021-06-08 05:58:36.442 -WARN 17119 [tLoopGroup-6-16] com.tsinghua.course.CourseApplication : null-null-{"path":"/chat/history","to_username":"test1"}-SysError006-com.tsinghua.course.Biz.Handler.HttpHandler#channelRead0#87/
2021-06-08 05:59:55.490 -WARN 17119 [tLoopGroup-6-19] com.tsinghua.course.CourseApplication : null-null-{"path":"/chat/history","to_username":"test1"}-SysError006-com.tsinghua.course.Biz.Handler.HttpHandler#channelRead0#87/
2021-06-08 06:00:16.533 -WARN 17119 [tLoopGroup-6-22] com.tsinghua.course.CourseApplication : null-null-{"path":"/chat/history","to_username":"test1"}-SysError006-com.tsinghua.course.Biz.Handler.HttpHandler#channelRead0#87/
2021-06-08 06:02:07.697 -WARN 17119 [tLoopGroup-6-28] com.tsinghua.course.CourseApplication : null-null-{"path":"/chat/history","to_username":"test1"}-SysError006-com.tsinghua.course.Biz.Handler.HttpHandler#channelRead0#87/
2021-06-08 17:50:45.381 -WARN 17866 [ntLoopGroup-5-1] com.tsinghua.course.CourseApplication : null-null-{}-SysError004-com.tsinghua.course.Biz.Handler.WebSocketHandler#channelRead0#52/
2021-06-08 17:50:47.771 -WARN 17866 [ntLoopGroup-5-1] com.tsinghua.course.CourseApplication : null-null-{}-SysError004-com.tsinghua.course.Biz.Handler.WebSocketHandler#channelRead0#52/
2021-06-08 17:50:50.238 -WARN 17866 [ntLoopGroup-5-1] com.tsinghua.course.CourseApplication : null-null-{}-SysError004-com.tsinghua.course.Biz.Handler.WebSocketHandler#channelRead0#52/
2021-06-08 17:50:51.888 -WARN 17866 [ntLoopGroup-5-1] com.tsinghua.course.CourseApplication : null-null-{}-SysError004-com.tsinghua.course.Biz.Handler.WebSocketHandler#channelRead0#52/
2021-06-08 17:50:54.060 -WARN 17866 [ntLoopGroup-5-1] com.tsinghua.course.CourseApplication : null-null-{}-SysError004-com.tsinghua.course.Biz.Handler.WebSocketHandler#channelRead0#52/
2021-06-08 17:52:19.262 -WARN 17866 [ntLoopGroup-6-1] com.tsinghua.course.CourseApplication : null-null-{"path":"/"}-SysError006-com.tsinghua.course.Biz.Handler.HttpHandler#channelRead0#87/
2021-06-08 17:52:19.546 -WARN 17866 [ntLoopGroup-6-2] com.tsinghua.course.CourseApplication : null-null-{"path":"/favicon.ico"}-SysError006-com.tsinghua.course.Biz.Handler.HttpHandler#channelRead0#87/
2021-06-08 20:33:46.894 -WARN 17866 [ntLoopGroup-6-3] com.tsinghua.course.CourseApplication : null-null-{"path":"/bad-request"}-SysError006-com.tsinghua.course.Biz.Handler.HttpHandler#channelRead0#87/
2021-06-08 20:34:05.677 -WARN 17866 [ntLoopGroup-6-4] com.tsinghua.course.CourseApplication : null-null-{"path":"/bad-request"}-SysError006-com.tsinghua.course.Biz.Handler.HttpHandler#channelRead0#87/
2021-06-08 20:36:45.878 -WARN 17866 [ntLoopGroup-5-2] com.tsinghua.course.CourseApplication : null-null-{}-SysError004-com.tsinghua.course.Biz.Handler.WebSocketHandler#channelRead0#52/
2021-06-08 20:36:47.241 -WARN 17866 [ntLoopGroup-5-2] com.tsinghua.course.CourseApplication : null-null-{}-SysError004-com.tsinghua.course.Biz.Handler.WebSocketHandler#channelRead0#52/
2021-06-08 20:37:13.961 -WARN 17866 [ntLoopGroup-6-5] com.tsinghua.course.CourseApplication : null-null-{"path":"/bad-request"}-SysError006-com.tsinghua.course.Biz.Handler.HttpHandler#channelRead0#87/
2021-06-08 20:37:54.897 -WARN 17866 [ntLoopGroup-6-6] com.tsinghua.course.CourseApplication : null-null-{"path":"/bad-request"}-SysError006-com.tsinghua.course.Biz.Handler.HttpHandler#channelRead0#87/
2021-06-08 20:38:02.436 -WARN 17866 [ntLoopGroup-6-7] com.tsinghua.course.CourseApplication : null-null-{"path":"/bad-request"}-SysError006-com.tsinghua.course.Biz.Handler.HttpHandler#channelRead0#87/
