2021-05-22 17:08:56.866 -WARN 5931 [ntLoopGroup-6-1] com.tsinghua.course.CourseApplication : adfdasf-USER_LOGIN-{"bizType":"USER_LOGIN","password":"20160000","username":"adfdasf"}-UserWarn001-com.tsinghua.course.Biz.Controller.UserController#userLogin#36/
2021-05-22 17:09:16.336 -WARN 5931 [ntLoopGroup-6-2] com.tsinghua.course.CourseApplication : null-USER_REGISTER-{"bizType":"USER_REGISTER","nickname":"jun","password":"20160000","path":"/user/register","telephone":"01025734595","username":"adfdasf"}-default-com.tsinghua.course.Biz.Controller.Params.CommonParams#fromJsonObject#39/
2021-05-22 17:09:44.567 -WARN 5931 [ntLoopGroup-6-3] com.tsinghua.course.CourseApplication : null-USER_REGISTER-{"bizType":"USER_REGISTER","nickname":"jun","password":"20160000","path":"/user/register","telephone":"01025734595","username":"adfdasf"}-default-com.tsinghua.course.Biz.Controller.Params.CommonParams#fromJsonObject#39/
2021-05-22 17:09:51.669 -WARN 5931 [ntLoopGroup-6-4] com.tsinghua.course.CourseApplication : null-USER_REGISTER-{"bizType":"USER_REGISTER","nickname":"jun","password":"20160000","path":"/user/register","telephone":"0102573459115","username":"adfdasf"}-default-com.tsinghua.course.Biz.Controller.Params.CommonParams#fromJsonObject#39/
2021-05-22 17:09:58.804 -WARN 5931 [ntLoopGroup-6-5] com.tsinghua.course.CourseApplication : null-USER_REGISTER-{"bizType":"USER_REGISTER","nickname":"jun","password":"20160000","path":"/user/register","telephone":"13167352115","username":"adfdasf"}-default-com.tsinghua.course.Biz.Controller.Params.CommonParams#fromJsonObject#39/
2021-05-22 17:11:18.460 -WARN 5931 [ntLoopGroup-6-6] com.tsinghua.course.CourseApplication : null-USER_REGISTER-{"bizType":"USER_REGISTER","nickname":"jun","password":"20160000","phonenumber":"13167352115"}-UserWarn004-com.tsinghua.course.Biz.Controller.UserController#userRegister#58/
2021-05-22 17:12:06.746 -WARN 5931 [ntLoopGroup-6-7] com.tsinghua.course.CourseApplication : null-USER_REGISTER-{"bizType":"USER_REGISTER","nickname":"jun","password":"20160000","phonenumber":"13167352115"}-UserWarn004-com.tsinghua.course.Biz.Controller.UserController#userRegister#58/
2021-05-22 17:12:19.141 -WARN 5931 [ntLoopGroup-6-8] com.tsinghua.course.CourseApplication : null-USER_REGISTER-{"bizType":"USER_REGISTER","nickname":"jun","password":"20160000","phonenumber":"13167352115"}-UserWarn004-com.tsinghua.course.Biz.Controller.UserController#userRegister#58/
2021-05-22 17:15:40.093 -WARN 5957 [ntLoopGroup-6-2] com.tsinghua.course.CourseApplication : null-USER_LOGIN-{"bizType":"USER_LOGIN","password":"20160000"}-UserWarn001-com.tsinghua.course.Biz.Controller.UserController#userLogin#33/
2021-05-22 17:16:17.136 -WARN 5974 [ntLoopGroup-6-1] com.tsinghua.course.CourseApplication : wujun97-USER_LOGIN-{"bizType":"USER_LOGIN","password":"emily0202","username":"wujun97"}-UserWarn001-com.tsinghua.course.Biz.Controller.UserController#userLogin#36/
2021-05-22 17:16:23.531 -WARN 5974 [ntLoopGroup-6-2] com.tsinghua.course.CourseApplication : null-USER_REGISTER-{"bizType":"USER_REGISTER","nickname":"jun","password":"emily0202","phonenumber":"13167352115"}-UserWarn004-com.tsinghua.course.Biz.Controller.UserController#userRegister#59/
2021-05-22 17:16:25.147 -WARN 5974 [ntLoopGroup-6-3] com.tsinghua.course.CourseApplication : null-USER_REGISTER-{"bizType":"USER_REGISTER","nickname":"jun","password":"emily0202","phonenumber":"13167352115"}-UserWarn004-com.tsinghua.course.Biz.Controller.UserController#userRegister#59/
2021-05-22 17:16:26.089 -WARN 5974 [ntLoopGroup-6-4] com.tsinghua.course.CourseApplication : null-USER_REGISTER-{"bizType":"USER_REGISTER","nickname":"jun","password":"emily0202","phonenumber":"13167352115"}-UserWarn004-com.tsinghua.course.Biz.Controller.UserController#userRegister#59/
2021-05-22 17:17:22.186 -WARN 5979 [ntLoopGroup-7-2] com.tsinghua.course.CourseApplication : null-USER_LOGIN-{"bizType":"USER_LOGIN","password":"emily0202"}-UserWarn001-com.tsinghua.course.Biz.Controller.UserController#userLogin#33/
2021-05-22 17:17:23.532 -WARN 5979 [ntLoopGroup-7-3] com.tsinghua.course.CourseApplication : null-USER_LOGIN-{"bizType":"USER_LOGIN","password":"emily0202"}-UserWarn001-com.tsinghua.course.Biz.Controller.UserController#userLogin#33/
2021-05-22 17:17:25.880 -WARN 5979 [ntLoopGroup-7-4] com.tsinghua.course.CourseApplication : null-USER_LOGIN-{"bizType":"USER_LOGIN","password":"emily0202"}-UserWarn001-com.tsinghua.course.Biz.Controller.UserController#userLogin#33/
2021-05-22 17:17:26.874 -WARN 5979 [ntLoopGroup-7-5] com.tsinghua.course.CourseApplication : null-USER_LOGIN-{"bizType":"USER_LOGIN","password":"emily0202"}-UserWarn001-com.tsinghua.course.Biz.Controller.UserController#userLogin#33/
2021-05-22 17:17:29.508 -WARN 5979 [ntLoopGroup-7-6] com.tsinghua.course.CourseApplication : null-USER_LOGIN-{"bizType":"USER_LOGIN","password":"emily0202"}-UserWarn001-com.tsinghua.course.Biz.Controller.UserController#userLogin#33/
2021-05-22 17:17:31.267 -WARN 5979 [ntLoopGroup-7-7] com.tsinghua.course.CourseApplication : null-USER_LOGIN-{"bizType":"USER_LOGIN","password":"emily0202"}-UserWarn001-com.tsinghua.course.Biz.Controller.UserController#userLogin#33/
2021-05-22 17:17:37.425 -WARN 5979 [ntLoopGroup-7-8] com.tsinghua.course.CourseApplication : null-USER_LOGIN-{"bizType":"USER_LOGIN","password":"emily0202"}-UserWarn001-com.tsinghua.course.Biz.Controller.UserController#userLogin#33/
2021-05-22 17:17:38.102 -WARN 5979 [ntLoopGroup-7-9] com.tsinghua.course.CourseApplication : null-USER_LOGIN-{"bizType":"USER_LOGIN","password":"emily0202"}-UserWarn001-com.tsinghua.course.Biz.Controller.UserController#userLogin#33/
